coverage run -m pytest pandas/tests/frame/test_subclass.py::TestDataFrameSubclassing::test_subclassed_boolean_reductions
============================= test session starts ==============================
platform linux -- Python 3.8.3, pytest-5.4.3, py-1.8.1, pluggy-0.13.1
rootdir: /home/user/BugsInPy/temp/projects/pandas, inifile: setup.cfg
plugins: hypothesis-5.16.0
collected 2 items

pandas/tests/frame/test_subclass.py FF                                   [100%]

=================================== FAILURES ===================================
_______ TestDataFrameSubclassing.test_subclassed_boolean_reductions[all] _______

self = <pandas.tests.frame.test_subclass.TestDataFrameSubclassing object at 0x7f032fbf27c0>
all_boolean_reductions = 'all'

    def test_subclassed_boolean_reductions(self, all_boolean_reductions):
        # GH 25596
    
        df = tm.SubclassedDataFrame({"A": [1, 2, 3], "B": [4, 5, 6], "C": [7, 8, 9]})
        result = getattr(df, all_boolean_reductions)()
>       assert isinstance(result, tm.SubclassedSeries)
E       AssertionError: assert False
E        +  where False = isinstance(A    True\nB    True\nC    True\ndtype: bool, <class 'pandas._testing.SubclassedSeries'>)
E        +    where <class 'pandas._testing.SubclassedSeries'> = tm.SubclassedSeries

pandas/tests/frame/test_subclass.py:573: AssertionError
_______ TestDataFrameSubclassing.test_subclassed_boolean_reductions[any] _______

self = <pandas.tests.frame.test_subclass.TestDataFrameSubclassing object at 0x7f032fbb3b50>
all_boolean_reductions = 'any'

    def test_subclassed_boolean_reductions(self, all_boolean_reductions):
        # GH 25596
    
        df = tm.SubclassedDataFrame({"A": [1, 2, 3], "B": [4, 5, 6], "C": [7, 8, 9]})
        result = getattr(df, all_boolean_reductions)()
>       assert isinstance(result, tm.SubclassedSeries)
E       AssertionError: assert False
E        +  where False = isinstance(A    True\nB    True\nC    True\ndtype: bool, <class 'pandas._testing.SubclassedSeries'>)
E        +    where <class 'pandas._testing.SubclassedSeries'> = tm.SubclassedSeries

pandas/tests/frame/test_subclass.py:573: AssertionError
=========================== short test summary info ============================
FAILED pandas/tests/frame/test_subclass.py::TestDataFrameSubclassing::test_subclassed_boolean_reductions[all]
FAILED pandas/tests/frame/test_subclass.py::TestDataFrameSubclassing::test_subclassed_boolean_reductions[any]
============================== 2 failed in 0.29s ===============================
