coverage run -m pytest test/task_test.py::TaskTest::test_external_tasks_loadable
============================= test session starts ==============================
platform linux -- Python 3.8.3, pytest-5.4.3, py-1.8.1, pluggy-0.13.1
benchmark: 3.2.3 (defaults: timer=time.perf_counter disable_gc=False min_rounds=5 min_time=0.000005 max_time=1.0 calibration_precision=10 warmup=False warmup_iterations=100000)
rootdir: /home/user/BugsInPy/temp/projects/luigi
plugins: benchmark-3.2.3, requests-mock-1.8.0, sanic-1.6.1, sugar-0.9.3, cov-2.9.0
collected 1 item

test/task_test.py F                                                      [100%]

=================================== FAILURES ===================================
____________________ TaskTest.test_external_tasks_loadable _____________________

self = <task_test.TaskTest testMethod=test_external_tasks_loadable>

    def test_external_tasks_loadable(self):
>       task = load_task("luigi", "ExternalTask", {})

test/task_test.py:60: 
_ _ _ _ _ _ _ _ _ _ _ _ _ _ _ _ _ _ _ _ _ _ _ _ _ _ _ _ _ _ _ _ _ _ _ _ _ _ _ _ 
luigi/task_register.py:201: in load_task
    task_cls = Register.get_task_cls(task_name)
_ _ _ _ _ _ _ _ _ _ _ _ _ _ _ _ _ _ _ _ _ _ _ _ _ _ _ _ _ _ _ _ _ _ _ _ _ _ _ _ 

cls = <class 'luigi.task_register.Register'>, name = 'ExternalTask'

    @classmethod
    def get_task_cls(cls, name):
        """
        Returns an unambiguous class or raises an exception.
        """
        task_cls = cls.__get_reg().get(name)
        if not task_cls:
>           raise TaskClassException('Task %r not found. Candidates are: %s' % (name, cls.tasks_str()))
E           luigi.task_register.TaskClassException: Task 'ExternalTask' not found. Candidates are: Config,DummyTask,RangeBase,RangeDaily,RangeDailyBase,RangeHourly,RangeHourlyBase,Task,WrapperTask,core,scheduler,worker

luigi/task_register.py:175: TaskClassException
=========================== short test summary info ============================
FAILED test/task_test.py::TaskTest::test_external_tasks_loadable - luigi.task...
============================== 1 failed in 0.17s ===============================
