coverage run -m pytest pandas/tests/arithmetic/test_numeric.py::test_fill_value_inf_masking
============================= test session starts ==============================
platform linux -- Python 3.8.3, pytest-5.4.3, py-1.8.1, pluggy-0.13.1
rootdir: /home/user/BugsInPy/temp/projects/pandas, inifile: setup.cfg
plugins: hypothesis-5.16.0
collected 1 item

pandas/tests/arithmetic/test_numeric.py F                                [100%]

=================================== FAILURES ===================================
_________________________ test_fill_value_inf_masking __________________________

    def test_fill_value_inf_masking():
        # GH #27464 make sure we mask 0/1 with Inf and not NaN
        df = pd.DataFrame({"A": [0, 1, 2], "B": [1.1, None, 1.1]})
    
        other = pd.DataFrame({"A": [1.1, 1.2, 1.3]}, index=[0, 2, 3])
    
        result = df.rfloordiv(other, fill_value=1)
    
        expected = pd.DataFrame(
            {"A": [np.inf, 1.0, 0.0, 1.0], "B": [0.0, np.nan, 0.0, np.nan]}
        )
>       tm.assert_frame_equal(result, expected)

pandas/tests/arithmetic/test_numeric.py:1243: 
_ _ _ _ _ _ _ _ _ _ _ _ _ _ _ _ _ _ _ _ _ _ _ _ _ _ _ _ _ _ _ _ _ _ _ _ _ _ _ _ 
pandas/_libs/testing.pyx:65: in pandas._libs.testing.assert_almost_equal
    cpdef assert_almost_equal(a, b,
_ _ _ _ _ _ _ _ _ _ _ _ _ _ _ _ _ _ _ _ _ _ _ _ _ _ _ _ _ _ _ _ _ _ _ _ _ _ _ _ 

>   raise_assert_detail(obj, msg, lobj, robj)
E   AssertionError: DataFrame.iloc[:, 0] are different
E   
E   DataFrame.iloc[:, 0] values are different (25.0 %)
E   [left]:  [nan, 1.0, 0.0, 1.0]
E   [right]: [inf, 1.0, 0.0, 1.0]

pandas/_libs/testing.pyx:178: AssertionError
=============================== warnings summary ===============================
pandas/tests/arithmetic/test_numeric.py::test_fill_value_inf_masking
  /home/user/BugsInPy/temp/projects/pandas/pandas/core/ops/roperator.py:29: RuntimeWarning: invalid value encountered in floor_divide
    return right // left

-- Docs: https://docs.pytest.org/en/latest/warnings.html
=========================== short test summary info ============================
FAILED pandas/tests/arithmetic/test_numeric.py::test_fill_value_inf_masking
========================= 1 failed, 1 warning in 0.38s =========================

coverage run -m pytest pandas/tests/arithmetic/test_numeric.py::test_dataframe_div_silenced
============================= test session starts ==============================
platform linux -- Python 3.8.3, pytest-5.4.3, py-1.8.1, pluggy-0.13.1
rootdir: /home/user/BugsInPy/temp/projects/pandas, inifile: setup.cfg
plugins: hypothesis-5.16.0
collected 1 item

pandas/tests/arithmetic/test_numeric.py F                                [100%]

=================================== FAILURES ===================================
_________________________ test_dataframe_div_silenced __________________________

    def test_dataframe_div_silenced():
        # GH#26793
        pdf1 = pd.DataFrame(
            {
                "A": np.arange(10),
                "B": [np.nan, 1, 2, 3, 4] * 2,
                "C": [np.nan] * 10,
                "D": np.arange(10),
            },
            index=list("abcdefghij"),
            columns=list("ABCD"),
        )
        pdf2 = pd.DataFrame(
            np.random.randn(10, 4), index=list("abcdefghjk"), columns=list("ABCX")
        )
        with tm.assert_produces_warning(None):
>           pdf1.div(pdf2, fill_value=0)

pandas/tests/arithmetic/test_numeric.py:1262: 
_ _ _ _ _ _ _ _ _ _ _ _ _ _ _ _ _ _ _ _ _ _ _ _ _ _ _ _ _ _ _ _ _ _ _ _ _ _ _ _ 

self = <contextlib._GeneratorContextManager object at 0x7f4929bf6d60>
type = None, value = None, traceback = None

    def __exit__(self, type, value, traceback):
        if type is None:
            try:
>               next(self.gen)
E               AssertionError: Caused unexpected warning(s): [('RuntimeWarning', RuntimeWarning('divide by zero encountered in true_divide'), '/home/user/BugsInPy/temp/projects/pandas/pandas/core/frame.py', 5302), ('RuntimeWarning', RuntimeWarning('invalid value encountered in true_divide'), '/home/user/BugsInPy/temp/projects/pandas/pandas/core/frame.py', 5302)].

/opt/conda/envs/263f0927547b8cdc364eff80672e928c/lib/python3.8/contextlib.py:120: AssertionError
=========================== short test summary info ============================
FAILED pandas/tests/arithmetic/test_numeric.py::test_dataframe_div_silenced
============================== 1 failed in 0.35s ===============================
