coverage run -m pytest tests/test_forms_from_non_typing_sequences.py::test_python_list_param_as_form
============================= test session starts ==============================
platform linux -- Python 3.8.3, pytest-5.4.3, py-1.8.1, pluggy-0.13.1
rootdir: /home/user/BugsInPy/temp/projects/fastapi
plugins: cov-2.9.0
collected 1 item

tests/test_forms_from_non_typing_sequences.py F                          [100%]

=================================== FAILURES ===================================
________________________ test_python_list_param_as_form ________________________

    def test_python_list_param_as_form():
        response = client.post(
            "/form/python-list", data={"items": ["first", "second", "third"]}
        )
>       assert response.status_code == 200
E       assert 422 == 200
E        +  where 422 = <Response [422]>.status_code

tests/test_forms_from_non_typing_sequences.py:29: AssertionError
=============================== warnings summary ===============================
/opt/conda/envs/e22995067de84b5655026e5ebb62b5bf/lib/python3.8/site-packages/aiofiles/os.py:10
/opt/conda/envs/e22995067de84b5655026e5ebb62b5bf/lib/python3.8/site-packages/aiofiles/os.py:10
/opt/conda/envs/e22995067de84b5655026e5ebb62b5bf/lib/python3.8/site-packages/aiofiles/os.py:10
/opt/conda/envs/e22995067de84b5655026e5ebb62b5bf/lib/python3.8/site-packages/aiofiles/os.py:10
/opt/conda/envs/e22995067de84b5655026e5ebb62b5bf/lib/python3.8/site-packages/aiofiles/os.py:10
/opt/conda/envs/e22995067de84b5655026e5ebb62b5bf/lib/python3.8/site-packages/aiofiles/os.py:10
  /opt/conda/envs/e22995067de84b5655026e5ebb62b5bf/lib/python3.8/site-packages/aiofiles/os.py:10: DeprecationWarning: "@coroutine" decorator is deprecated since Python 3.8, use "async def" instead
    def run(*args, loop=None, executor=None, **kwargs):

-- Docs: https://docs.pytest.org/en/latest/warnings.html
=========================== short test summary info ============================
FAILED tests/test_forms_from_non_typing_sequences.py::test_python_list_param_as_form
======================== 1 failed, 6 warnings in 0.57s =========================

coverage run -m pytest tests/test_forms_from_non_typing_sequences.py::test_python_set_param_as_form
============================= test session starts ==============================
platform linux -- Python 3.8.3, pytest-5.4.3, py-1.8.1, pluggy-0.13.1
rootdir: /home/user/BugsInPy/temp/projects/fastapi
plugins: cov-2.9.0
collected 1 item

tests/test_forms_from_non_typing_sequences.py F                          [100%]

=================================== FAILURES ===================================
________________________ test_python_set_param_as_form _________________________

    def test_python_set_param_as_form():
        response = client.post(
            "/form/python-set", data={"items": ["first", "second", "third"]}
        )
>       assert response.status_code == 200
E       assert 422 == 200
E        +  where 422 = <Response [422]>.status_code

tests/test_forms_from_non_typing_sequences.py:37: AssertionError
=============================== warnings summary ===============================
/opt/conda/envs/e22995067de84b5655026e5ebb62b5bf/lib/python3.8/site-packages/aiofiles/os.py:10
/opt/conda/envs/e22995067de84b5655026e5ebb62b5bf/lib/python3.8/site-packages/aiofiles/os.py:10
/opt/conda/envs/e22995067de84b5655026e5ebb62b5bf/lib/python3.8/site-packages/aiofiles/os.py:10
/opt/conda/envs/e22995067de84b5655026e5ebb62b5bf/lib/python3.8/site-packages/aiofiles/os.py:10
/opt/conda/envs/e22995067de84b5655026e5ebb62b5bf/lib/python3.8/site-packages/aiofiles/os.py:10
/opt/conda/envs/e22995067de84b5655026e5ebb62b5bf/lib/python3.8/site-packages/aiofiles/os.py:10
  /opt/conda/envs/e22995067de84b5655026e5ebb62b5bf/lib/python3.8/site-packages/aiofiles/os.py:10: DeprecationWarning: "@coroutine" decorator is deprecated since Python 3.8, use "async def" instead
    def run(*args, loop=None, executor=None, **kwargs):

-- Docs: https://docs.pytest.org/en/latest/warnings.html
=========================== short test summary info ============================
FAILED tests/test_forms_from_non_typing_sequences.py::test_python_set_param_as_form
======================== 1 failed, 6 warnings in 0.53s =========================

coverage run -m pytest tests/test_forms_from_non_typing_sequences.py::test_python_tuple_param_as_form
============================= test session starts ==============================
platform linux -- Python 3.8.3, pytest-5.4.3, py-1.8.1, pluggy-0.13.1
rootdir: /home/user/BugsInPy/temp/projects/fastapi
plugins: cov-2.9.0
collected 1 item

tests/test_forms_from_non_typing_sequences.py F                          [100%]

=================================== FAILURES ===================================
_______________________ test_python_tuple_param_as_form ________________________

    def test_python_tuple_param_as_form():
        response = client.post(
            "/form/python-tuple", data={"items": ["first", "second", "third"]}
        )
>       assert response.status_code == 200
E       assert 422 == 200
E        +  where 422 = <Response [422]>.status_code

tests/test_forms_from_non_typing_sequences.py:45: AssertionError
=============================== warnings summary ===============================
/opt/conda/envs/e22995067de84b5655026e5ebb62b5bf/lib/python3.8/site-packages/aiofiles/os.py:10
/opt/conda/envs/e22995067de84b5655026e5ebb62b5bf/lib/python3.8/site-packages/aiofiles/os.py:10
/opt/conda/envs/e22995067de84b5655026e5ebb62b5bf/lib/python3.8/site-packages/aiofiles/os.py:10
/opt/conda/envs/e22995067de84b5655026e5ebb62b5bf/lib/python3.8/site-packages/aiofiles/os.py:10
/opt/conda/envs/e22995067de84b5655026e5ebb62b5bf/lib/python3.8/site-packages/aiofiles/os.py:10
/opt/conda/envs/e22995067de84b5655026e5ebb62b5bf/lib/python3.8/site-packages/aiofiles/os.py:10
  /opt/conda/envs/e22995067de84b5655026e5ebb62b5bf/lib/python3.8/site-packages/aiofiles/os.py:10: DeprecationWarning: "@coroutine" decorator is deprecated since Python 3.8, use "async def" instead
    def run(*args, loop=None, executor=None, **kwargs):

-- Docs: https://docs.pytest.org/en/latest/warnings.html
=========================== short test summary info ============================
FAILED tests/test_forms_from_non_typing_sequences.py::test_python_tuple_param_as_form
======================== 1 failed, 6 warnings in 0.52s =========================
