coverage run -m pytest pandas/tests/indexes/period/test_indexing.py::TestWhere::test_where_invalid_dtypes
============================= test session starts ==============================
platform linux -- Python 3.8.3, pytest-5.4.3, py-1.8.1, pluggy-0.13.1
rootdir: /home/user/BugsInPy/temp/projects/pandas, inifile: setup.cfg
plugins: hypothesis-5.16.0
collected 1 item

pandas/tests/indexes/period/test_indexing.py F                           [100%]

=================================== FAILURES ===================================
_____________________ TestWhere.test_where_invalid_dtypes ______________________

self = <pandas.tests.indexes.period.test_indexing.TestWhere object at 0x7fa5b30682b0>

    def test_where_invalid_dtypes(self):
        pi = period_range("20130101", periods=5, freq="D")
    
        i2 = pi.copy()
        i2 = pd.PeriodIndex([pd.NaT, pd.NaT] + pi[2:].tolist(), freq="D")
    
        with pytest.raises(TypeError, match="Where requires matching dtype"):
>           pi.where(notna(i2), i2.asi8)
E           Failed: DID NOT RAISE <class 'TypeError'>

pandas/tests/indexes/period/test_indexing.py:245: Failed
=========================== short test summary info ============================
FAILED pandas/tests/indexes/period/test_indexing.py::TestWhere::test_where_invalid_dtypes
============================== 1 failed in 0.26s ===============================
