coverage run -m pytest test/task_test.py::TaskTest::test_task_to_str_to_task
============================= test session starts ==============================
platform linux -- Python 3.8.3, pytest-5.4.3, py-1.8.1, pluggy-0.13.1
benchmark: 3.2.3 (defaults: timer=time.perf_counter disable_gc=False min_rounds=5 min_time=0.000005 max_time=1.0 calibration_precision=10 warmup=False warmup_iterations=100000)
rootdir: /home/user/BugsInPy/temp/projects/luigi
plugins: benchmark-3.2.3, requests-mock-1.8.0, sanic-1.6.1, sugar-0.9.3, cov-2.9.0
collected 1 item

test/task_test.py F                                                      [100%]

=================================== FAILURES ===================================
______________________ TaskTest.test_task_to_str_to_task _______________________

self = <task_test.TaskTest testMethod=test_task_to_str_to_task>

    def test_task_to_str_to_task(self):
        params = dict(
            param='test',
            bool_param=True,
            int_param=666,
            float_param=123.456,
            date_param=datetime(2014, 9, 13).date(),
            datehour_param=datetime(2014, 9, 13, 9),
            timedelta_param=timedelta(44),  # doesn't support seconds
            list_param=['in', 'flames'],
            insignificant_param='test')
    
        original = DummyTask(**params)
>       other = DummyTask.from_str_params(original.to_str_params())

test/task_test.py:58: 
_ _ _ _ _ _ _ _ _ _ _ _ _ _ _ _ _ _ _ _ _ _ _ _ _ _ _ _ _ _ _ _ _ _ _ _ _ _ _ _ 

cls = <class 'task_test.DummyTask'>
params_str = {'bool_param': 'True', 'date_param': '2014-09-13', 'datehour_param': '2014-09-13T09', 'float_param': '123.456', ...}

    @classmethod
    def from_str_params(cls, params_str=None):
        """
        Creates an instance from a str->str hash.
    
        :param params_str: dict of param name -> value.
        """
        if params_str is None:
            params_str = {}
        kwargs = {}
        for param_name, param in cls.get_params():
>           value = param.parse_from_input(param_name, params_str[param_name])
E           KeyError: 'insignificant_param'

luigi/task.py:297: KeyError
=============================== warnings summary ===============================
luigi/parameter.py:580
  /home/user/BugsInPy/temp/projects/luigi/luigi/parameter.py:580: DeprecationWarning: invalid escape sequence \d
    return "(?P<%s>\d+)%s" % (key, key[0].upper())

luigi/parameter.py:592
  /home/user/BugsInPy/temp/projects/luigi/luigi/parameter.py:592: DeprecationWarning: invalid escape sequence \d
    regex = "".join(["((?P<%s>\d+) ?%s(%s)?(%s)? ?)?" % (k, k[0], k[1:-1], k[-1]) for k in keys])

-- Docs: https://docs.pytest.org/en/latest/warnings.html
=========================== short test summary info ============================
FAILED test/task_test.py::TaskTest::test_task_to_str_to_task - KeyError: 'ins...
======================== 1 failed, 2 warnings in 0.19s =========================
