coverage run -m unittest -q tests.test_black.BlackTestCase.test_empty
======================================================================
ERROR: test_empty (tests.test_black.BlackTestCase)
----------------------------------------------------------------------
Traceback (most recent call last):
  File "/opt/conda/envs/000e642a2238316a31276b441184e2a5/lib/python3.8/unittest/mock.py", line 1325, in patched
    return func(*newargs, **newkeywargs)
  File "/home/user/BugsInPy/temp/projects/black/tests/test_black.py", line 106, in test_empty
    actual = fs(source)
  File "/home/user/BugsInPy/temp/projects/black/black.py", line 577, in format_str
    src_node = lib2to3_parse(src_contents)
  File "/home/user/BugsInPy/temp/projects/black/black.py", line 626, in lib2to3_parse
    if src_txt[-1] != "\n":
IndexError: string index out of range

----------------------------------------------------------------------
Ran 1 test in 0.001s

FAILED (errors=1)
