coverage run -m pytest tests/test_types.py::TestCorrectedCommand::test_equality
============================= test session starts ==============================
platform linux -- Python 3.7.0, pytest-3.10.1, py-1.8.1, pluggy-0.13.1
benchmark: 3.2.3 (defaults: timer=time.perf_counter disable_gc=False min_rounds=5 min_time=0.000005 max_time=1.0 calibration_precision=10 warmup=False warmup_iterations=100000)
rootdir: /home/user/BugsInPy/temp/projects/thefuck, inifile:
plugins: benchmark-3.2.3, mock-3.1.0, docker-pexpect-0.9
collected 1 item

tests/test_types.py F                                                    [100%]

=================================== FAILURES ===================================
______________________ TestCorrectedCommand.test_equality ______________________

self = <tests.test_types.TestCorrectedCommand object at 0x7f1fc5b16940>

    def test_equality(self):
>       assert CorrectedCommand('ls', None, 100) == \
               CorrectedCommand('ls', None, 200)
E       assert CorrectedComm... priority=100) == CorrectedComma... priority=200)
E         At index 2 diff: 100 != 200
E         Use -v to get the full diff

tests/test_types.py:52: AssertionError
=========================== 1 failed in 0.08 seconds ===========================

coverage run -m pytest tests/test_types.py::TestCorrectedCommand::test_hashable
============================= test session starts ==============================
platform linux -- Python 3.7.0, pytest-3.10.1, py-1.8.1, pluggy-0.13.1
benchmark: 3.2.3 (defaults: timer=time.perf_counter disable_gc=False min_rounds=5 min_time=0.000005 max_time=1.0 calibration_precision=10 warmup=False warmup_iterations=100000)
rootdir: /home/user/BugsInPy/temp/projects/thefuck, inifile:
plugins: benchmark-3.2.3, mock-3.1.0, docker-pexpect-0.9
collected 1 item

tests/test_types.py F                                                    [100%]

=================================== FAILURES ===================================
______________________ TestCorrectedCommand.test_hashable ______________________

self = <tests.test_types.TestCorrectedCommand object at 0x7feb7e9628d0>

    def test_hashable(self):
>       assert {CorrectedCommand('ls', None, 100),
                CorrectedCommand('ls', None, 200)} == {CorrectedCommand('ls')}
E       AssertionError: assert {CorrectedCom...priority=200)} == {CorrectedComm...riority=1000)}
E         Extra items in the left set:
E         CorrectedCommand(script='ls', side_effect=None, priority=200)
E         CorrectedCommand(script='ls', side_effect=None, priority=100)
E         Extra items in the right set:
E         CorrectedCommand(script='ls', side_effect=None, priority=1000)
E         Use -v to get the full diff

tests/test_types.py:58: AssertionError
=========================== 1 failed in 0.08 seconds ===========================
