coverage run -m pytest pandas/tests/extension/test_categorical.py::TestComparisonOps::test_not_equal_with_na
============================= test session starts ==============================
platform linux -- Python 3.8.3, pytest-5.4.2, py-1.8.1, pluggy-0.13.1
rootdir: /home/user/BugsInPy/temp/projects/pandas, inifile: setup.cfg
plugins: hypothesis-5.15.1
collected 3 items

pandas/tests/extension/test_categorical.py FFF                           [100%]

=================================== FAILURES ===================================
____________ TestComparisonOps.test_not_equal_with_na[categories0] _____________

self = <pandas.tests.extension.test_categorical.TestComparisonOps object at 0x7f9ac7600c70>
categories = ['a', 'b']

    @pytest.mark.parametrize(
        "categories",
        [["a", "b"], [0, 1], [pd.Timestamp("2019"), pd.Timestamp("2020")]],
    )
    def test_not_equal_with_na(self, categories):
        # https://github.com/pandas-dev/pandas/issues/32276
        c1 = Categorical.from_codes([-1, 0], categories=categories)
        c2 = Categorical.from_codes([0, 1], categories=categories)
    
        result = c1 != c2
    
>       assert result.all()
E       assert False
E        +  where False = <built-in method all of numpy.ndarray object at 0x7f9ac75a6f30>()
E        +    where <built-in method all of numpy.ndarray object at 0x7f9ac75a6f30> = array([False,  True]).all

pandas/tests/extension/test_categorical.py:296: AssertionError
____________ TestComparisonOps.test_not_equal_with_na[categories1] _____________

self = <pandas.tests.extension.test_categorical.TestComparisonOps object at 0x7f9ac75a4a60>
categories = [0, 1]

    @pytest.mark.parametrize(
        "categories",
        [["a", "b"], [0, 1], [pd.Timestamp("2019"), pd.Timestamp("2020")]],
    )
    def test_not_equal_with_na(self, categories):
        # https://github.com/pandas-dev/pandas/issues/32276
        c1 = Categorical.from_codes([-1, 0], categories=categories)
        c2 = Categorical.from_codes([0, 1], categories=categories)
    
        result = c1 != c2
    
>       assert result.all()
E       assert False
E        +  where False = <built-in method all of numpy.ndarray object at 0x7f9ac74ed080>()
E        +    where <built-in method all of numpy.ndarray object at 0x7f9ac74ed080> = array([False,  True]).all

pandas/tests/extension/test_categorical.py:296: AssertionError
____________ TestComparisonOps.test_not_equal_with_na[categories2] _____________

self = <pandas.tests.extension.test_categorical.TestComparisonOps object at 0x7f9ac74ee880>
categories = [Timestamp('2019-01-01 00:00:00'), Timestamp('2020-01-01 00:00:00')]

    @pytest.mark.parametrize(
        "categories",
        [["a", "b"], [0, 1], [pd.Timestamp("2019"), pd.Timestamp("2020")]],
    )
    def test_not_equal_with_na(self, categories):
        # https://github.com/pandas-dev/pandas/issues/32276
        c1 = Categorical.from_codes([-1, 0], categories=categories)
        c2 = Categorical.from_codes([0, 1], categories=categories)
    
        result = c1 != c2
    
>       assert result.all()
E       assert False
E        +  where False = <built-in method all of numpy.ndarray object at 0x7f9ac74fc800>()
E        +    where <built-in method all of numpy.ndarray object at 0x7f9ac74fc800> = array([False,  True]).all

pandas/tests/extension/test_categorical.py:296: AssertionError
=========================== short test summary info ============================
FAILED pandas/tests/extension/test_categorical.py::TestComparisonOps::test_not_equal_with_na[categories0]
FAILED pandas/tests/extension/test_categorical.py::TestComparisonOps::test_not_equal_with_na[categories1]
FAILED pandas/tests/extension/test_categorical.py::TestComparisonOps::test_not_equal_with_na[categories2]
============================== 3 failed in 0.24s ===============================
