coverage run -m pytest pandas/tests/io/formats/test_to_csv.py::TestToCSV::test_to_csv_na_rep_long_string
============================= test session starts ==============================
platform linux -- Python 3.8.3, pytest-5.4.3, py-1.8.1, pluggy-0.13.1
rootdir: /home/user/BugsInPy/temp/projects/pandas, inifile: setup.cfg
plugins: hypothesis-5.16.0
collected 1 item

pandas/tests/io/formats/test_to_csv.py F                                 [100%]

=================================== FAILURES ===================================
_______________ TestToCSV.test_to_csv_na_rep_long_string[Int64] ________________

self = <pandas.tests.io.formats.test_to_csv.TestToCSV object at 0x7f8f66a33e50>
df_new_type = 'Int64'

    @pytest.mark.parametrize("df_new_type", ["Int64"])
    def test_to_csv_na_rep_long_string(self, df_new_type):
        # see gh-25099
        df = pd.DataFrame({"c": [float("nan")] * 3})
        df = df.astype(df_new_type)
        expected_rows = ["c", "mynull", "mynull", "mynull"]
        expected = tm.convert_rows_list_to_csv_str(expected_rows)
    
        result = df.to_csv(index=False, na_rep="mynull", encoding="ascii")
    
>       assert expected == result
E       AssertionError: assert 'c\nmynull\nmynull\nmynull\n' == 'c\nmyn\nmyn\nmyn\n'
E           c
E         - myn
E         - myn
E         - myn
E         + mynull
E         + mynull
E         + mynull

pandas/tests/io/formats/test_to_csv.py:569: AssertionError
=========================== short test summary info ============================
FAILED pandas/tests/io/formats/test_to_csv.py::TestToCSV::test_to_csv_na_rep_long_string[Int64]
============================== 1 failed in 0.28s ===============================
