coverage run -m pytest tests/test_filter_pydantic_sub_model.py::test_filter_sub_model
============================= test session starts ==============================
platform linux -- Python 3.8.3, pytest-5.4.3, py-1.8.1, pluggy-0.13.1
rootdir: /home/user/BugsInPy/temp/projects/fastapi
plugins: cov-2.9.0
collected 1 item

tests/test_filter_pydantic_sub_model.py F                                [100%]

=================================== FAILURES ===================================
____________________________ test_filter_sub_model _____________________________

    def test_filter_sub_model():
        response = client.get("/model")
        assert response.status_code == 200
>       assert response.json() == {
            "name": "model-a-name",
            "description": "model-a-desc",
            "model_b": {"username": "test-user"},
        }
E       AssertionError: assert {'description...model-a-name'} == {'description...model-a-name'}
E         Omitting 2 identical items, use -vv to show
E         Differing items:
E         {'model_b': {'password': 'test-password', 'username': 'test-user'}} != {'model_b': {'username': 'test-user'}}
E         Use -v to get the full diff

tests/test_filter_pydantic_sub_model.py:87: AssertionError
=============================== warnings summary ===============================
/opt/conda/envs/e22995067de84b5655026e5ebb62b5bf/lib/python3.8/site-packages/aiofiles/os.py:10
/opt/conda/envs/e22995067de84b5655026e5ebb62b5bf/lib/python3.8/site-packages/aiofiles/os.py:10
/opt/conda/envs/e22995067de84b5655026e5ebb62b5bf/lib/python3.8/site-packages/aiofiles/os.py:10
/opt/conda/envs/e22995067de84b5655026e5ebb62b5bf/lib/python3.8/site-packages/aiofiles/os.py:10
/opt/conda/envs/e22995067de84b5655026e5ebb62b5bf/lib/python3.8/site-packages/aiofiles/os.py:10
/opt/conda/envs/e22995067de84b5655026e5ebb62b5bf/lib/python3.8/site-packages/aiofiles/os.py:10
  /opt/conda/envs/e22995067de84b5655026e5ebb62b5bf/lib/python3.8/site-packages/aiofiles/os.py:10: DeprecationWarning: "@coroutine" decorator is deprecated since Python 3.8, use "async def" instead
    def run(*args, loop=None, executor=None, **kwargs):

-- Docs: https://docs.pytest.org/en/latest/warnings.html
=========================== short test summary info ============================
FAILED tests/test_filter_pydantic_sub_model.py::test_filter_sub_model - Asser...
======================== 1 failed, 6 warnings in 0.48s =========================
