coverage run -m pytest pandas/tests/indexes/multi/test_get_level_values.py::test_get_level_values_when_periods
============================= test session starts ==============================
platform linux -- Python 3.8.3, pytest-5.4.2, py-1.8.1, pluggy-0.13.1
rootdir: /home/user/BugsInPy/temp/projects/pandas, inifile: setup.cfg
plugins: hypothesis-5.15.1
collected 1 item

pandas/tests/indexes/multi/test_get_level_values.py F                    [100%]

=================================== FAILURES ===================================
______________________ test_get_level_values_when_periods ______________________

    def test_get_level_values_when_periods():
        # GH33131. See also discussion in GH32669.
        # This test can probably be removed when PeriodIndex._engine is removed.
        from pandas import Period, PeriodIndex
    
        idx = MultiIndex.from_arrays(
            [PeriodIndex([Period("2019Q1"), Period("2019Q2")], name="b")]
        )
        idx2 = MultiIndex.from_arrays(
            [idx._get_level_values(level) for level in range(idx.nlevels)]
        )
>       assert all(x.is_monotonic for x in idx2.levels)

pandas/tests/indexes/multi/test_get_level_values.py:105: 
_ _ _ _ _ _ _ _ _ _ _ _ _ _ _ _ _ _ _ _ _ _ _ _ _ _ _ _ _ _ _ _ _ _ _ _ _ _ _ _ 
pandas/tests/indexes/multi/test_get_level_values.py:105: in <genexpr>
    assert all(x.is_monotonic for x in idx2.levels)
pandas/core/indexes/base.py:1548: in is_monotonic
    return self.is_monotonic_increasing
pandas/core/indexes/base.py:1565: in is_monotonic_increasing
    return self._engine.is_monotonic_increasing
pandas/_libs/index.pyx:172: in pandas._libs.index.IndexEngine.is_monotonic_increasing.__get__
    self._do_monotonic_check()
pandas/_libs/index.pyx:187: in pandas._libs.index.IndexEngine._do_monotonic_check
    values = self._get_index_values()
_ _ _ _ _ _ _ _ _ _ _ _ _ _ _ _ _ _ _ _ _ _ _ _ _ _ _ _ _ _ _ _ _ _ _ _ _ _ _ _ 

>   return super(PeriodEngine, self).vgetter().view("i8")
E   AttributeError: 'NoneType' object has no attribute 'view'

pandas/_libs/index.pyx:499: AttributeError
=========================== short test summary info ============================
FAILED pandas/tests/indexes/multi/test_get_level_values.py::test_get_level_values_when_periods
============================== 1 failed in 0.33s ===============================
