coverage run -m pytest pandas/tests/arithmetic/test_period.py::TestPeriodIndexSeriesMethods::test_pi_sub_period
============================= test session starts ==============================
platform linux -- Python 3.8.3, pytest-5.4.2, py-1.8.1, pluggy-0.13.1
rootdir: /home/user/BugsInPy/temp/projects/pandas, inifile: setup.cfg
plugins: hypothesis-5.15.1
collected 1 item

pandas/tests/arithmetic/test_period.py F                                 [100%]

=================================== FAILURES ===================================
_______________ TestPeriodIndexSeriesMethods.test_pi_sub_period ________________

self = <pandas.tests.arithmetic.test_period.TestPeriodIndexSeriesMethods object at 0x7fb15ad4a130>

    def test_pi_sub_period(self):
        # GH#13071
        idx = PeriodIndex(
            ["2011-01", "2011-02", "2011-03", "2011-04"], freq="M", name="idx"
        )
    
        result = idx - pd.Period("2012-01", freq="M")
        off = idx.freq
        exp = pd.Index([-12 * off, -11 * off, -10 * off, -9 * off], name="idx")
        tm.assert_index_equal(result, exp)
    
        result = np.subtract(idx, pd.Period("2012-01", freq="M"))
        tm.assert_index_equal(result, exp)
    
        result = pd.Period("2012-01", freq="M") - idx
        exp = pd.Index([12 * off, 11 * off, 10 * off, 9 * off], name="idx")
        tm.assert_index_equal(result, exp)
    
        result = np.subtract(pd.Period("2012-01", freq="M"), idx)
        tm.assert_index_equal(result, exp)
    
        exp = pd.TimedeltaIndex([np.nan, np.nan, np.nan, np.nan], name="idx")
        result = idx - pd.Period("NaT", freq="M")
        tm.assert_index_equal(result, exp)
>       assert result.freq == exp.freq
E       AssertionError: assert <MonthEnd> == None
E        +  where <MonthEnd> = TimedeltaIndex([NaT, NaT, NaT, NaT], dtype='timedelta64[ns]', name='idx', freq='M').freq
E        +  and   None = TimedeltaIndex([NaT, NaT, NaT, NaT], dtype='timedelta64[ns]', name='idx', freq=None).freq

pandas/tests/arithmetic/test_period.py:1449: AssertionError
=========================== short test summary info ============================
FAILED pandas/tests/arithmetic/test_period.py::TestPeriodIndexSeriesMethods::test_pi_sub_period
============================== 1 failed in 0.25s ===============================
