coverage run -m pytest pandas/tests/internals/test_internals.py::test_dataframe_not_equal
============================= test session starts ==============================
platform linux -- Python 3.8.3, pytest-5.4.3, py-1.8.1, pluggy-0.13.1
rootdir: /home/user/BugsInPy/temp/projects/pandas, inifile: setup.cfg
plugins: hypothesis-5.16.0
collected 1 item

pandas/tests/internals/test_internals.py F                               [100%]

=================================== FAILURES ===================================
___________________________ test_dataframe_not_equal ___________________________

    def test_dataframe_not_equal():
        # see GH28839
        df1 = pd.DataFrame({"a": [1, 2], "b": ["s", "d"]})
        df2 = pd.DataFrame({"a": ["s", "d"], "b": [1, 2]})
>       assert df1.equals(df2) is False
E       assert True is False
E        +  where True = <bound method NDFrame.equals of    a  b\n0  1  s\n1  2  d>(   a  b\n0  s  1\n1  d  2)
E        +    where <bound method NDFrame.equals of    a  b\n0  1  s\n1  2  d> =    a  b\n0  1  s\n1  2  d.equals

pandas/tests/internals/test_internals.py:1306: AssertionError
=========================== short test summary info ============================
FAILED pandas/tests/internals/test_internals.py::test_dataframe_not_equal - a...
============================== 1 failed in 0.35s ===============================
