coverage run -m unittest -q tornado.test.web_test.StaticFileTest.test_path_traversal_protection
WARNING:tornado.access:404 HEAD /static/../static_foo.txt (127.0.0.1) 0.61ms
WARNING:tornado.access:404 GET /static/../static_foo.txt (127.0.0.1) 0.45ms
======================================================================
ERROR: test_path_traversal_protection (tornado.test.web_test.StaticFileTest)
----------------------------------------------------------------------
Traceback (most recent call last):
  File "/home/user/BugsInPy/temp/projects/tornado/tornado/testing.py", line 120, in __call__
    result = self.orig_method(*args, **kwargs)
  File "/home/user/BugsInPy/temp/projects/tornado/tornado/test/web_test.py", line 1186, in test_path_traversal_protection
    response = self.get_and_head('/static/../static_foo.txt')
  File "/home/user/BugsInPy/temp/projects/tornado/tornado/testing.py", line 613, in __exit__
    raise Exception("did not get expected log message")
Exception: did not get expected log message

----------------------------------------------------------------------
Ran 1 test in 0.010s

FAILED (errors=1)
