coverage run -m pytest lib/matplotlib/tests/test_collections.py::test_EventCollection_nosort
============================= test session starts ==============================
platform linux -- Python 3.8.1, pytest-7.4.0, pluggy-1.0.0
rootdir: /home/user/BugsInPy/temp/projects/matplotlib
configfile: pytest.ini
collected 1 item

lib/matplotlib/tests/test_collections.py F                               [100%]

=================================== FAILURES ===================================
_________________________ test_EventCollection_nosort __________________________

    def test_EventCollection_nosort():
        # Check that EventCollection doesn't modify input in place
        arr = np.array([3, 2, 1, 10])
        coll = EventCollection(arr)
>       np.testing.assert_array_equal(arr, np.array([3, 2, 1, 10]))

lib/matplotlib/tests/test_collections.py:730: 
_ _ _ _ _ _ _ _ _ _ _ _ _ _ _ _ _ _ _ _ _ _ _ _ _ _ _ _ _ _ _ _ _ _ _ _ _ _ _ _ 

args = (<built-in function eq>, array([ 1,  2,  3, 10]), array([ 3,  2,  1, 10]))
kwds = {'err_msg': '', 'header': 'Arrays are not equal', 'strict': False, 'verbose': True}

    @wraps(func)
    def inner(*args, **kwds):
        with self._recreate_cm():
>           return func(*args, **kwds)
E           AssertionError: 
E           Arrays are not equal
E           
E           Mismatched elements: 2 / 4 (50%)
E           Max absolute difference: 2
E           Max relative difference: 2.
E            x: array([ 1,  2,  3, 10])
E            y: array([ 3,  2,  1, 10])

/opt/conda/envs/96e55cef081ba1a7fa5bef32944f9ae7/lib/python3.8/contextlib.py:75: AssertionError
------------------------------ Captured log setup ------------------------------
WARNING  matplotlib.testing:__init__.py:39 Could not set locale to English/United States. Some date-related tests may fail.
=============================== warnings summary ===============================
lib/matplotlib/__init__.py:200
lib/matplotlib/__init__.py:200
lib/matplotlib/__init__.py:200
lib/matplotlib/__init__.py:200
lib/matplotlib/__init__.py:200
  /home/user/BugsInPy/temp/projects/matplotlib/lib/matplotlib/__init__.py:200: DeprecationWarning: distutils Version classes are deprecated. Use packaging.version instead.
    if LooseVersion(module.__version__) < minver:

../../../../../../opt/conda/envs/96e55cef081ba1a7fa5bef32944f9ae7/lib/python3.8/site-packages/setuptools/_distutils/version.py:345
../../../../../../opt/conda/envs/96e55cef081ba1a7fa5bef32944f9ae7/lib/python3.8/site-packages/setuptools/_distutils/version.py:345
../../../../../../opt/conda/envs/96e55cef081ba1a7fa5bef32944f9ae7/lib/python3.8/site-packages/setuptools/_distutils/version.py:345
../../../../../../opt/conda/envs/96e55cef081ba1a7fa5bef32944f9ae7/lib/python3.8/site-packages/setuptools/_distutils/version.py:345
../../../../../../opt/conda/envs/96e55cef081ba1a7fa5bef32944f9ae7/lib/python3.8/site-packages/setuptools/_distutils/version.py:345
  /opt/conda/envs/96e55cef081ba1a7fa5bef32944f9ae7/lib/python3.8/site-packages/setuptools/_distutils/version.py:345: DeprecationWarning: distutils Version classes are deprecated. Use packaging.version instead.
    other = LooseVersion(other)

-- Docs: https://docs.pytest.org/en/stable/how-to/capture-warnings.html
=========================== short test summary info ============================
FAILED lib/matplotlib/tests/test_collections.py::test_EventCollection_nosort
======================== 1 failed, 10 warnings in 0.34s ========================
/opt/conda/envs/96e55cef081ba1a7fa5bef32944f9ae7/lib/python3.8/site-packages/coverage/inorout.py:523: CoverageWarning: Module mpl_toolkits was previously imported, but not measured (module-not-measured)
  self.warn(msg, slug="module-not-measured")
