coverage run -m pytest pandas/tests/indexes/test_range.py::TestRangeIndex::test_get_indexer_decreasing
============================= test session starts ==============================
platform linux -- Python 3.8.3, pytest-5.4.3, py-1.8.1, pluggy-0.13.1
rootdir: /home/user/BugsInPy/temp/projects/pandas, inifile: setup.cfg
plugins: hypothesis-5.16.0
collected 3 items

pandas/tests/indexes/test_range.py FF.                                   [100%]

=================================== FAILURES ===================================
________________ TestRangeIndex.test_get_indexer_decreasing[0] _________________

self = <pandas.tests.indexes.test_range.TestRangeIndex object at 0x7f66f09c4a60>
stop = 0

    @pytest.mark.parametrize("stop", [0, -1, -2])
    def test_get_indexer_decreasing(self, stop):
        # GH 28678
        index = RangeIndex(7, stop, -3)
        result = index.get_indexer(range(9))
        expected = np.array([-1, 2, -1, -1, 1, -1, -1, 0, -1], dtype=np.intp)
>       tm.assert_numpy_array_equal(result, expected)

pandas/tests/indexes/test_range.py:433: 
_ _ _ _ _ _ _ _ _ _ _ _ _ _ _ _ _ _ _ _ _ _ _ _ _ _ _ _ _ _ _ _ _ _ _ _ _ _ _ _ 

left = array([-1, -1, -1,  2, -1, -1,  1, -1, -1])
right = array([-1,  2, -1, -1,  1, -1, -1,  0, -1]), err_msg = None

    def _raise(left, right, err_msg):
        if err_msg is None:
            if left.shape != right.shape:
                raise_assert_detail(
                    obj,
                    "{obj} shapes are different".format(obj=obj),
                    left.shape,
                    right.shape,
                )
    
            diff = 0
            for l, r in zip(left, right):
                # count up differences
                if not array_equivalent(l, r, strict_nan=strict_nan):
                    diff += 1
    
            diff = diff * 100.0 / left.size
            msg = "{obj} values are different ({pct} %)".format(
                obj=obj, pct=np.round(diff, 5)
            )
>           raise_assert_detail(obj, msg, left, right)
E           AssertionError: numpy array are different
E           
E           numpy array values are different (55.55556 %)
E           [left]:  [-1, -1, -1, 2, -1, -1, 1, -1, -1]
E           [right]: [-1, 2, -1, -1, 1, -1, -1, 0, -1]

pandas/util/testing.py:1004: AssertionError
________________ TestRangeIndex.test_get_indexer_decreasing[-1] ________________

self = <pandas.tests.indexes.test_range.TestRangeIndex object at 0x7f66f097df10>
stop = -1

    @pytest.mark.parametrize("stop", [0, -1, -2])
    def test_get_indexer_decreasing(self, stop):
        # GH 28678
        index = RangeIndex(7, stop, -3)
        result = index.get_indexer(range(9))
        expected = np.array([-1, 2, -1, -1, 1, -1, -1, 0, -1], dtype=np.intp)
>       tm.assert_numpy_array_equal(result, expected)

pandas/tests/indexes/test_range.py:433: 
_ _ _ _ _ _ _ _ _ _ _ _ _ _ _ _ _ _ _ _ _ _ _ _ _ _ _ _ _ _ _ _ _ _ _ _ _ _ _ _ 

left = array([-1, -1,  2, -1, -1,  1, -1, -1, -1])
right = array([-1,  2, -1, -1,  1, -1, -1,  0, -1]), err_msg = None

    def _raise(left, right, err_msg):
        if err_msg is None:
            if left.shape != right.shape:
                raise_assert_detail(
                    obj,
                    "{obj} shapes are different".format(obj=obj),
                    left.shape,
                    right.shape,
                )
    
            diff = 0
            for l, r in zip(left, right):
                # count up differences
                if not array_equivalent(l, r, strict_nan=strict_nan):
                    diff += 1
    
            diff = diff * 100.0 / left.size
            msg = "{obj} values are different ({pct} %)".format(
                obj=obj, pct=np.round(diff, 5)
            )
>           raise_assert_detail(obj, msg, left, right)
E           AssertionError: numpy array are different
E           
E           numpy array values are different (55.55556 %)
E           [left]:  [-1, -1, 2, -1, -1, 1, -1, -1, -1]
E           [right]: [-1, 2, -1, -1, 1, -1, -1, 0, -1]

pandas/util/testing.py:1004: AssertionError
=========================== short test summary info ============================
FAILED pandas/tests/indexes/test_range.py::TestRangeIndex::test_get_indexer_decreasing[0]
FAILED pandas/tests/indexes/test_range.py::TestRangeIndex::test_get_indexer_decreasing[-1]
========================= 2 failed, 1 passed in 0.51s ==========================
