coverage run -m pytest lib/matplotlib/tests/test_axes.py::test_polar_no_data
============================= test session starts ==============================
platform linux -- Python 3.8.1, pytest-7.4.0, pluggy-1.0.0
rootdir: /home/user/BugsInPy/temp/projects/matplotlib
configfile: pytest.ini
collected 1 item

lib/matplotlib/tests/test_axes.py F                                      [100%]

=================================== FAILURES ===================================
______________________________ test_polar_no_data ______________________________

    def test_polar_no_data():
>       plt.subplot(projection="polar")

lib/matplotlib/tests/test_axes.py:2215: 
_ _ _ _ _ _ _ _ _ _ _ _ _ _ _ _ _ _ _ _ _ _ _ _ _ _ _ _ _ _ _ _ _ _ _ _ _ _ _ _ 
lib/matplotlib/pyplot.py:1023: in subplot
    a = fig.add_subplot(*args, **kwargs)
lib/matplotlib/figure.py:1419: in add_subplot
    a = subplot_class_factory(projection_class)(self, *args, **kwargs)
lib/matplotlib/axes/_subplots.py:76: in __init__
    self._axes_class.__init__(self, fig, self.figbox, **kwargs)
lib/matplotlib/projections/polar.py:789: in __init__
    super().__init__(*args, **kwargs)
lib/matplotlib/axes/_base.py:439: in __init__
    self.set_figure(fig)
lib/matplotlib/axes/_base.py:581: in set_figure
    self._set_lim_and_transforms()
lib/matplotlib/projections/polar.py:852: in _set_lim_and_transforms
    self.axesLim = _WedgeBbox((0.5, 0.5),
lib/matplotlib/projections/polar.py:723: in __init__
    np.array([[0.0, 0.0], [1.0, 1.0]], np.float),
_ _ _ _ _ _ _ _ _ _ _ _ _ _ _ _ _ _ _ _ _ _ _ _ _ _ _ _ _ _ _ _ _ _ _ _ _ _ _ _ 

attr = 'float'

    def __getattr__(attr):
        # Warn for expired attributes, and return a dummy function
        # that always raises an exception.
        import warnings
        try:
            msg = __expired_functions__[attr]
        except KeyError:
            pass
        else:
            warnings.warn(msg, DeprecationWarning, stacklevel=2)
    
            def _expired(*args, **kwds):
                raise RuntimeError(msg)
    
            return _expired
    
        # Emit warnings for deprecated attributes
        try:
            val, msg = __deprecated_attrs__[attr]
        except KeyError:
            pass
        else:
            warnings.warn(msg, DeprecationWarning, stacklevel=2)
            return val
    
        if attr in __future_scalars__:
            # And future warnings for those that will change, but also give
            # the AttributeError
            warnings.warn(
                f"In the future `np.{attr}` will be defined as the "
                "corresponding NumPy scalar.", FutureWarning, stacklevel=2)
    
        if attr in __former_attrs__:
>           raise AttributeError(__former_attrs__[attr])
E           AttributeError: module 'numpy' has no attribute 'float'.
E           `np.float` was a deprecated alias for the builtin `float`. To avoid this error in existing code, use `float` by itself. Doing this will not modify any behavior and is safe. If you specifically wanted the numpy scalar type, use `np.float64` here.
E           The aliases was originally deprecated in NumPy 1.20; for more details and guidance see the original release note at:
E               https://numpy.org/devdocs/release/1.20.0-notes.html#deprecations

/opt/conda/envs/96e55cef081ba1a7fa5bef32944f9ae7/lib/python3.8/site-packages/numpy/__init__.py:305: AttributeError
------------------------------ Captured log setup ------------------------------
WARNING  matplotlib.testing:__init__.py:41 Could not set locale to English/United States. Some date-related tests may fail.
=============================== warnings summary ===============================
lib/matplotlib/__init__.py:201
lib/matplotlib/__init__.py:201
lib/matplotlib/__init__.py:201
lib/matplotlib/__init__.py:201
lib/matplotlib/__init__.py:201
  /home/user/BugsInPy/temp/projects/matplotlib/lib/matplotlib/__init__.py:201: DeprecationWarning: distutils Version classes are deprecated. Use packaging.version instead.
    if LooseVersion(module.__version__) < minver:

../../../../../../opt/conda/envs/96e55cef081ba1a7fa5bef32944f9ae7/lib/python3.8/site-packages/setuptools/_distutils/version.py:345
../../../../../../opt/conda/envs/96e55cef081ba1a7fa5bef32944f9ae7/lib/python3.8/site-packages/setuptools/_distutils/version.py:345
../../../../../../opt/conda/envs/96e55cef081ba1a7fa5bef32944f9ae7/lib/python3.8/site-packages/setuptools/_distutils/version.py:345
../../../../../../opt/conda/envs/96e55cef081ba1a7fa5bef32944f9ae7/lib/python3.8/site-packages/setuptools/_distutils/version.py:345
../../../../../../opt/conda/envs/96e55cef081ba1a7fa5bef32944f9ae7/lib/python3.8/site-packages/setuptools/_distutils/version.py:345
  /opt/conda/envs/96e55cef081ba1a7fa5bef32944f9ae7/lib/python3.8/site-packages/setuptools/_distutils/version.py:345: DeprecationWarning: distutils Version classes are deprecated. Use packaging.version instead.
    other = LooseVersion(other)

-- Docs: https://docs.pytest.org/en/stable/how-to/capture-warnings.html
=========================== short test summary info ============================
FAILED lib/matplotlib/tests/test_axes.py::test_polar_no_data - AttributeError...
======================== 1 failed, 10 warnings in 0.90s ========================
/home/user/BugsInPy/temp/projects/matplotlib/lib/matplotlib/backend_bases.py:59: DeprecationWarning: distutils Version classes are deprecated. Use packaging.version instead.
  if LooseVersion(PILLOW_VERSION) >= "3.4":
/opt/conda/envs/96e55cef081ba1a7fa5bef32944f9ae7/lib/python3.8/site-packages/setuptools/_distutils/version.py:345: DeprecationWarning: distutils Version classes are deprecated. Use packaging.version instead.
  other = LooseVersion(other)
/opt/conda/envs/96e55cef081ba1a7fa5bef32944f9ae7/lib/python3.8/site-packages/coverage/inorout.py:523: CoverageWarning: Module mpl_toolkits was previously imported, but not measured (module-not-measured)
  self.warn(msg, slug="module-not-measured")
