coverage run -m unittest tox tests/test_hooks.py::TestFindHooks::test_find_hook
E
======================================================================
ERROR: tests/test_hooks (unittest.loader._FailedTest)
----------------------------------------------------------------------
ImportError: Failed to import test module: tests/test_hooks
Traceback (most recent call last):
  File "/opt/conda/envs/e1918bc774e14d4d9dca5a9720022972/lib/python3.6/unittest/loader.py", line 153, in loadTestsFromName
    module = __import__(module_name)
ModuleNotFoundError: No module named 'tests/test_hooks'


----------------------------------------------------------------------
Ran 1 test in 0.000s

FAILED (errors=1)
Coverage.py warning: No data was collected. (no-data-collected)

coverage run -m unittest tox tests/test_hooks.py::TestExternalHooks::test_run_hook
E
======================================================================
ERROR: tests/test_hooks (unittest.loader._FailedTest)
----------------------------------------------------------------------
ImportError: Failed to import test module: tests/test_hooks
Traceback (most recent call last):
  File "/opt/conda/envs/e1918bc774e14d4d9dca5a9720022972/lib/python3.6/unittest/loader.py", line 153, in loadTestsFromName
    module = __import__(module_name)
ModuleNotFoundError: No module named 'tests/test_hooks'


----------------------------------------------------------------------
Ran 1 test in 0.000s

FAILED (errors=1)
Coverage.py warning: No data was collected. (no-data-collected)
