coverage run -m pytest pandas/tests/frame/test_arithmetic.py::TestFrameFlexArithmetic::test_floordiv_axis0
============================= test session starts ==============================
platform linux -- Python 3.8.3, pytest-5.4.3, py-1.8.1, pluggy-0.13.1
rootdir: /home/user/BugsInPy/temp/projects/pandas, inifile: setup.cfg
plugins: hypothesis-5.16.0
collected 1 item

pandas/tests/frame/test_arithmetic.py F                                  [100%]

=================================== FAILURES ===================================
_________________ TestFrameFlexArithmetic.test_floordiv_axis0 __________________

self = <pandas.tests.frame.test_arithmetic.TestFrameFlexArithmetic object at 0x7fbd0e7c6f10>

    def test_floordiv_axis0(self):
        # make sure we df.floordiv(ser, axis=0) matches column-wise result
        arr = np.arange(3)
        ser = pd.Series(arr)
        df = pd.DataFrame({"A": ser, "B": ser})
    
        result = df.floordiv(ser, axis=0)
    
        expected = pd.DataFrame({col: df[col] // ser for col in df.columns})
    
>       tm.assert_frame_equal(result, expected)
E       AssertionError: Attributes of DataFrame.iloc[:, 0] (column name="A") are different
E       
E       Attribute "dtype" are different
E       [left]:  int64
E       [right]: float64

pandas/tests/frame/test_arithmetic.py:345: AssertionError
=========================== short test summary info ============================
FAILED pandas/tests/frame/test_arithmetic.py::TestFrameFlexArithmetic::test_floordiv_axis0
============================== 1 failed in 0.33s ===============================
