coverage run -m unittest -q tests.test_black.BlackTestCase.test_async_as_identifier
======================================================================
ERROR: test_async_as_identifier (tests.test_black.BlackTestCase)
----------------------------------------------------------------------
Traceback (most recent call last):
  File "/opt/conda/envs/9a5e1cb72f6ccedabd1a075e4161dd27/lib/python3.8/unittest/mock.py", line 1325, in patched
    return func(*newargs, **newkeywargs)
  File "/home/user/BugsInPy/temp/projects/black/tests/test_black.py", line 508, in test_async_as_identifier
    source, expected = read_data("async_as_identifier")
  File "/home/user/BugsInPy/temp/projects/black/tests/test_black.py", line 64, in read_data
    with open(base_dir / name, "r", encoding="utf8") as test:
FileNotFoundError: [Errno 2] No such file or directory: '/home/user/BugsInPy/temp/projects/black/tests/data/async_as_identifier.py'

----------------------------------------------------------------------
Ran 1 test in 0.001s

FAILED (errors=1)

coverage run -m unittest -q tests.test_black.BlackTestCase.test_python37
======================================================================
FAIL: test_python37 (tests.test_black.BlackTestCase)
----------------------------------------------------------------------
Traceback (most recent call last):
  File "/opt/conda/envs/9a5e1cb72f6ccedabd1a075e4161dd27/lib/python3.8/unittest/mock.py", line 1325, in patched
    return func(*newargs, **newkeywargs)
  File "/home/user/BugsInPy/temp/projects/black/tests/test_black.py", line 533, in test_python37
    self.invokeBlack([str(source_path), "--target-version", "py36"], exit_code=123)
  File "/home/user/BugsInPy/temp/projects/black/tests/test_black.py", line 168, in invokeBlack
    self.assertEqual(result.exit_code, exit_code, msg=runner.stderr_bytes.decode())
AssertionError: 0 != 123 : All done! ‚ú® üç∞ ‚ú®
1 file left unchanged.


----------------------------------------------------------------------
Ran 1 test in 0.044s

FAILED (failures=1)
