coverage run -m unittest -q tests.test_black.BlackTestCase.test_python2_print_function
======================================================================
ERROR: test_python2_print_function (tests.test_black.BlackTestCase)
----------------------------------------------------------------------
Traceback (most recent call last):
  File "/opt/conda/envs/aec4dc0199f1038f500bf70b52d8047b/lib/python3.8/unittest/mock.py", line 1325, in patched
    return func(*newargs, **newkeywargs)
  File "/home/user/BugsInPy/temp/projects/black/tests/test_black.py", line 468, in test_python2_print_function
    actual = fs(source, mode=mode)
  File "/home/user/BugsInPy/temp/projects/black/black.py", line 669, in format_str
    src_node = lib2to3_parse(src_contents.lstrip(), mode.target_versions)
  File "/home/user/BugsInPy/temp/projects/black/black.py", line 758, in lib2to3_parse
    raise exc from None
black.InvalidInput: Cannot parse: 6:13: print(a, file=sys.stderr)

----------------------------------------------------------------------
Ran 1 test in 0.004s

FAILED (errors=1)
