coverage run -m pytest test/units/playbook/test_collectionsearch.py::test_collection_static_warning
============================= test session starts ==============================
platform linux -- Python 3.6.9, pytest-3.10.1, py-1.11.0, pluggy-0.13.1
rootdir: /home/user/BugsInPy/temp/projects/ansible, inifile:
plugins: mock-1.2
collected 1 item

test/units/playbook/test_collectionsearch.py F                           [100%]

=================================== FAILURES ===================================
________________________ test_collection_static_warning ________________________

capsys = <_pytest.capture.CaptureFixture object at 0x7f37a2933b00>

    def test_collection_static_warning(capsys):
        """Test that collection name is not templated.
    
        Also, make sure that users see the warning message for the referenced name.
        """
    
        collection_name = 'foo.{{bar}}'
        cs = CollectionSearch()
        assert collection_name in cs._load_collections(None, [collection_name])
    
        std_out, std_err = capsys.readouterr()
>       assert '[WARNING]: "collections" is not templatable, but we found: %s' % collection_name in std_err
E       assert ('[WARNING]: "collections" is not templatable, but we found: %s' % 'foo.{{bar}}') in ''

test/units/playbook/test_collectionsearch.py:37: AssertionError
=========================== 1 failed in 1.20 seconds ===========================
