coverage run -m unittest -q tests.test_responsetypes.ResponseTypesTest.test_from_content_disposition
======================================================================
ERROR: test_from_content_disposition (tests.test_responsetypes.ResponseTypesTest)
----------------------------------------------------------------------
Traceback (most recent call last):
  File "/home/user/BugsInPy/temp/projects/scrapy/tests/test_responsetypes.py", line 34, in test_from_content_disposition
    retcls = responsetypes.from_content_disposition(source)
  File "/home/user/BugsInPy/temp/projects/scrapy/scrapy/responsetypes.py", line 62, in from_content_disposition
    filename = to_native_str(content_disposition).split(';')[1].split('=')[1]
  File "/home/user/BugsInPy/temp/projects/scrapy/scrapy/utils/python.py", line 129, in to_native_str
    return to_unicode(text, encoding, errors)
  File "/home/user/BugsInPy/temp/projects/scrapy/scrapy/utils/python.py", line 107, in to_unicode
    return text.decode(encoding, errors)
UnicodeDecodeError: 'utf-8' codec can't decode byte 0xb5 in position 24: invalid start byte

----------------------------------------------------------------------
Ran 1 test in 0.003s

FAILED (errors=1)
