coverage run -m pytest pandas/tests/dtypes/test_dtypes.py::TestCategoricalDtype::test_not_string
============================= test session starts ==============================
platform linux -- Python 3.8.3, pytest-5.4.2, py-1.8.1, pluggy-0.13.1
rootdir: /home/user/BugsInPy/temp/projects/pandas, inifile: setup.cfg
plugins: hypothesis-5.15.1
collected 1 item

pandas/tests/dtypes/test_dtypes.py F                                     [100%]

=================================== FAILURES ===================================
_____________________ TestCategoricalDtype.test_not_string _____________________

self = <pandas.tests.dtypes.test_dtypes.TestCategoricalDtype object at 0x7f8f4ffbb730>

    def test_not_string(self):
        # though CategoricalDtype has object kind, it cannot be string
>       assert not is_string_dtype(CategoricalDtype())
E       assert not True
E        +  where True = is_string_dtype(CategoricalDtype(categories=None, ordered=False))
E        +    where CategoricalDtype(categories=None, ordered=False) = CategoricalDtype()

pandas/tests/dtypes/test_dtypes.py:196: AssertionError
=========================== short test summary info ============================
FAILED pandas/tests/dtypes/test_dtypes.py::TestCategoricalDtype::test_not_string
============================== 1 failed in 0.18s ===============================
