coverage run -m unittest -q tests.test_utils_gz.GunzipTest.test_gunzip_illegal_eof
======================================================================
ERROR: test_gunzip_illegal_eof (tests.test_utils_gz.GunzipTest)
----------------------------------------------------------------------
Traceback (most recent call last):
  File "/home/user/BugsInPy/temp/projects/scrapy/tests/test_utils_gz.py", line 73, in test_gunzip_illegal_eof
    with open(join(SAMPLEDIR, 'unexpected-eof.gz'), 'rb') as f:
FileNotFoundError: [Errno 2] No such file or directory: '/home/user/BugsInPy/temp/projects/scrapy/tests/sample_data/compressed/unexpected-eof.gz'

----------------------------------------------------------------------
Ran 1 test in 0.000s

FAILED (errors=1)
