coverage run -m pytest pandas/tests/groupby/test_apply.py::test_apply_multi_level_name
============================= test session starts ==============================
platform linux -- Python 3.8.3, pytest-5.4.3, py-1.8.1, pluggy-0.13.1
rootdir: /home/user/BugsInPy/temp/projects/pandas, inifile: setup.cfg
plugins: hypothesis-5.16.0
collected 2 items

pandas/tests/groupby/test_apply.py F.                                    [100%]

=================================== FAILURES ===================================
______________________ test_apply_multi_level_name[False] ______________________

category = False

    @pytest.mark.parametrize("category", [False, True])
    def test_apply_multi_level_name(category):
        # https://github.com/pandas-dev/pandas/issues/31068
        b = [1, 2] * 5
        if category:
            b = pd.Categorical(b, categories=[1, 2, 3])
        df = pd.DataFrame(
            {"A": np.arange(10), "B": b, "C": list(range(10)), "D": list(range(10))}
        ).set_index(["A", "B"])
>       result = df.groupby("B").apply(lambda x: x.sum())

pandas/tests/groupby/test_apply.py:789: 
_ _ _ _ _ _ _ _ _ _ _ _ _ _ _ _ _ _ _ _ _ _ _ _ _ _ _ _ _ _ _ _ _ _ _ _ _ _ _ _ 
pandas/core/groupby/groupby.py:735: in apply
    result = self._python_apply_general(f)
pandas/core/groupby/groupby.py:753: in _python_apply_general
    return self._wrap_applied_output(
pandas/core/groupby/generic.py:1202: in _wrap_applied_output
    key_index.name = key_names[0]
_ _ _ _ _ _ _ _ _ _ _ _ _ _ _ _ _ _ _ _ _ _ _ _ _ _ _ _ _ _ _ _ _ _ _ _ _ _ _ _ 

self = Int64Index([1, 2], dtype='int64', name='B'), value = 'B'

    @name.setter
    def name(self, value):
        if self._no_setting_name:
            # Used in MultiIndex.levels to avoid silently ignoring name updates.
>           raise RuntimeError(
                "Cannot set name on a level of a MultiIndex. Use "
                "'MultiIndex.set_names' instead."
            )
E           RuntimeError: Cannot set name on a level of a MultiIndex. Use 'MultiIndex.set_names' instead.

pandas/core/indexes/base.py:1168: RuntimeError
=========================== short test summary info ============================
FAILED pandas/tests/groupby/test_apply.py::test_apply_multi_level_name[False]
========================= 1 failed, 1 passed in 0.55s ==========================
