coverage run -m pytest lib/matplotlib/tests/test_axes.py::test_lines_with_colors
============================= test session starts ==============================
platform linux -- Python 3.8.1, pytest-7.4.0, pluggy-1.0.0
rootdir: /home/user/BugsInPy/temp/projects/matplotlib
configfile: pytest.ini
collected 2 items

lib/matplotlib/tests/test_axes.py FF                                     [100%]

=================================== FAILURES ===================================
______________________ test_lines_with_colors[png-data0] _______________________

args = (), kwargs = {'data': [1, 2, 3, nan, 5]}, ext = 'png'
request = <FixtureRequest for <Function test_lines_with_colors[png-data0]>>
file_name = 'test_lines_with_colors[png-data0]'
fig_test = <Figure size 640x480 with 2 Axes>
fig_ref = <Figure size 640x480 with 2 Axes>
test_image_path = PosixPath('/home/user/BugsInPy/temp/projects/matplotlib/result_images/test_axes/test_lines_with_colors[png-data0].png')
ref_image_path = PosixPath('/home/user/BugsInPy/temp/projects/matplotlib/result_images/test_axes/test_lines_with_colors[png-data0]-expected.png')

    @pytest.mark.parametrize("ext", extensions)
    def wrapper(*args, **kwargs):
        ext = kwargs['ext']
        if 'ext' not in old_sig.parameters:
            kwargs.pop('ext')
        request = kwargs['request']
        if 'request' not in old_sig.parameters:
            kwargs.pop('request')
    
        file_name = "".join(c for c in request.node.name
                            if c in ALLOWED_CHARS)
        try:
            fig_test = plt.figure("test")
            fig_ref = plt.figure("reference")
            func(*args, fig_test=fig_test, fig_ref=fig_ref, **kwargs)
            test_image_path = result_dir / (file_name + "." + ext)
            ref_image_path = result_dir / (file_name + "-expected." + ext)
            fig_test.savefig(test_image_path)
            fig_ref.savefig(ref_image_path)
>           _raise_on_image_difference(
                ref_image_path, test_image_path, tol=tol
            )
E           matplotlib.testing.exceptions.ImageComparisonFailure: images not close (RMS 9.440):
E           	result_images/test_axes/test_lines_with_colors[png-data0].png
E           	result_images/test_axes/test_lines_with_colors[png-data0]-expected.png

lib/matplotlib/testing/decorators.py:413: ImageComparisonFailure
------------------------------ Captured log setup ------------------------------
WARNING  matplotlib.testing:__init__.py:40 Could not set locale to English/United States. Some date-related tests may fail.
______________________ test_lines_with_colors[png-data1] _______________________

args = ()
kwargs = {'data': masked_array(data=[1, 2, 3, --, 5],
             mask=[False, False, False,  True, False],
       fill_value=4)}
ext = 'png'
request = <FixtureRequest for <Function test_lines_with_colors[png-data1]>>
file_name = 'test_lines_with_colors[png-data1]'
fig_test = <Figure size 640x480 with 2 Axes>
fig_ref = <Figure size 640x480 with 2 Axes>
test_image_path = PosixPath('/home/user/BugsInPy/temp/projects/matplotlib/result_images/test_axes/test_lines_with_colors[png-data1].png')
ref_image_path = PosixPath('/home/user/BugsInPy/temp/projects/matplotlib/result_images/test_axes/test_lines_with_colors[png-data1]-expected.png')

    @pytest.mark.parametrize("ext", extensions)
    def wrapper(*args, **kwargs):
        ext = kwargs['ext']
        if 'ext' not in old_sig.parameters:
            kwargs.pop('ext')
        request = kwargs['request']
        if 'request' not in old_sig.parameters:
            kwargs.pop('request')
    
        file_name = "".join(c for c in request.node.name
                            if c in ALLOWED_CHARS)
        try:
            fig_test = plt.figure("test")
            fig_ref = plt.figure("reference")
            func(*args, fig_test=fig_test, fig_ref=fig_ref, **kwargs)
            test_image_path = result_dir / (file_name + "." + ext)
            ref_image_path = result_dir / (file_name + "-expected." + ext)
            fig_test.savefig(test_image_path)
            fig_ref.savefig(ref_image_path)
>           _raise_on_image_difference(
                ref_image_path, test_image_path, tol=tol
            )
E           matplotlib.testing.exceptions.ImageComparisonFailure: images not close (RMS 9.440):
E           	result_images/test_axes/test_lines_with_colors[png-data1].png
E           	result_images/test_axes/test_lines_with_colors[png-data1]-expected.png

lib/matplotlib/testing/decorators.py:413: ImageComparisonFailure
------------------------------ Captured log setup ------------------------------
WARNING  matplotlib.testing:__init__.py:40 Could not set locale to English/United States. Some date-related tests may fail.
=============================== warnings summary ===============================
lib/matplotlib/__init__.py:170
lib/matplotlib/__init__.py:170
lib/matplotlib/__init__.py:170
lib/matplotlib/__init__.py:170
lib/matplotlib/__init__.py:170
  /home/user/BugsInPy/temp/projects/matplotlib/lib/matplotlib/__init__.py:170: DeprecationWarning: distutils Version classes are deprecated. Use packaging.version instead.
    if LooseVersion(module.__version__) < minver:

../../../../../../opt/conda/envs/96e55cef081ba1a7fa5bef32944f9ae7/lib/python3.8/site-packages/setuptools/_distutils/version.py:345
../../../../../../opt/conda/envs/96e55cef081ba1a7fa5bef32944f9ae7/lib/python3.8/site-packages/setuptools/_distutils/version.py:345
../../../../../../opt/conda/envs/96e55cef081ba1a7fa5bef32944f9ae7/lib/python3.8/site-packages/setuptools/_distutils/version.py:345
../../../../../../opt/conda/envs/96e55cef081ba1a7fa5bef32944f9ae7/lib/python3.8/site-packages/setuptools/_distutils/version.py:345
../../../../../../opt/conda/envs/96e55cef081ba1a7fa5bef32944f9ae7/lib/python3.8/site-packages/setuptools/_distutils/version.py:345
  /opt/conda/envs/96e55cef081ba1a7fa5bef32944f9ae7/lib/python3.8/site-packages/setuptools/_distutils/version.py:345: DeprecationWarning: distutils Version classes are deprecated. Use packaging.version instead.
    other = LooseVersion(other)

-- Docs: https://docs.pytest.org/en/stable/how-to/capture-warnings.html
=========================== short test summary info ============================
FAILED lib/matplotlib/tests/test_axes.py::test_lines_with_colors[png-data0]
FAILED lib/matplotlib/tests/test_axes.py::test_lines_with_colors[png-data1]
======================== 2 failed, 10 warnings in 1.39s ========================
/opt/conda/envs/96e55cef081ba1a7fa5bef32944f9ae7/lib/python3.8/site-packages/coverage/inorout.py:523: CoverageWarning: Module mpl_toolkits was previously imported, but not measured (module-not-measured)
  self.warn(msg, slug="module-not-measured")
