coverage run -m unittest -q tests.test_black.BlackTestCase.test_python37
======================================================================
ERROR: test_python37 (tests.test_black.BlackTestCase)
----------------------------------------------------------------------
Traceback (most recent call last):
  File "/opt/conda/envs/f55af976068fc1252014f3b7e1dbdb4f/lib/python3.8/unittest/mock.py", line 1325, in patched
    return func(*newargs, **newkeywargs)
  File "/home/user/BugsInPy/temp/projects/black/tests/test_black.py", line 417, in test_python37
    actual = fs(source)
  File "/home/user/BugsInPy/temp/projects/black/black.py", line 610, in format_str
    src_node = lib2to3_parse(src_contents)
  File "/home/user/BugsInPy/temp/projects/black/black.py", line 681, in lib2to3_parse
    raise exc from None
ValueError: Cannot parse: 4:16:     return (i*2 async for i in arange(42))

----------------------------------------------------------------------
Ran 1 test in 0.004s

FAILED (errors=1)
