coverage run -m unittest -q tests.test_item.ItemTest.test_metaclass_with_fields_attribute
======================================================================
ERROR: test_metaclass_with_fields_attribute (tests.test_item.ItemTest)
----------------------------------------------------------------------
Traceback (most recent call last):
  File "/home/user/BugsInPy/temp/projects/scrapy/tests/test_item.py", line 127, in test_metaclass_with_fields_attribute
    item = TestItem(new=u'New')
  File "/home/user/BugsInPy/temp/projects/scrapy/scrapy/item.py", line 52, in __init__
    self[k] = v
  File "/home/user/BugsInPy/temp/projects/scrapy/scrapy/item.py", line 61, in __setitem__
    raise KeyError("%s does not support field: %s" %
KeyError: 'TestItem does not support field: new'

----------------------------------------------------------------------
Ran 1 test in 0.000s

FAILED (errors=1)

coverage run -m unittest -q tests.test_item.ItemTest.test_metaclass_multiple_inheritance_simple
======================================================================
ERROR: test_metaclass_multiple_inheritance_simple (tests.test_item.ItemTest)
----------------------------------------------------------------------
Traceback (most recent call last):
  File "/home/user/BugsInPy/temp/projects/scrapy/tests/test_item.py", line 158, in test_metaclass_multiple_inheritance_simple
    item = D(save='X', load='Y')
  File "/home/user/BugsInPy/temp/projects/scrapy/scrapy/item.py", line 52, in __init__
    self[k] = v
  File "/home/user/BugsInPy/temp/projects/scrapy/scrapy/item.py", line 61, in __setitem__
    raise KeyError("%s does not support field: %s" %
KeyError: 'D does not support field: load'

----------------------------------------------------------------------
Ran 1 test in 0.001s

FAILED (errors=1)

coverage run -m unittest -q tests.test_item.ItemTest.test_metaclass_multiple_inheritance_diamond
======================================================================
FAIL: test_metaclass_multiple_inheritance_diamond (tests.test_item.ItemTest)
----------------------------------------------------------------------
Traceback (most recent call last):
  File "/home/user/BugsInPy/temp/projects/scrapy/tests/test_item.py", line 190, in test_metaclass_multiple_inheritance_diamond
    self.assertEqual(D.fields, {'save': {'default': 'C'},
AssertionError: {'load': {'default': 'D'}, 'save': {'default': 'C'}} != {'save': {'default': 'C'}, 'load': {'default': 'D'}, 'update': {'default': 'D'}}
- {'load': {'default': 'D'}, 'save': {'default': 'C'}}
+ {'load': {'default': 'D'}, 'save': {'default': 'C'}, 'update': {'default': 'D'}}
?                                                    +++++++++++++++++++++++++++ +


----------------------------------------------------------------------
Ran 1 test in 0.002s

FAILED (failures=1)
