coverage run -m pytest pandas/tests/frame/methods/test_replace.py::TestDataFrameReplace::test_replace_no_replacement_dtypes
============================= test session starts ==============================
platform linux -- Python 3.8.3, pytest-5.4.2, py-1.8.1, pluggy-0.13.1
rootdir: /home/user/BugsInPy/temp/projects/pandas, inifile: setup.cfg
plugins: hypothesis-5.15.1
collected 10 items

pandas/tests/frame/methods/test_replace.py FF...FF...                    [100%]

=================================== FAILURES ===================================
______ TestDataFrameReplace.test_replace_no_replacement_dtypes[nan-float] ______

self = <pandas.tests.frame.methods.test_replace.TestDataFrameReplace object at 0x7f8f09a6e250>
dtype = 'float', value = nan

    @pytest.mark.parametrize("dtype", ["float", "float64", "int64", "Int64", "boolean"])
    @pytest.mark.parametrize("value", [np.nan, pd.NA])
    def test_replace_no_replacement_dtypes(self, dtype, value):
        # https://github.com/pandas-dev/pandas/issues/32988
        df = pd.DataFrame(np.eye(2), dtype=dtype)
        result = df.replace(to_replace=[None, -np.inf, np.inf], value=value)
>       tm.assert_frame_equal(result, df)
E       AssertionError: Attributes of DataFrame.iloc[:, 0] (column name="0") are different
E       
E       Attribute "dtype" are different
E       [left]:  object
E       [right]: float64

pandas/tests/frame/methods/test_replace.py:1390: AssertionError
_____ TestDataFrameReplace.test_replace_no_replacement_dtypes[nan-float64] _____

self = <pandas.tests.frame.methods.test_replace.TestDataFrameReplace object at 0x7f8ef5a7d370>
dtype = 'float64', value = nan

    @pytest.mark.parametrize("dtype", ["float", "float64", "int64", "Int64", "boolean"])
    @pytest.mark.parametrize("value", [np.nan, pd.NA])
    def test_replace_no_replacement_dtypes(self, dtype, value):
        # https://github.com/pandas-dev/pandas/issues/32988
        df = pd.DataFrame(np.eye(2), dtype=dtype)
        result = df.replace(to_replace=[None, -np.inf, np.inf], value=value)
>       tm.assert_frame_equal(result, df)
E       AssertionError: Attributes of DataFrame.iloc[:, 0] (column name="0") are different
E       
E       Attribute "dtype" are different
E       [left]:  object
E       [right]: float64

pandas/tests/frame/methods/test_replace.py:1390: AssertionError
____ TestDataFrameReplace.test_replace_no_replacement_dtypes[value1-float] _____

self = <pandas.tests.frame.methods.test_replace.TestDataFrameReplace object at 0x7f8ef5b35250>
dtype = 'float', value = <NA>

    @pytest.mark.parametrize("dtype", ["float", "float64", "int64", "Int64", "boolean"])
    @pytest.mark.parametrize("value", [np.nan, pd.NA])
    def test_replace_no_replacement_dtypes(self, dtype, value):
        # https://github.com/pandas-dev/pandas/issues/32988
        df = pd.DataFrame(np.eye(2), dtype=dtype)
        result = df.replace(to_replace=[None, -np.inf, np.inf], value=value)
>       tm.assert_frame_equal(result, df)
E       AssertionError: Attributes of DataFrame.iloc[:, 0] (column name="0") are different
E       
E       Attribute "dtype" are different
E       [left]:  object
E       [right]: float64

pandas/tests/frame/methods/test_replace.py:1390: AssertionError
___ TestDataFrameReplace.test_replace_no_replacement_dtypes[value1-float64] ____

self = <pandas.tests.frame.methods.test_replace.TestDataFrameReplace object at 0x7f8ef5b25370>
dtype = 'float64', value = <NA>

    @pytest.mark.parametrize("dtype", ["float", "float64", "int64", "Int64", "boolean"])
    @pytest.mark.parametrize("value", [np.nan, pd.NA])
    def test_replace_no_replacement_dtypes(self, dtype, value):
        # https://github.com/pandas-dev/pandas/issues/32988
        df = pd.DataFrame(np.eye(2), dtype=dtype)
        result = df.replace(to_replace=[None, -np.inf, np.inf], value=value)
>       tm.assert_frame_equal(result, df)
E       AssertionError: Attributes of DataFrame.iloc[:, 0] (column name="0") are different
E       
E       Attribute "dtype" are different
E       [left]:  object
E       [right]: float64

pandas/tests/frame/methods/test_replace.py:1390: AssertionError
=========================== short test summary info ============================
FAILED pandas/tests/frame/methods/test_replace.py::TestDataFrameReplace::test_replace_no_replacement_dtypes[nan-float]
FAILED pandas/tests/frame/methods/test_replace.py::TestDataFrameReplace::test_replace_no_replacement_dtypes[nan-float64]
FAILED pandas/tests/frame/methods/test_replace.py::TestDataFrameReplace::test_replace_no_replacement_dtypes[value1-float]
FAILED pandas/tests/frame/methods/test_replace.py::TestDataFrameReplace::test_replace_no_replacement_dtypes[value1-float64]
========================= 4 failed, 6 passed in 0.44s ==========================
