coverage run -m unittest -q tests.test_black.BlackTestCase.test_beginning_backslash
Expected tree:
file_input
  simple_stmt
    power
      NAME 'print'
      trailer
        LPAR '('
        STRING '"hello, world"'
        RPAR ')'
      /trailer
    /power
    NEWLINE '\n'
  /simple_stmt
  ENDMARKER ''
/file_input
Actual tree:
file_input
  simple_stmt
    power
      NAME '\n\n' 'print'
      trailer
        LPAR '('
        STRING '"hello, world"'
        RPAR ')'
      /trailer
    /power
    NEWLINE '\n'
  /simple_stmt
  ENDMARKER ''
/file_input
======================================================================
FAIL: test_beginning_backslash (tests.test_black.BlackTestCase)
----------------------------------------------------------------------
Traceback (most recent call last):
  File "/opt/conda/envs/6720714fabfb1cf1ab2248b54d458923/lib/python3.8/unittest/mock.py", line 1325, in patched
    return func(*newargs, **newkeywargs)
  File "/home/user/BugsInPy/temp/projects/black/tests/test_black.py", line 646, in test_beginning_backslash
    self.assertFormatEqual(expected, actual)
  File "/home/user/BugsInPy/temp/projects/black/tests/test_black.py", line 168, in assertFormatEqual
    self.assertEqual(expected, actual)
AssertionError: 'print("hello, world")\n' != '\n\nprint("hello, world")\n'
+ 
+ 
  print("hello, world")


----------------------------------------------------------------------
Ran 1 test in 0.008s

FAILED (failures=1)
