coverage run -m unittest -q test.test_utils.TestUtil.test_unescape_html
======================================================================
FAIL: test_unescape_html (test.test_utils.TestUtil)
----------------------------------------------------------------------
Traceback (most recent call last):
  File "/home/user/BugsInPy/temp/projects/youtube-dl/test/test_utils.py", line 282, in test_unescape_html
    self.assertEqual(unescapeHTML('&a&quot;'), '&a"')
AssertionError: '&a&quot;' != '&a"'
- &a&quot;
+ &a"


----------------------------------------------------------------------
Ran 1 test in 0.001s

FAILED (failures=1)
