coverage run -m unittest -q tests.test_settings.__init__.BaseSettingsTest.test_getcomposite
/home/user/BugsInPy/temp/projects/scrapy/scrapy/settings/__init__.py:204: ScrapyDeprecationWarning: _BASE settings are deprecated.
  warnings.warn('_BASE settings are deprecated.',
======================================================================
FAIL: test_getcomposite (tests.test_settings.__init__.BaseSettingsTest)
----------------------------------------------------------------------
Traceback (most recent call last):
  File "/home/user/BugsInPy/temp/projects/scrapy/tests/test_settings/__init__.py", line 262, in test_getcomposite
    self.assertEqual(len(cs), 3)
AssertionError: 4 != 3

----------------------------------------------------------------------
Ran 1 test in 0.000s

FAILED (failures=1)
