coverage run -m pytest pandas/tests/arrays/categorical/test_analytics.py::TestCategoricalAnalytics::test_min_max_ordered_empty
============================= test session starts ==============================
platform linux -- Python 3.8.3, pytest-5.4.3, py-1.8.1, pluggy-0.13.1
rootdir: /home/user/BugsInPy/temp/projects/pandas, inifile: setup.cfg
plugins: hypothesis-5.16.0
collected 6 items

pandas/tests/arrays/categorical/test_analytics.py FFxFFx                 [100%]

=================================== FAILURES ===================================
___ TestCategoricalAnalytics.test_min_max_ordered_empty[min-categories0-nan] ___

self = <pandas.tests.arrays.categorical.test_analytics.TestCategoricalAnalytics object at 0x7fd94390ec10>
categories = ['A', 'B', 'C'], expected = nan, aggregation = 'min'

    @pytest.mark.parametrize(
        "categories,expected",
        [
            (list("ABC"), np.NaN),
            ([1, 2, 3], np.NaN),
            pytest.param(
                Series(date_range("2020-01-01", periods=3), dtype="category"),
                NaT,
                marks=pytest.mark.xfail(
                    reason="https://github.com/pandas-dev/pandas/issues/29962"
                ),
            ),
        ],
    )
    @pytest.mark.parametrize("aggregation", ["min", "max"])
    def test_min_max_ordered_empty(self, categories, expected, aggregation):
        # GH 30227
        cat = Categorical([], categories=list("ABC"), ordered=True)
    
        agg_func = getattr(cat, aggregation)
>       result = agg_func()

pandas/tests/arrays/categorical/test_analytics.py:59: 
_ _ _ _ _ _ _ _ _ _ _ _ _ _ _ _ _ _ _ _ _ _ _ _ _ _ _ _ _ _ _ _ _ _ _ _ _ _ _ _ 
pandas/util/_decorators.py:214: in wrapper
    return func(*args, **kwargs)
pandas/core/arrays/categorical.py:2135: in min
    pointer = self._codes.min()
_ _ _ _ _ _ _ _ _ _ _ _ _ _ _ _ _ _ _ _ _ _ _ _ _ _ _ _ _ _ _ _ _ _ _ _ _ _ _ _ 

a = array([], dtype=int8), axis = None, out = None, keepdims = False
initial = <no value>, where = True

    def _amin(a, axis=None, out=None, keepdims=False,
              initial=_NoValue, where=True):
>       return umr_minimum(a, axis, None, out, keepdims, initial, where)
E       ValueError: zero-size array to reduction operation minimum which has no identity

/opt/conda/envs/cf249b496aae59f2a35047c28676df47/lib/python3.8/site-packages/numpy/core/_methods.py:34: ValueError
___ TestCategoricalAnalytics.test_min_max_ordered_empty[min-categories1-nan] ___

self = <pandas.tests.arrays.categorical.test_analytics.TestCategoricalAnalytics object at 0x7fd9436e9ac0>
categories = [1, 2, 3], expected = nan, aggregation = 'min'

    @pytest.mark.parametrize(
        "categories,expected",
        [
            (list("ABC"), np.NaN),
            ([1, 2, 3], np.NaN),
            pytest.param(
                Series(date_range("2020-01-01", periods=3), dtype="category"),
                NaT,
                marks=pytest.mark.xfail(
                    reason="https://github.com/pandas-dev/pandas/issues/29962"
                ),
            ),
        ],
    )
    @pytest.mark.parametrize("aggregation", ["min", "max"])
    def test_min_max_ordered_empty(self, categories, expected, aggregation):
        # GH 30227
        cat = Categorical([], categories=list("ABC"), ordered=True)
    
        agg_func = getattr(cat, aggregation)
>       result = agg_func()

pandas/tests/arrays/categorical/test_analytics.py:59: 
_ _ _ _ _ _ _ _ _ _ _ _ _ _ _ _ _ _ _ _ _ _ _ _ _ _ _ _ _ _ _ _ _ _ _ _ _ _ _ _ 
pandas/util/_decorators.py:214: in wrapper
    return func(*args, **kwargs)
pandas/core/arrays/categorical.py:2135: in min
    pointer = self._codes.min()
_ _ _ _ _ _ _ _ _ _ _ _ _ _ _ _ _ _ _ _ _ _ _ _ _ _ _ _ _ _ _ _ _ _ _ _ _ _ _ _ 

a = array([], dtype=int8), axis = None, out = None, keepdims = False
initial = <no value>, where = True

    def _amin(a, axis=None, out=None, keepdims=False,
              initial=_NoValue, where=True):
>       return umr_minimum(a, axis, None, out, keepdims, initial, where)
E       ValueError: zero-size array to reduction operation minimum which has no identity

/opt/conda/envs/cf249b496aae59f2a35047c28676df47/lib/python3.8/site-packages/numpy/core/_methods.py:34: ValueError
___ TestCategoricalAnalytics.test_min_max_ordered_empty[max-categories0-nan] ___

self = <pandas.tests.arrays.categorical.test_analytics.TestCategoricalAnalytics object at 0x7fd943515c70>
categories = ['A', 'B', 'C'], expected = nan, aggregation = 'max'

    @pytest.mark.parametrize(
        "categories,expected",
        [
            (list("ABC"), np.NaN),
            ([1, 2, 3], np.NaN),
            pytest.param(
                Series(date_range("2020-01-01", periods=3), dtype="category"),
                NaT,
                marks=pytest.mark.xfail(
                    reason="https://github.com/pandas-dev/pandas/issues/29962"
                ),
            ),
        ],
    )
    @pytest.mark.parametrize("aggregation", ["min", "max"])
    def test_min_max_ordered_empty(self, categories, expected, aggregation):
        # GH 30227
        cat = Categorical([], categories=list("ABC"), ordered=True)
    
        agg_func = getattr(cat, aggregation)
>       result = agg_func()

pandas/tests/arrays/categorical/test_analytics.py:59: 
_ _ _ _ _ _ _ _ _ _ _ _ _ _ _ _ _ _ _ _ _ _ _ _ _ _ _ _ _ _ _ _ _ _ _ _ _ _ _ _ 
pandas/util/_decorators.py:214: in wrapper
    return func(*args, **kwargs)
pandas/core/arrays/categorical.py:2162: in max
    pointer = self._codes.max()
_ _ _ _ _ _ _ _ _ _ _ _ _ _ _ _ _ _ _ _ _ _ _ _ _ _ _ _ _ _ _ _ _ _ _ _ _ _ _ _ 

a = array([], dtype=int8), axis = None, out = None, keepdims = False
initial = <no value>, where = True

    def _amax(a, axis=None, out=None, keepdims=False,
              initial=_NoValue, where=True):
>       return umr_maximum(a, axis, None, out, keepdims, initial, where)
E       ValueError: zero-size array to reduction operation maximum which has no identity

/opt/conda/envs/cf249b496aae59f2a35047c28676df47/lib/python3.8/site-packages/numpy/core/_methods.py:30: ValueError
___ TestCategoricalAnalytics.test_min_max_ordered_empty[max-categories1-nan] ___

self = <pandas.tests.arrays.categorical.test_analytics.TestCategoricalAnalytics object at 0x7fd94379b520>
categories = [1, 2, 3], expected = nan, aggregation = 'max'

    @pytest.mark.parametrize(
        "categories,expected",
        [
            (list("ABC"), np.NaN),
            ([1, 2, 3], np.NaN),
            pytest.param(
                Series(date_range("2020-01-01", periods=3), dtype="category"),
                NaT,
                marks=pytest.mark.xfail(
                    reason="https://github.com/pandas-dev/pandas/issues/29962"
                ),
            ),
        ],
    )
    @pytest.mark.parametrize("aggregation", ["min", "max"])
    def test_min_max_ordered_empty(self, categories, expected, aggregation):
        # GH 30227
        cat = Categorical([], categories=list("ABC"), ordered=True)
    
        agg_func = getattr(cat, aggregation)
>       result = agg_func()

pandas/tests/arrays/categorical/test_analytics.py:59: 
_ _ _ _ _ _ _ _ _ _ _ _ _ _ _ _ _ _ _ _ _ _ _ _ _ _ _ _ _ _ _ _ _ _ _ _ _ _ _ _ 
pandas/util/_decorators.py:214: in wrapper
    return func(*args, **kwargs)
pandas/core/arrays/categorical.py:2162: in max
    pointer = self._codes.max()
_ _ _ _ _ _ _ _ _ _ _ _ _ _ _ _ _ _ _ _ _ _ _ _ _ _ _ _ _ _ _ _ _ _ _ _ _ _ _ _ 

a = array([], dtype=int8), axis = None, out = None, keepdims = False
initial = <no value>, where = True

    def _amax(a, axis=None, out=None, keepdims=False,
              initial=_NoValue, where=True):
>       return umr_maximum(a, axis, None, out, keepdims, initial, where)
E       ValueError: zero-size array to reduction operation maximum which has no identity

/opt/conda/envs/cf249b496aae59f2a35047c28676df47/lib/python3.8/site-packages/numpy/core/_methods.py:30: ValueError
=========================== short test summary info ============================
FAILED pandas/tests/arrays/categorical/test_analytics.py::TestCategoricalAnalytics::test_min_max_ordered_empty[min-categories0-nan]
FAILED pandas/tests/arrays/categorical/test_analytics.py::TestCategoricalAnalytics::test_min_max_ordered_empty[min-categories1-nan]
FAILED pandas/tests/arrays/categorical/test_analytics.py::TestCategoricalAnalytics::test_min_max_ordered_empty[max-categories0-nan]
FAILED pandas/tests/arrays/categorical/test_analytics.py::TestCategoricalAnalytics::test_min_max_ordered_empty[max-categories1-nan]
========================= 4 failed, 2 xfailed in 0.79s =========================
