coverage run -m pytest tests/test_security_http_bearer_optional.py::test_security_http_bearer_incorrect_scheme_credentials
============================= test session starts ==============================
platform linux -- Python 3.8.3, pytest-5.4.3, py-1.8.1, pluggy-0.13.1
rootdir: /home/user/BugsInPy/temp/projects/fastapi
plugins: cov-2.9.0
collected 1 item

tests/test_security_http_bearer_optional.py F                            [100%]

=================================== FAILURES ===================================
____________ test_security_http_bearer_incorrect_scheme_credentials ____________

    def test_security_http_bearer_incorrect_scheme_credentials():
        response = client.get("/users/me", headers={"Authorization": "Basic notreally"})
>       assert response.status_code == 200
E       assert 403 == 200
E        +  where 403 = <Response [403]>.status_code

tests/test_security_http_bearer_optional.py:67: AssertionError
=============================== warnings summary ===============================
/opt/conda/envs/235ca55b977721137e676add71d64e98/lib/python3.8/site-packages/pydantic/version.py:5
  /opt/conda/envs/235ca55b977721137e676add71d64e98/lib/python3.8/site-packages/pydantic/version.py:5: DeprecationWarning: distutils Version classes are deprecated. Use packaging.version instead.
    VERSION = StrictVersion('0.26')

/opt/conda/envs/235ca55b977721137e676add71d64e98/lib/python3.8/site-packages/aiofiles/os.py:10
/opt/conda/envs/235ca55b977721137e676add71d64e98/lib/python3.8/site-packages/aiofiles/os.py:10
/opt/conda/envs/235ca55b977721137e676add71d64e98/lib/python3.8/site-packages/aiofiles/os.py:10
/opt/conda/envs/235ca55b977721137e676add71d64e98/lib/python3.8/site-packages/aiofiles/os.py:10
/opt/conda/envs/235ca55b977721137e676add71d64e98/lib/python3.8/site-packages/aiofiles/os.py:10
/opt/conda/envs/235ca55b977721137e676add71d64e98/lib/python3.8/site-packages/aiofiles/os.py:10
  /opt/conda/envs/235ca55b977721137e676add71d64e98/lib/python3.8/site-packages/aiofiles/os.py:10: DeprecationWarning: "@coroutine" decorator is deprecated since Python 3.8, use "async def" instead
    def run(*args, loop=None, executor=None, **kwargs):

-- Docs: https://docs.pytest.org/en/latest/warnings.html
=========================== short test summary info ============================
FAILED tests/test_security_http_bearer_optional.py::test_security_http_bearer_incorrect_scheme_credentials
======================== 1 failed, 7 warnings in 0.55s =========================
