coverage run -m unittest -q test.test_utils.TestUtil.test_struct_unpack
======================================================================
ERROR: test_utils (unittest.loader._FailedTest)
----------------------------------------------------------------------
ImportError: Failed to import test module: test_utils
Traceback (most recent call last):
  File "/opt/conda/envs/7c82e6e79bef089fa6b92454d0dfbaa4/lib/python3.7/unittest/loader.py", line 154, in loadTestsFromName
    module = __import__(module_name)
  File "/home/user/BugsInPy/temp/projects/youtube-dl/test/test_utils.py", line 15, in <module>
    from youtube_dl.utils import (
ImportError: cannot import name 'struct_unpack' from 'youtube_dl.utils' (/home/user/BugsInPy/temp/projects/youtube-dl/youtube_dl/utils.py)


----------------------------------------------------------------------
Ran 1 test in 0.000s

FAILED (errors=1)
