coverage run -m unittest -q tests.test_black.BlackTestCase.test_symlink_out_of_root_directory
======================================================================
ERROR: test_symlink_out_of_root_directory (tests.test_black.BlackTestCase)
----------------------------------------------------------------------
Traceback (most recent call last):
  File "/home/user/BugsInPy/temp/projects/black/tests/test_black.py", line 1183, in test_symlink_out_of_root_directory
    list(black.gen_python_files_in_dir(path, root, include, exclude, report))
  File "/home/user/BugsInPy/temp/projects/black/black.py", line 2948, in gen_python_files_in_dir
    normalized_path = "/" + child.resolve().relative_to(root).as_posix()
  File "/opt/conda/envs/4bef5a2367b8479c0a0dd52aef5fd46b/lib/python3.8/pathlib.py", line 904, in relative_to
    raise ValueError("{!r} does not start with {!r}"
ValueError: '/a/b/c' does not start with '/home/user/BugsInPy/temp/projects/black/tests'

----------------------------------------------------------------------
Ran 1 test in 0.004s

FAILED (errors=1)
