coverage run -m pytest pandas/tests/arrays/integer/test_function.py::test_value_counts_empty
============================= test session starts ==============================
platform linux -- Python 3.8.3, pytest-5.4.2, py-1.8.1, pluggy-0.13.1
rootdir: /home/user/BugsInPy/temp/projects/pandas, inifile: setup.cfg
plugins: hypothesis-5.15.1
collected 1 item

pandas/tests/arrays/integer/test_function.py F                           [100%]

=================================== FAILURES ===================================
___________________________ test_value_counts_empty ____________________________

    def test_value_counts_empty():
        # https://github.com/pandas-dev/pandas/issues/33317
        s = pd.Series([], dtype="Int64")
>       result = s.value_counts()

pandas/tests/arrays/integer/test_function.py:109: 
_ _ _ _ _ _ _ _ _ _ _ _ _ _ _ _ _ _ _ _ _ _ _ _ _ _ _ _ _ _ _ _ _ _ _ _ _ _ _ _ 
pandas/core/base.py:1248: in value_counts
    result = value_counts(
pandas/core/algorithms.py:724: in value_counts
    result = result.sort_values(ascending=ascending)
pandas/core/series.py:2963: in sort_values
    argsorted = _try_kind_sort(arr[good])
pandas/core/series.py:2949: in _try_kind_sort
    return arr.argsort(kind=kind)
pandas/core/arrays/base.py:507: in argsort
    result = nargsort(self, kind=kind, ascending=ascending, na_position="last")
pandas/core/sorting.py:263: in nargsort
    items = items._values_for_argsort()
pandas/core/arrays/integer.py:502: in _values_for_argsort
    data[self._mask] = data.min() - 1
_ _ _ _ _ _ _ _ _ _ _ _ _ _ _ _ _ _ _ _ _ _ _ _ _ _ _ _ _ _ _ _ _ _ _ _ _ _ _ _ 

a = array([], dtype=int64), axis = None, out = None, keepdims = False
initial = <no value>, where = True

    def _amin(a, axis=None, out=None, keepdims=False,
              initial=_NoValue, where=True):
>       return umr_minimum(a, axis, None, out, keepdims, initial, where)
E       ValueError: zero-size array to reduction operation minimum which has no identity

/opt/conda/envs/ca32fdcf53fadd54bbff4eefd4a50de5/lib/python3.8/site-packages/numpy/core/_methods.py:34: ValueError
=========================== short test summary info ============================
FAILED pandas/tests/arrays/integer/test_function.py::test_value_counts_empty
============================== 1 failed in 0.35s ===============================
