coverage run -m pytest tests/rules/test_git_push.py::test_match_bitbucket
============================= test session starts ==============================
platform linux -- Python 3.7.0, pytest-3.10.1, py-1.8.1, pluggy-0.13.1
benchmark: 3.2.3 (defaults: timer=time.perf_counter disable_gc=False min_rounds=5 min_time=0.000005 max_time=1.0 calibration_precision=10 warmup=False warmup_iterations=100000)
rootdir: /home/user/BugsInPy/temp/projects/thefuck, inifile:
plugins: benchmark-3.2.3, mock-3.1.0, docker-pexpect-0.9
collected 1 item

tests/rules/test_git_push.py F                                           [100%]

=================================== FAILURES ===================================
_____________________________ test_match_bitbucket _____________________________

output_bitbucket = 'Total 0 (delta 0), reused 0 (delta 0)\nremote:\nremote: Create pull request for feature/set-upstream:\nremote:   http...-> feature/set-upstream\nBranch feature/set-upstream set up to track remote branch feature/set-upstream from origin.\n'

    def test_match_bitbucket(output_bitbucket):
>       assert not match(Command('git push origin', output_bitbucket))
E       AssertionError: assert not True
E        +  where True = match(Command(script=git push origin, output=Total 0 (delta 0), reused 0 (delta 0)\nremote:\nremote: Create pull request for f...m -> feature/set-upstream\nBranch feature/set-upstream set up to track remote branch feature/set-upstream from origin.\n))
E        +    where Command(script=git push origin, output=Total 0 (delta 0), reused 0 (delta 0)\nremote:\nremote: Create pull request for f...m -> feature/set-upstream\nBranch feature/set-upstream set up to track remote branch feature/set-upstream from origin.\n) = Command('git push origin', 'Total 0 (delta 0), reused 0 (delta 0)\nremote:\nremote: Create pull request for feature/set-upstream:\nremote:   http...-> feature/set-upstream\nBranch feature/set-upstream set up to track remote branch feature/set-upstream from origin.\n')

tests/rules/test_git_push.py:39: AssertionError
=========================== 1 failed in 0.09 seconds ===========================
