coverage run -m unittest -q tests.test_downloadermiddleware_cookies.CookiesMiddlewareTest.test_do_not_break_on_non_utf8_header
======================================================================
ERROR: test_do_not_break_on_non_utf8_header (tests.test_downloadermiddleware_cookies.CookiesMiddlewareTest)
----------------------------------------------------------------------
Traceback (most recent call last):
  File "/home/user/BugsInPy/temp/projects/scrapy/tests/test_downloadermiddleware_cookies.py", line 45, in test_do_not_break_on_non_utf8_header
    assert self.mw.process_response(req, res, self.spider) is res
  File "/home/user/BugsInPy/temp/projects/scrapy/scrapy/downloadermiddlewares/cookies.py", line 48, in process_response
    jar.extract_cookies(response, request)
  File "/home/user/BugsInPy/temp/projects/scrapy/scrapy/http/cookies.py", line 20, in extract_cookies
    return self.jar.extract_cookies(wrsp, wreq)
  File "/opt/conda/envs/15f0149b1fbf715d94535d380cb72343/lib/python3.8/http/cookiejar.py", line 1682, in extract_cookies
    for cookie in self.make_cookies(response, request):
  File "/opt/conda/envs/15f0149b1fbf715d94535d380cb72343/lib/python3.8/http/cookiejar.py", line 1601, in make_cookies
    ns_hdrs = headers.get_all("Set-Cookie", [])
  File "/home/user/BugsInPy/temp/projects/scrapy/scrapy/http/cookies.py", line 174, in get_all
    return [to_native_str(v) for v in self.response.headers.getlist(name)]
  File "/home/user/BugsInPy/temp/projects/scrapy/scrapy/http/cookies.py", line 174, in <listcomp>
    return [to_native_str(v) for v in self.response.headers.getlist(name)]
  File "/home/user/BugsInPy/temp/projects/scrapy/scrapy/utils/python.py", line 129, in to_native_str
    return to_unicode(text, encoding, errors)
  File "/home/user/BugsInPy/temp/projects/scrapy/scrapy/utils/python.py", line 107, in to_unicode
    return text.decode(encoding, errors)
UnicodeDecodeError: 'utf-8' codec can't decode byte 0xa3 in position 5: invalid start byte

----------------------------------------------------------------------
Ran 1 test in 0.003s

FAILED (errors=1)
