coverage run -m pytest pandas/tests/indexes/datetimes/test_to_period.py::TestToPeriod::test_to_period_infer
============================= test session starts ==============================
platform linux -- Python 3.8.3, pytest-5.4.2, py-1.8.1, pluggy-0.13.1
rootdir: /home/user/BugsInPy/temp/projects/pandas, inifile: setup.cfg
plugins: hypothesis-5.15.1
collected 1 item

pandas/tests/indexes/datetimes/test_to_period.py F                       [100%]

=================================== FAILURES ===================================
______________________ TestToPeriod.test_to_period_infer _______________________

self = <pandas.tests.indexes.datetimes.test_to_period.TestToPeriod object at 0x7fe48d273fd0>

    def test_to_period_infer(self):
        # https://github.com/pandas-dev/pandas/issues/33358
        rng = date_range(
            start="2019-12-22 06:40:00+00:00",
            end="2019-12-22 08:45:00+00:00",
            freq="5min",
        )
    
        with tm.assert_produces_warning(None):
            # Using simple filter because we are not checking for the warning here
            warnings.simplefilter("ignore", UserWarning)
    
            pi1 = rng.to_period("5min")
    
        with tm.assert_produces_warning(None):
            # Using simple filter because we are not checking for the warning here
            warnings.simplefilter("ignore", UserWarning)
    
>           pi2 = rng.to_period()

pandas/tests/indexes/datetimes/test_to_period.py:98: 
_ _ _ _ _ _ _ _ _ _ _ _ _ _ _ _ _ _ _ _ _ _ _ _ _ _ _ _ _ _ _ _ _ _ _ _ _ _ _ _ 
pandas/core/indexes/extension.py:80: in method
    result = attr(self._data, *args, **kwargs)
pandas/core/arrays/datetimes.py:1102: in to_period
    return PeriodArray._from_datetime64(self._data, freq, tz=self.tz)
pandas/core/arrays/period.py:221: in _from_datetime64
    data, freq = dt64arr_to_periodarr(data, freq, tz)
pandas/core/arrays/period.py:919: in dt64arr_to_periodarr
    freq = Period._maybe_convert_freq(freq)
_ _ _ _ _ _ _ _ _ _ _ _ _ _ _ _ _ _ _ _ _ _ _ _ _ _ _ _ _ _ _ _ _ _ _ _ _ _ _ _ 

>   if freq.n <= 0:
E   AttributeError: 'NoneType' object has no attribute 'n'

pandas/_libs/tslibs/period.pyx:1575: AttributeError
=========================== short test summary info ============================
FAILED pandas/tests/indexes/datetimes/test_to_period.py::TestToPeriod::test_to_period_infer
============================== 1 failed in 0.21s ===============================
