coverage run -m pytest pandas/tests/indexing/test_scalar.py::test_iat_dont_wrap_object_datetimelike
============================= test session starts ==============================
platform linux -- Python 3.8.3, pytest-5.4.2, py-1.8.1, pluggy-0.13.1
rootdir: /home/user/BugsInPy/temp/projects/pandas, inifile: setup.cfg
plugins: hypothesis-5.15.1
collected 1 item

pandas/tests/indexing/test_scalar.py F                                   [100%]

=================================== FAILURES ===================================
____________________ test_iat_dont_wrap_object_datetimelike ____________________

    def test_iat_dont_wrap_object_datetimelike():
        # GH#32809 .iat calls go through DataFrame._get_value, should not
        #  call maybe_box_datetimelike
        dti = date_range("2016-01-01", periods=3)
        tdi = dti - dti
        ser = Series(dti.to_pydatetime(), dtype=object)
        ser2 = Series(tdi.to_pytimedelta(), dtype=object)
        df = DataFrame({"A": ser, "B": ser2})
        assert (df.dtypes == object).all()
    
        for result in [df.at[0, "A"], df.iat[0, 0], df.loc[0, "A"], df.iloc[0, 0]]:
>           assert result is ser[0]
E           AssertionError: assert Timestamp('2016-01-01 00:00:00') is datetime.datetime(2016, 1, 1, 0, 0)

pandas/tests/indexing/test_scalar.py:305: AssertionError
=========================== short test summary info ============================
FAILED pandas/tests/indexing/test_scalar.py::test_iat_dont_wrap_object_datetimelike
============================== 1 failed in 0.19s ===============================
