coverage run -m unittest -q tests.test_spider.DeprecationTest.test_make_requests_from_url_deprecated
======================================================================
FAIL: test_make_requests_from_url_deprecated (tests.test_spider.DeprecationTest)
test_make_requests_from_url_deprecated
----------------------------------------------------------------------
Traceback (most recent call last):
  File "/opt/conda/envs/c39cf9a477a374a28077e5c609d7eb9a/lib/python3.8/site-packages/twisted/internet/defer.py", line 151, in maybeDeferred
    result = f(*args, **kw)
  File "/opt/conda/envs/c39cf9a477a374a28077e5c609d7eb9a/lib/python3.8/site-packages/twisted/internet/utils.py", line 221, in runWithWarningsSuppressed
    reraise(exc_info[1], exc_info[2])
  File "/opt/conda/envs/c39cf9a477a374a28077e5c609d7eb9a/lib/python3.8/site-packages/twisted/python/compat.py", line 464, in reraise
    raise exception.with_traceback(traceback)
  File "/opt/conda/envs/c39cf9a477a374a28077e5c609d7eb9a/lib/python3.8/site-packages/twisted/internet/utils.py", line 217, in runWithWarningsSuppressed
    result = f(*a, **kw)
  File "/home/user/BugsInPy/temp/projects/scrapy/tests/test_spider.py", line 419, in test_make_requests_from_url_deprecated
    self.assertEqual(len(w), 0)
  File "/opt/conda/envs/c39cf9a477a374a28077e5c609d7eb9a/lib/python3.8/site-packages/twisted/trial/_synctest.py", line 434, in assertEqual
    super(_Assertions, self).assertEqual(first, second, msg)
  File "/opt/conda/envs/c39cf9a477a374a28077e5c609d7eb9a/lib/python3.8/unittest/case.py", line 912, in assertEqual
    assertion_func(first, second, msg=msg)
  File "/opt/conda/envs/c39cf9a477a374a28077e5c609d7eb9a/lib/python3.8/unittest/case.py", line 905, in _baseAssertEqual
    raise self.failureException(msg)
twisted.trial.unittest.FailTest: 1 != 0

----------------------------------------------------------------------
Ran 1 test in 0.112s

FAILED (failures=1)
