coverage run -m pytest lib/matplotlib/tests/test_axes.py::TestScatter::test_scatter_unfilled
============================= test session starts ==============================
platform linux -- Python 3.8.1, pytest-7.4.0, pluggy-1.0.0
rootdir: /home/user/BugsInPy/temp/projects/matplotlib
configfile: pytest.ini
collected 1 item

lib/matplotlib/tests/test_axes.py F                                      [100%]

=================================== FAILURES ===================================
______________________ TestScatter.test_scatter_unfilled _______________________

self = <matplotlib.tests.test_axes.TestScatter object at 0x7f9b9bffe370>

    def test_scatter_unfilled(self):
        coll = plt.scatter([0, 1, 2], [1, 3, 2], c=['0.1', '0.3', '0.5'],
                           marker=mmarkers.MarkerStyle('o', fillstyle='none'),
                           linewidths=[1.1, 1.2, 1.3])
>       assert coll.get_facecolors().shape == (0, 4)  # no facecolors
E       assert (3, 4) == (0, 4)
E         At index 0 diff: 3 != 0
E         Use -v to get more diff

lib/matplotlib/tests/test_axes.py:1844: AssertionError
------------------------------ Captured log setup ------------------------------
WARNING  matplotlib.testing:__init__.py:40 Could not set locale to English/United States. Some date-related tests may fail.
=============================== warnings summary ===============================
lib/matplotlib/__init__.py:169
lib/matplotlib/__init__.py:169
lib/matplotlib/__init__.py:169
lib/matplotlib/__init__.py:169
lib/matplotlib/__init__.py:169
  /home/user/BugsInPy/temp/projects/matplotlib/lib/matplotlib/__init__.py:169: DeprecationWarning: distutils Version classes are deprecated. Use packaging.version instead.
    if LooseVersion(module.__version__) < minver:

../../../../../../opt/conda/envs/96e55cef081ba1a7fa5bef32944f9ae7/lib/python3.8/site-packages/setuptools/_distutils/version.py:345
../../../../../../opt/conda/envs/96e55cef081ba1a7fa5bef32944f9ae7/lib/python3.8/site-packages/setuptools/_distutils/version.py:345
../../../../../../opt/conda/envs/96e55cef081ba1a7fa5bef32944f9ae7/lib/python3.8/site-packages/setuptools/_distutils/version.py:345
../../../../../../opt/conda/envs/96e55cef081ba1a7fa5bef32944f9ae7/lib/python3.8/site-packages/setuptools/_distutils/version.py:345
../../../../../../opt/conda/envs/96e55cef081ba1a7fa5bef32944f9ae7/lib/python3.8/site-packages/setuptools/_distutils/version.py:345
  /opt/conda/envs/96e55cef081ba1a7fa5bef32944f9ae7/lib/python3.8/site-packages/setuptools/_distutils/version.py:345: DeprecationWarning: distutils Version classes are deprecated. Use packaging.version instead.
    other = LooseVersion(other)

-- Docs: https://docs.pytest.org/en/stable/how-to/capture-warnings.html
=========================== short test summary info ============================
FAILED lib/matplotlib/tests/test_axes.py::TestScatter::test_scatter_unfilled
======================== 1 failed, 10 warnings in 0.58s ========================
/opt/conda/envs/96e55cef081ba1a7fa5bef32944f9ae7/lib/python3.8/site-packages/coverage/inorout.py:523: CoverageWarning: Module mpl_toolkits was previously imported, but not measured (module-not-measured)
  self.warn(msg, slug="module-not-measured")
