coverage run -m unittest -q tests.test_crawler.CrawlerRunnerTestCase.test_spidermanager_deprecation
======================================================================
FAIL: test_spidermanager_deprecation (tests.test_crawler.CrawlerRunnerTestCase)
----------------------------------------------------------------------
Traceback (most recent call last):
  File "/home/user/BugsInPy/temp/projects/scrapy/tests/test_crawler.py", line 101, in test_spidermanager_deprecation
    self.assertIsInstance(runner.spider_loader, CustomSpiderLoader)
AssertionError: <scrapy.spiderloader.SpiderLoader object at 0x7f1b42370fa0> is not an instance of <class 'tests.test_crawler.CustomSpiderLoader'>

----------------------------------------------------------------------
Ran 1 test in 0.004s

FAILED (failures=1)
