coverage run -m pytest tests/integration_tests/test_image_data_tasks.py::test_image_data_generator_training
============================= test session starts ==============================
platform linux -- Python 3.7.3, pytest-5.4.3, py-1.8.1, pluggy-0.13.1 -- /opt/conda/envs/ec1239e90de2b89d455019719a3688a0/bin/python
cachedir: .pytest_cache
rootdir: /home/user/BugsInPy/temp/projects/keras, inifile: pytest.ini
plugins: forked-1.1.3, flaky-3.6.1, xdist-1.32.0
gw0 I / gw1 I

[gw0] linux Python 3.7.3 cwd: /home/user/BugsInPy/temp/projects/keras

[gw1] linux Python 3.7.3 cwd: /home/user/BugsInPy/temp/projects/keras

[gw0] Python 3.7.3 (default, Mar 27 2019, 22:11:17)  -- [GCC 7.3.0]

[gw1] Python 3.7.3 (default, Mar 27 2019, 22:11:17)  -- [GCC 7.3.0]
gw0 [1] / gw1 [1]

scheduling tests via LoadScheduling

tests/integration_tests/test_image_data_tasks.py::test_image_data_generator_training 
[gw0] [100%] FAILED tests/integration_tests/test_image_data_tasks.py::test_image_data_generator_training 

=================================== FAILURES ===================================
______________________ test_image_data_generator_training ______________________
[gw0] linux -- Python 3.7.3 /opt/conda/envs/ec1239e90de2b89d455019719a3688a0/bin/python

    def test_image_data_generator_training():
        np.random.seed(1337)
        img_gen = ImageDataGenerator(rescale=1.)  # Dummy ImageDataGenerator
        input_shape = (16, 16, 3)
        (x_train, y_train), (x_test, y_test) = get_test_data(num_train=500,
                                                             num_test=200,
                                                             input_shape=input_shape,
                                                             classification=True,
                                                             num_classes=4)
        y_train = to_categorical(y_train)
        y_test = to_categorical(y_test)
    
        model = Sequential([
            layers.Conv2D(filters=8, kernel_size=3,
                          activation='relu',
                          input_shape=input_shape),
            layers.MaxPooling2D(pool_size=2),
            layers.Conv2D(filters=4, kernel_size=(3, 3),
                          activation='relu', padding='same'),
            layers.GlobalAveragePooling2D(),
            layers.Dense(y_test.shape[-1], activation='softmax')
        ])
        model.compile(loss='categorical_crossentropy',
                      optimizer='rmsprop',
                      metrics=['accuracy'])
        history = model.fit_generator(img_gen.flow(x_train, y_train, batch_size=16),
                                      epochs=10,
                                      validation_data=img_gen.flow(x_test, y_test,
                                                                   batch_size=16),
>                                     verbose=0)

tests/integration_tests/test_image_data_tasks.py:74: 
_ _ _ _ _ _ _ _ _ _ _ _ _ _ _ _ _ _ _ _ _ _ _ _ _ _ _ _ _ _ _ _ _ _ _ _ _ _ _ _ 
keras/legacy/interfaces.py:91: in wrapper
    return func(*args, **kwargs)
keras/engine/training.py:1418: in fit_generator
    initial_epoch=initial_epoch)
_ _ _ _ _ _ _ _ _ _ _ _ _ _ _ _ _ _ _ _ _ _ _ _ _ _ _ _ _ _ _ _ _ _ _ _ _ _ _ _ 

model = <keras.engine.sequential.Sequential object at 0x7f1202eb9630>
generator = <keras_preprocessing.image.numpy_array_iterator.NumpyArrayIterator object at 0x7f1202eb9828>
steps_per_epoch = None, epochs = 10, verbose = 0, callbacks = None
validation_data = <keras_preprocessing.image.numpy_array_iterator.NumpyArrayIterator object at 0x7f1202c002e8>
validation_steps = None, class_weight = None, max_queue_size = 10, workers = 1
use_multiprocessing = False, shuffle = True, initial_epoch = 0

    def fit_generator(model,
                      generator,
                      steps_per_epoch=None,
                      epochs=1,
                      verbose=1,
                      callbacks=None,
                      validation_data=None,
                      validation_steps=None,
                      class_weight=None,
                      max_queue_size=10,
                      workers=1,
                      use_multiprocessing=False,
                      shuffle=True,
                      initial_epoch=0):
        """See docstring for `Model.fit_generator`."""
        epoch = initial_epoch
    
        do_validation = bool(validation_data)
        model._make_train_function()
        if do_validation:
            model._make_test_function()
    
        is_sequence = isinstance(generator, Sequence)
        if not is_sequence and use_multiprocessing and workers > 1:
            warnings.warn(
                UserWarning('Using a generator with `use_multiprocessing=True`'
                            ' and multiple workers may duplicate your data.'
                            ' Please consider using the`keras.utils.Sequence'
                            ' class.'))
        if steps_per_epoch is None:
            if is_sequence:
                steps_per_epoch = len(generator)
            else:
>               raise ValueError('`steps_per_epoch=None` is only valid for a'
                                 ' generator based on the '
                                 '`keras.utils.Sequence`'
                                 ' class. Please specify `steps_per_epoch` '
                                 'or use the `keras.utils.Sequence` class.')
E               ValueError: `steps_per_epoch=None` is only valid for a generator based on the `keras.utils.Sequence` class. Please specify `steps_per_epoch` or use the `keras.utils.Sequence` class.

keras/engine/training_generator.py:54: ValueError
----------------------------- Captured stderr call -----------------------------
WARNING:tensorflow:From /home/user/BugsInPy/temp/projects/keras/keras/backend/tensorflow_backend.py:74: The name tf.get_default_graph is deprecated. Please use tf.compat.v1.get_default_graph instead.

WARNING:tensorflow:From /home/user/BugsInPy/temp/projects/keras/keras/backend/tensorflow_backend.py:517: The name tf.placeholder is deprecated. Please use tf.compat.v1.placeholder instead.

WARNING:tensorflow:From /home/user/BugsInPy/temp/projects/keras/keras/backend/tensorflow_backend.py:4140: The name tf.random_uniform is deprecated. Please use tf.random.uniform instead.

WARNING:tensorflow:From /home/user/BugsInPy/temp/projects/keras/keras/backend/tensorflow_backend.py:3978: The name tf.nn.max_pool is deprecated. Please use tf.nn.max_pool2d instead.

WARNING:tensorflow:From /home/user/BugsInPy/temp/projects/keras/keras/optimizers.py:790: The name tf.train.Optimizer is deprecated. Please use tf.compat.v1.train.Optimizer instead.

WARNING:tensorflow:From /home/user/BugsInPy/temp/projects/keras/keras/backend/tensorflow_backend.py:3297: The name tf.log is deprecated. Please use tf.math.log instead.

WARNING:tensorflow:From /opt/conda/envs/ec1239e90de2b89d455019719a3688a0/lib/python3.7/site-packages/tensorflow_core/python/ops/math_grad.py:1424: where (from tensorflow.python.ops.array_ops) is deprecated and will be removed in a future version.
Instructions for updating:
Use tf.where in 2.0, which has the same broadcast rule as np.where
WARNING:tensorflow:From /home/user/BugsInPy/temp/projects/keras/keras/backend/tensorflow_backend.py:986: The name tf.assign_add is deprecated. Please use tf.compat.v1.assign_add instead.

WARNING:tensorflow:From /home/user/BugsInPy/temp/projects/keras/keras/backend/tensorflow_backend.py:973: The name tf.assign is deprecated. Please use tf.compat.v1.assign instead.

WARNING:tensorflow:From /home/user/BugsInPy/temp/projects/keras/keras/backend/tensorflow_backend.py:2743: The name tf.Session is deprecated. Please use tf.compat.v1.Session instead.

------------------------------ Captured log call -------------------------------
WARNING  tensorflow:module_wrapper.py:139 From /home/user/BugsInPy/temp/projects/keras/keras/backend/tensorflow_backend.py:74: The name tf.get_default_graph is deprecated. Please use tf.compat.v1.get_default_graph instead.

WARNING  tensorflow:module_wrapper.py:139 From /home/user/BugsInPy/temp/projects/keras/keras/backend/tensorflow_backend.py:517: The name tf.placeholder is deprecated. Please use tf.compat.v1.placeholder instead.

WARNING  tensorflow:module_wrapper.py:139 From /home/user/BugsInPy/temp/projects/keras/keras/backend/tensorflow_backend.py:4140: The name tf.random_uniform is deprecated. Please use tf.random.uniform instead.

WARNING  tensorflow:module_wrapper.py:139 From /home/user/BugsInPy/temp/projects/keras/keras/backend/tensorflow_backend.py:3978: The name tf.nn.max_pool is deprecated. Please use tf.nn.max_pool2d instead.

WARNING  tensorflow:module_wrapper.py:139 From /home/user/BugsInPy/temp/projects/keras/keras/optimizers.py:790: The name tf.train.Optimizer is deprecated. Please use tf.compat.v1.train.Optimizer instead.

WARNING  tensorflow:module_wrapper.py:139 From /home/user/BugsInPy/temp/projects/keras/keras/backend/tensorflow_backend.py:3297: The name tf.log is deprecated. Please use tf.math.log instead.

WARNING  tensorflow:deprecation.py:323 From /opt/conda/envs/ec1239e90de2b89d455019719a3688a0/lib/python3.7/site-packages/tensorflow_core/python/ops/math_grad.py:1424: where (from tensorflow.python.ops.array_ops) is deprecated and will be removed in a future version.
Instructions for updating:
Use tf.where in 2.0, which has the same broadcast rule as np.where
WARNING  tensorflow:module_wrapper.py:139 From /home/user/BugsInPy/temp/projects/keras/keras/backend/tensorflow_backend.py:986: The name tf.assign_add is deprecated. Please use tf.compat.v1.assign_add instead.

WARNING  tensorflow:module_wrapper.py:139 From /home/user/BugsInPy/temp/projects/keras/keras/backend/tensorflow_backend.py:973: The name tf.assign is deprecated. Please use tf.compat.v1.assign instead.

WARNING  tensorflow:module_wrapper.py:139 From /home/user/BugsInPy/temp/projects/keras/keras/backend/tensorflow_backend.py:2743: The name tf.Session is deprecated. Please use tf.compat.v1.Session instead.
--------------------------- Captured stderr teardown ---------------------------
WARNING:tensorflow:From /home/user/BugsInPy/temp/projects/keras/keras/backend/tensorflow_backend.py:95: The name tf.reset_default_graph is deprecated. Please use tf.compat.v1.reset_default_graph instead.

WARNING:tensorflow:From /home/user/BugsInPy/temp/projects/keras/keras/backend/tensorflow_backend.py:98: The name tf.placeholder_with_default is deprecated. Please use tf.compat.v1.placeholder_with_default instead.

---------------------------- Captured log teardown -----------------------------
WARNING  tensorflow:module_wrapper.py:139 From /home/user/BugsInPy/temp/projects/keras/keras/backend/tensorflow_backend.py:95: The name tf.reset_default_graph is deprecated. Please use tf.compat.v1.reset_default_graph instead.

WARNING  tensorflow:module_wrapper.py:139 From /home/user/BugsInPy/temp/projects/keras/keras/backend/tensorflow_backend.py:98: The name tf.placeholder_with_default is deprecated. Please use tf.compat.v1.placeholder_with_default instead.
=============================== warnings summary ===============================
keras/preprocessing/image.py:440
  /home/user/BugsInPy/temp/projects/keras/keras/preprocessing/image.py:440: DeprecationWarning: inspect.getargspec() is deprecated since Python 3.0, use inspect.signature() or inspect.getfullargspec()
    image.ImageDataGenerator.__init__).args:

/opt/conda/envs/ec1239e90de2b89d455019719a3688a0/lib/python3.7/site-packages/tensorflow_core/python/framework/tensor_util.py:521
/opt/conda/envs/ec1239e90de2b89d455019719a3688a0/lib/python3.7/site-packages/tensorflow_core/python/framework/tensor_util.py:521
/opt/conda/envs/ec1239e90de2b89d455019719a3688a0/lib/python3.7/site-packages/tensorflow_core/python/framework/tensor_util.py:521
/opt/conda/envs/ec1239e90de2b89d455019719a3688a0/lib/python3.7/site-packages/tensorflow_core/python/framework/tensor_util.py:521
  /opt/conda/envs/ec1239e90de2b89d455019719a3688a0/lib/python3.7/site-packages/tensorflow_core/python/framework/tensor_util.py:521: DeprecationWarning: tostring() is deprecated. Use tobytes() instead.
    tensor_proto.tensor_content = nparray.tostring()

/opt/conda/envs/ec1239e90de2b89d455019719a3688a0/lib/python3.7/site-packages/tensorflow_core/python/framework/indexed_slices.py:339
  /opt/conda/envs/ec1239e90de2b89d455019719a3688a0/lib/python3.7/site-packages/tensorflow_core/python/framework/indexed_slices.py:339: DeprecationWarning: Using or importing the ABCs from 'collections' instead of from 'collections.abc' is deprecated, and in 3.8 it will stop working
    if not isinstance(values, collections.Sequence):

/opt/conda/envs/ec1239e90de2b89d455019719a3688a0/lib/python3.7/site-packages/tensorflow_core/contrib/learn/python/learn/learn_io/generator_io.py:26
  /opt/conda/envs/ec1239e90de2b89d455019719a3688a0/lib/python3.7/site-packages/tensorflow_core/contrib/learn/python/learn/learn_io/generator_io.py:26: DeprecationWarning: Using or importing the ABCs from 'collections' instead of from 'collections.abc' is deprecated, and in 3.8 it will stop working
    from collections import Container

-- Docs: https://docs.pytest.org/en/latest/warnings.html
========================== slowest 20 test durations ===========================
0.22s call     tests/integration_tests/test_image_data_tasks.py::test_image_data_generator_training

(0.00 durations hidden.  Use -vv to show these durations.)
=========================== short test summary info ============================
FAILED tests/integration_tests/test_image_data_tasks.py::test_image_data_generator_training
======================== 1 failed, 7 warnings in 2.80s =========================
Using TensorFlow backend.
