coverage run -m unittest -q tests.test_pipeline_media.BaseMediaPipelineTestCase.test_default_item_completed
======================================================================
ERROR: test_pipeline_media (unittest.loader._FailedTest)
----------------------------------------------------------------------
ImportError: Failed to import test module: test_pipeline_media
Traceback (most recent call last):
  File "/opt/conda/envs/15f0149b1fbf715d94535d380cb72343/lib/python3.8/unittest/loader.py", line 154, in loadTestsFromName
    module = __import__(module_name)
  File "/home/user/BugsInPy/temp/projects/scrapy/tests/test_pipeline_media.py", line 12, in <module>
    from scrapy.utils.log import failure_to_exc_info
ImportError: cannot import name 'failure_to_exc_info' from 'scrapy.utils.log' (/home/user/BugsInPy/temp/projects/scrapy/scrapy/utils/log.py)


----------------------------------------------------------------------
Ran 1 test in 0.000s

FAILED (errors=1)

coverage run -m unittest -q tests.test_utils_log.FailureToExcInfoTest.test_failure
======================================================================
ERROR: test_utils_log (unittest.loader._FailedTest)
----------------------------------------------------------------------
ImportError: Failed to import test module: test_utils_log
Traceback (most recent call last):
  File "/opt/conda/envs/15f0149b1fbf715d94535d380cb72343/lib/python3.8/unittest/loader.py", line 154, in loadTestsFromName
    module = __import__(module_name)
  File "/home/user/BugsInPy/temp/projects/scrapy/tests/test_utils_log.py", line 10, in <module>
    from scrapy.utils.log import (failure_to_exc_info, TopLevelFormatter,
ImportError: cannot import name 'failure_to_exc_info' from 'scrapy.utils.log' (/home/user/BugsInPy/temp/projects/scrapy/scrapy/utils/log.py)


----------------------------------------------------------------------
Ran 1 test in 0.000s

FAILED (errors=1)

coverage run -m unittest -q tests.test_utils_log.FailureToExcInfoTest.test_non_failure
======================================================================
ERROR: test_utils_log (unittest.loader._FailedTest)
----------------------------------------------------------------------
ImportError: Failed to import test module: test_utils_log
Traceback (most recent call last):
  File "/opt/conda/envs/15f0149b1fbf715d94535d380cb72343/lib/python3.8/unittest/loader.py", line 154, in loadTestsFromName
    module = __import__(module_name)
  File "/home/user/BugsInPy/temp/projects/scrapy/tests/test_utils_log.py", line 10, in <module>
    from scrapy.utils.log import (failure_to_exc_info, TopLevelFormatter,
ImportError: cannot import name 'failure_to_exc_info' from 'scrapy.utils.log' (/home/user/BugsInPy/temp/projects/scrapy/scrapy/utils/log.py)


----------------------------------------------------------------------
Ran 1 test in 0.000s

FAILED (errors=1)
