coverage run -m pytest pandas/tests/dtypes/test_dtypes.py::TestCategoricalDtype::test_from_values_or_dtype_invalid_dtype
============================= test session starts ==============================
platform linux -- Python 3.8.3, pytest-5.4.2, py-1.8.1, pluggy-0.13.1
rootdir: /home/user/BugsInPy/temp/projects/pandas, inifile: setup.cfg
plugins: hypothesis-5.15.1
collected 1 item

pandas/tests/dtypes/test_dtypes.py F                                     [100%]

=================================== FAILURES ===================================
_________ TestCategoricalDtype.test_from_values_or_dtype_invalid_dtype _________

self = <pandas.tests.dtypes.test_dtypes.TestCategoricalDtype object at 0x7f889ffa4250>

    def test_from_values_or_dtype_invalid_dtype(self):
        msg = "Cannot not construct CategoricalDtype from <class 'object'>"
        with pytest.raises(ValueError, match=msg):
>           CategoricalDtype._from_values_or_dtype(None, None, None, object)
E           Failed: DID NOT RAISE <class 'ValueError'>

pandas/tests/dtypes/test_dtypes.py:133: Failed
=========================== short test summary info ============================
FAILED pandas/tests/dtypes/test_dtypes.py::TestCategoricalDtype::test_from_values_or_dtype_invalid_dtype
============================== 1 failed in 0.50s ===============================
