coverage run -m unittest -q test.test_utils.TestUtil.test_unified_timestamps
======================================================================
ERROR: test_unified_timestamps (test.test_utils.TestUtil)
----------------------------------------------------------------------
Traceback (most recent call last):
  File "/home/user/BugsInPy/temp/projects/youtube-dl/test/test_utils.py", line 311, in test_unified_timestamps
    self.assertEqual(unified_timestamp('May 16, 2016 11:15 PM'), 1463440500)
  File "/home/user/BugsInPy/temp/projects/youtube-dl/youtube_dl/utils.py", line 1118, in unified_timestamp
    return calendar.timegm(timetuple.timetuple())
AttributeError: 'tuple' object has no attribute 'timetuple'

----------------------------------------------------------------------
Ran 1 test in 0.044s

FAILED (errors=1)
