coverage run -m pytest pandas/tests/indexes/timedeltas/test_setops.py::TestTimedeltaIndex::test_union_sort_false
============================= test session starts ==============================
platform linux -- Python 3.8.3, pytest-5.4.3, py-1.8.1, pluggy-0.13.1
rootdir: /home/user/BugsInPy/temp/projects/pandas, inifile: setup.cfg
plugins: hypothesis-5.16.0
collected 1 item

pandas/tests/indexes/timedeltas/test_setops.py F                         [100%]

=================================== FAILURES ===================================
___________________ TestTimedeltaIndex.test_union_sort_false ___________________

self = <pandas.tests.indexes.timedeltas.test_setops.TestTimedeltaIndex object at 0x7f8223132640>

    def test_union_sort_false(self):
        tdi = timedelta_range("1day", periods=5)
    
        left = tdi[3:]
        right = tdi[:3]
    
        # Check that we are testing the desired code path
        assert left._can_fast_union(right)
    
        result = left.union(right)
        tm.assert_index_equal(result, tdi)
    
        result = left.union(right, sort=False)
        expected = pd.TimedeltaIndex(["4 Days", "5 Days", "1 Days", "2 Day", "3 Days"])
>       tm.assert_index_equal(result, expected)
E       AssertionError: Index are different
E       
E       Index values are different (100.0 %)
E       [left]:  TimedeltaIndex(['1 days', '2 days', '3 days', '4 days', '5 days'], dtype='timedelta64[ns]', freq='D')
E       [right]: TimedeltaIndex(['4 days', '5 days', '1 days', '2 days', '3 days'], dtype='timedelta64[ns]', freq=None)

pandas/tests/indexes/timedeltas/test_setops.py:39: AssertionError
=========================== short test summary info ============================
FAILED pandas/tests/indexes/timedeltas/test_setops.py::TestTimedeltaIndex::test_union_sort_false
============================== 1 failed in 0.31s ===============================
