coverage run -m unittest -q tests.test_http_cookies.WrappedRequestTest.test_get_full_url
======================================================================
ERROR: test_get_full_url (tests.test_http_cookies.WrappedRequestTest)
----------------------------------------------------------------------
Traceback (most recent call last):
  File "/home/user/BugsInPy/temp/projects/scrapy/tests/test_http_cookies.py", line 17, in test_get_full_url
    self.assertEqual(self.wrapped.full_url, self.request.url)
AttributeError: 'WrappedRequest' object has no attribute 'full_url'

----------------------------------------------------------------------
Ran 1 test in 0.002s

FAILED (errors=1)

coverage run -m unittest -q tests.test_http_cookies.WrappedRequestTest.test_get_host
======================================================================
ERROR: test_get_host (tests.test_http_cookies.WrappedRequestTest)
----------------------------------------------------------------------
Traceback (most recent call last):
  File "/home/user/BugsInPy/temp/projects/scrapy/tests/test_http_cookies.py", line 21, in test_get_host
    self.assertEqual(self.wrapped.host, urlparse(self.request.url).netloc)
AttributeError: 'WrappedRequest' object has no attribute 'host'

----------------------------------------------------------------------
Ran 1 test in 0.002s

FAILED (errors=1)

coverage run -m unittest -q tests.test_http_cookies.WrappedRequestTest.test_get_type
======================================================================
ERROR: test_get_type (tests.test_http_cookies.WrappedRequestTest)
----------------------------------------------------------------------
Traceback (most recent call last):
  File "/home/user/BugsInPy/temp/projects/scrapy/tests/test_http_cookies.py", line 25, in test_get_type
    self.assertEqual(self.wrapped.type, urlparse(self.request.url).scheme)
AttributeError: 'WrappedRequest' object has no attribute 'type'

----------------------------------------------------------------------
Ran 1 test in 0.002s

FAILED (errors=1)

coverage run -m unittest -q tests.test_http_cookies.WrappedRequestTest.test_get_origin_req_host
======================================================================
ERROR: test_get_origin_req_host (tests.test_http_cookies.WrappedRequestTest)
----------------------------------------------------------------------
Traceback (most recent call last):
  File "/home/user/BugsInPy/temp/projects/scrapy/tests/test_http_cookies.py", line 38, in test_get_origin_req_host
    self.assertEqual(self.wrapped.origin_req_host, 'www.example.com')
AttributeError: 'WrappedRequest' object has no attribute 'origin_req_host'

----------------------------------------------------------------------
Ran 1 test in 0.002s

FAILED (errors=1)
