coverage run -m unittest -q test.test_utils.TestUtil.test_js_to_json_realworld
======================================================================
FAIL: test_js_to_json_realworld (test.test_utils.TestUtil)
----------------------------------------------------------------------
Traceback (most recent call last):
  File "/home/user/BugsInPy/temp/projects/youtube-dl/test/test_utils.py", line 644, in test_js_to_json_realworld
    self.assertEqual(js_to_json(inp), '''{"foo":101}''')
AssertionError: '{"foo":11}' != '{"foo":101}'
- {"foo":11}
+ {"foo":101}
?         +


----------------------------------------------------------------------
Ran 1 test in 0.004s

FAILED (failures=1)
