coverage run -m pytest tests/rules/test_php_s.py::test_match
============================= test session starts ==============================
platform linux -- Python 3.7.0, pytest-3.10.1, py-1.8.1, pluggy-0.13.1
benchmark: 3.2.3 (defaults: timer=time.perf_counter disable_gc=False min_rounds=5 min_time=0.000005 max_time=1.0 calibration_precision=10 warmup=False warmup_iterations=100000)
rootdir: /home/user/BugsInPy/temp/projects/thefuck, inifile:
plugins: benchmark-3.2.3, mock-3.1.0, docker-pexpect-0.9
collected 2 items

tests/rules/test_php_s.py .F                                             [100%]

=================================== FAILURES ===================================
_____________________________ test_match[command1] _____________________________

command = Command(script=php -t pub -s 0.0.0.0:8080, output=)

    @pytest.mark.parametrize('command', [
        Command('php -s localhost:8000', ''),
        Command('php -t pub -s 0.0.0.0:8080', '')
    ])
    def test_match(command):
>       assert match(command)
E       assert False
E        +  where False = match(Command(script=php -t pub -s 0.0.0.0:8080, output=))

tests/rules/test_php_s.py:11: AssertionError
====================== 1 failed, 1 passed in 0.09 seconds ======================
