coverage run -m pytest pandas/tests/arrays/test_numpy.py::test_setitem_object_typecode
============================= test session starts ==============================
platform linux -- Python 3.8.3, pytest-5.4.3, py-1.8.1, pluggy-0.13.1
rootdir: /home/user/BugsInPy/temp/projects/pandas, inifile: setup.cfg
plugins: hypothesis-5.16.0
collected 2 items

pandas/tests/arrays/test_numpy.py FF                                     [100%]

=================================== FAILURES ===================================
______________________ test_setitem_object_typecode[None] ______________________

dtype = None

    @pytest.mark.parametrize("dtype", [None, object])
    def test_setitem_object_typecode(dtype):
        arr = PandasArray(np.array(["a", "b", "c"], dtype=dtype))
>       arr[0] = "t"

pandas/tests/arrays/test_numpy.py:219: 
_ _ _ _ _ _ _ _ _ _ _ _ _ _ _ _ _ _ _ _ _ _ _ _ _ _ _ _ _ _ _ _ _ _ _ _ _ _ _ _ 
pandas/core/arrays/numpy_.py:239: in __setitem__
    t = np.result_type(value, values)
_ _ _ _ _ _ _ _ _ _ _ _ _ _ _ _ _ _ _ _ _ _ _ _ _ _ _ _ _ _ _ _ _ _ _ _ _ _ _ _ 

args = ('t', array(['a', 'b', 'c'], dtype='<U1')), kwargs = {}
relevant_args = ('t', array(['a', 'b', 'c'], dtype='<U1'))

>   ???
E   TypeError: data type "t" not understood

<__array_function__ internals>:5: TypeError
_____________________ test_setitem_object_typecode[object] _____________________

dtype = <class 'object'>

    @pytest.mark.parametrize("dtype", [None, object])
    def test_setitem_object_typecode(dtype):
        arr = PandasArray(np.array(["a", "b", "c"], dtype=dtype))
>       arr[0] = "t"

pandas/tests/arrays/test_numpy.py:219: 
_ _ _ _ _ _ _ _ _ _ _ _ _ _ _ _ _ _ _ _ _ _ _ _ _ _ _ _ _ _ _ _ _ _ _ _ _ _ _ _ 
pandas/core/arrays/numpy_.py:239: in __setitem__
    t = np.result_type(value, values)
_ _ _ _ _ _ _ _ _ _ _ _ _ _ _ _ _ _ _ _ _ _ _ _ _ _ _ _ _ _ _ _ _ _ _ _ _ _ _ _ 

args = ('t', array(['a', 'b', 'c'], dtype=object)), kwargs = {}
relevant_args = ('t', array(['a', 'b', 'c'], dtype=object))

>   ???
E   TypeError: data type "t" not understood

<__array_function__ internals>:5: TypeError
=========================== short test summary info ============================
FAILED pandas/tests/arrays/test_numpy.py::test_setitem_object_typecode[None]
FAILED pandas/tests/arrays/test_numpy.py::test_setitem_object_typecode[object]
============================== 2 failed in 0.32s ===============================

coverage run -m pytest pandas/tests/arrays/test_numpy.py::test_setitem_no_coercion
============================= test session starts ==============================
platform linux -- Python 3.8.3, pytest-5.4.3, py-1.8.1, pluggy-0.13.1
rootdir: /home/user/BugsInPy/temp/projects/pandas, inifile: setup.cfg
plugins: hypothesis-5.16.0
collected 1 item

pandas/tests/arrays/test_numpy.py F                                      [100%]

=================================== FAILURES ===================================
___________________________ test_setitem_no_coercion ___________________________

    def test_setitem_no_coercion():
        # https://github.com/pandas-dev/pandas/issues/28150
        arr = PandasArray(np.array([1, 2, 3]))
        with pytest.raises(ValueError, match="int"):
>           arr[0] = "a"
E           Failed: DID NOT RAISE <class 'ValueError'>

pandas/tests/arrays/test_numpy.py:228: Failed
=========================== short test summary info ============================
FAILED pandas/tests/arrays/test_numpy.py::test_setitem_no_coercion - Failed: ...
============================== 1 failed in 0.24s ===============================
