coverage run -m unittest -q tests.test_spider.SitemapSpiderTest.test_get_sitemap_urls_from_robotstxt
======================================================================
ERROR: test_get_sitemap_urls_from_robotstxt (tests.test_spider.SitemapSpiderTest)
test_get_sitemap_urls_from_robotstxt
----------------------------------------------------------------------
Traceback (most recent call last):
  File "/opt/conda/envs/15f0149b1fbf715d94535d380cb72343/lib/python3.8/site-packages/twisted/internet/defer.py", line 151, in maybeDeferred
    result = f(*args, **kw)
  File "/opt/conda/envs/15f0149b1fbf715d94535d380cb72343/lib/python3.8/site-packages/twisted/internet/utils.py", line 221, in runWithWarningsSuppressed
    reraise(exc_info[1], exc_info[2])
  File "/opt/conda/envs/15f0149b1fbf715d94535d380cb72343/lib/python3.8/site-packages/twisted/python/compat.py", line 464, in reraise
    raise exception.with_traceback(traceback)
  File "/opt/conda/envs/15f0149b1fbf715d94535d380cb72343/lib/python3.8/site-packages/twisted/internet/utils.py", line 217, in runWithWarningsSuppressed
    result = f(*a, **kw)
  File "/home/user/BugsInPy/temp/projects/scrapy/tests/test_spider.py", line 339, in test_get_sitemap_urls_from_robotstxt
    self.assertEqual([req.url for req in spider._parse_sitemap(r)],
  File "/home/user/BugsInPy/temp/projects/scrapy/tests/test_spider.py", line 339, in <listcomp>
    self.assertEqual([req.url for req in spider._parse_sitemap(r)],
  File "/home/user/BugsInPy/temp/projects/scrapy/scrapy/spiders/sitemap.py", line 35, in _parse_sitemap
    for url in sitemap_urls_from_robots(response.body):
  File "/home/user/BugsInPy/temp/projects/scrapy/scrapy/utils/sitemap.py", line 42, in sitemap_urls_from_robots
    if line.lstrip().startswith('Sitemap:'):
TypeError: startswith first arg must be bytes or a tuple of bytes, not str

----------------------------------------------------------------------
Ran 1 test in 0.111s

FAILED (errors=1)
