coverage run -m pytest lib/matplotlib/tests/test_colors.py::test_SymLogNorm
============================= test session starts ==============================
platform linux -- Python 3.8.1, pytest-7.4.0, pluggy-1.0.0
rootdir: /home/user/BugsInPy/temp/projects/matplotlib
configfile: pytest.ini
collected 1 item

lib/matplotlib/tests/test_colors.py F                                    [100%]

=================================== FAILURES ===================================
_______________________________ test_SymLogNorm ________________________________

    def test_SymLogNorm():
        """
        Test SymLogNorm behavior
        """
>       norm = mcolors.SymLogNorm(3, vmax=5, linscale=1.2, base=np.e)
E       TypeError: __init__() got an unexpected keyword argument 'base'

lib/matplotlib/tests/test_colors.py:401: TypeError
------------------------------ Captured log setup ------------------------------
WARNING  matplotlib.testing:__init__.py:40 Could not set locale to English/United States. Some date-related tests may fail.
=============================== warnings summary ===============================
lib/matplotlib/__init__.py:169
lib/matplotlib/__init__.py:169
lib/matplotlib/__init__.py:169
lib/matplotlib/__init__.py:169
lib/matplotlib/__init__.py:169
  /home/user/BugsInPy/temp/projects/matplotlib/lib/matplotlib/__init__.py:169: DeprecationWarning: distutils Version classes are deprecated. Use packaging.version instead.
    if LooseVersion(module.__version__) < minver:

../../../../../../opt/conda/envs/96e55cef081ba1a7fa5bef32944f9ae7/lib/python3.8/site-packages/setuptools/_distutils/version.py:345
../../../../../../opt/conda/envs/96e55cef081ba1a7fa5bef32944f9ae7/lib/python3.8/site-packages/setuptools/_distutils/version.py:345
../../../../../../opt/conda/envs/96e55cef081ba1a7fa5bef32944f9ae7/lib/python3.8/site-packages/setuptools/_distutils/version.py:345
../../../../../../opt/conda/envs/96e55cef081ba1a7fa5bef32944f9ae7/lib/python3.8/site-packages/setuptools/_distutils/version.py:345
../../../../../../opt/conda/envs/96e55cef081ba1a7fa5bef32944f9ae7/lib/python3.8/site-packages/setuptools/_distutils/version.py:345
  /opt/conda/envs/96e55cef081ba1a7fa5bef32944f9ae7/lib/python3.8/site-packages/setuptools/_distutils/version.py:345: DeprecationWarning: distutils Version classes are deprecated. Use packaging.version instead.
    other = LooseVersion(other)

-- Docs: https://docs.pytest.org/en/stable/how-to/capture-warnings.html
=========================== short test summary info ============================
FAILED lib/matplotlib/tests/test_colors.py::test_SymLogNorm - TypeError: __in...
======================== 1 failed, 10 warnings in 0.14s ========================
/opt/conda/envs/96e55cef081ba1a7fa5bef32944f9ae7/lib/python3.8/site-packages/coverage/inorout.py:523: CoverageWarning: Module mpl_toolkits was previously imported, but not measured (module-not-measured)
  self.warn(msg, slug="module-not-measured")
