coverage run -m unittest -q tests.test_selector.SelectorTestCase.test_selector_bad_args
/home/user/BugsInPy/temp/projects/scrapy/tests/test_selector.py:127: DeprecationWarning: Please use assertRaisesRegex instead.
  with self.assertRaisesRegexp(ValueError, 'received both response and text'):
======================================================================
FAIL: test_selector_bad_args (tests.test_selector.SelectorTestCase)
test_selector_bad_args
----------------------------------------------------------------------
Traceback (most recent call last):
  File "/opt/conda/envs/5bb92171b9991147619eddfef772cb52/lib/python3.8/site-packages/twisted/internet/defer.py", line 151, in maybeDeferred
    result = f(*args, **kw)
  File "/opt/conda/envs/5bb92171b9991147619eddfef772cb52/lib/python3.8/site-packages/twisted/internet/utils.py", line 221, in runWithWarningsSuppressed
    reraise(exc_info[1], exc_info[2])
  File "/opt/conda/envs/5bb92171b9991147619eddfef772cb52/lib/python3.8/site-packages/twisted/python/compat.py", line 464, in reraise
    raise exception.with_traceback(traceback)
  File "/opt/conda/envs/5bb92171b9991147619eddfef772cb52/lib/python3.8/site-packages/twisted/internet/utils.py", line 217, in runWithWarningsSuppressed
    result = f(*a, **kw)
  File "/home/user/BugsInPy/temp/projects/scrapy/tests/test_selector.py", line 128, in test_selector_bad_args
    Selector(TextResponse(url='http://example.com', body=b''), text=u'')
  File "/opt/conda/envs/5bb92171b9991147619eddfef772cb52/lib/python3.8/unittest/case.py", line 227, in __exit__
    self._raiseFailure("{} not raised".format(exc_name))
  File "/opt/conda/envs/5bb92171b9991147619eddfef772cb52/lib/python3.8/unittest/case.py", line 164, in _raiseFailure
    raise self.test_case.failureException(msg)
twisted.trial.unittest.FailTest: ValueError not raised

----------------------------------------------------------------------
Ran 1 test in 0.111s

FAILED (failures=1)
