coverage run -m pytest pandas/tests/indexes/categorical/test_indexing.py::TestContains::test_contains_na_dtype
============================= test session starts ==============================
platform linux -- Python 3.8.3, pytest-5.4.2, py-1.8.1, pluggy-0.13.1
rootdir: /home/user/BugsInPy/temp/projects/pandas, inifile: setup.cfg
plugins: hypothesis-5.15.1
collected 2 items

pandas/tests/indexes/categorical/test_indexing.py FF                     [100%]

=================================== FAILURES ===================================
__________________ TestContains.test_contains_na_dtype[True] ___________________

self = <pandas.tests.indexes.categorical.test_indexing.TestContains object at 0x7fd6e7161ac0>
unwrap = True

    @pytest.mark.parametrize("unwrap", [True, False])
    def test_contains_na_dtype(self, unwrap):
        dti = pd.date_range("2016-01-01", periods=100).insert(0, pd.NaT)
        pi = dti.to_period("D")
        tdi = dti - dti[-1]
        ci = CategoricalIndex(dti)
    
        obj = ci
        if unwrap:
            obj = ci._data
    
        assert np.nan in obj
        assert None in obj
        assert pd.NaT in obj
        assert np.datetime64("NaT") in obj
>       assert np.timedelta64("NaT") not in obj
E       AssertionError: assert numpy.timedelta64('NaT') not in [NaT, 2016-01-01, 2016-01-02, 2016-01-03, 2016-01-04, ..., 2016-04-05, 2016-04-06, 2016-04-07, 2016-04-08, 2016-04-09]...-01-02, 2016-01-03, 2016-01-04, ..., 2016-04-06,\n                                   2016-04-07, 2016-04-08, 2016-04-09]
E        +  where numpy.timedelta64('NaT') = <class 'numpy.timedelta64'>('NaT')
E        +    where <class 'numpy.timedelta64'> = np.timedelta64

pandas/tests/indexes/categorical/test_indexing.py:303: AssertionError
__________________ TestContains.test_contains_na_dtype[False] __________________

self = <pandas.tests.indexes.categorical.test_indexing.TestContains object at 0x7fd6d3223340>
unwrap = False

    @pytest.mark.parametrize("unwrap", [True, False])
    def test_contains_na_dtype(self, unwrap):
        dti = pd.date_range("2016-01-01", periods=100).insert(0, pd.NaT)
        pi = dti.to_period("D")
        tdi = dti - dti[-1]
        ci = CategoricalIndex(dti)
    
        obj = ci
        if unwrap:
            obj = ci._data
    
        assert np.nan in obj
        assert None in obj
        assert pd.NaT in obj
        assert np.datetime64("NaT") in obj
>       assert np.timedelta64("NaT") not in obj
E       AssertionError: assert numpy.timedelta64('NaT') not in CategoricalIndex([       'NaT', '2016-01-01', '2016-01-02', '2016-01-03',\n                  '2016-01-04', '2016-01-05'...0:00, 2016-01-06 00:00:00, 2016-01-07 00:00:00, 2016-01-08 00:00:00, ...], ordered=False, dtype='category', length=101)
E        +  where numpy.timedelta64('NaT') = <class 'numpy.timedelta64'>('NaT')
E        +    where <class 'numpy.timedelta64'> = np.timedelta64

pandas/tests/indexes/categorical/test_indexing.py:303: AssertionError
=========================== short test summary info ============================
FAILED pandas/tests/indexes/categorical/test_indexing.py::TestContains::test_contains_na_dtype[True]
FAILED pandas/tests/indexes/categorical/test_indexing.py::TestContains::test_contains_na_dtype[False]
============================== 2 failed in 0.22s ===============================
