coverage run -m pytest pandas/tests/test_strings.py::TestStringMethods::test_repeat_with_null
============================= test session starts ==============================
platform linux -- Python 3.8.3, pytest-5.4.2, py-1.8.1, pluggy-0.13.1
rootdir: /home/user/BugsInPy/temp/projects/pandas, inifile: setup.cfg
plugins: hypothesis-5.15.1
collected 1 item

pandas/tests/test_strings.py F                                           [100%]

=================================== FAILURES ===================================
___________________ TestStringMethods.test_repeat_with_null ____________________

x = <NA>, r = 4

    def rep(x, r):
        try:
>           return bytes.__mul__(x, r)
E           TypeError: descriptor '__mul__' requires a 'bytes' object but received a 'NAType'

pandas/core/strings.py:779: TypeError

During handling of the above exception, another exception occurred:

self = <pandas.tests.test_strings.TestStringMethods object at 0x7f2781a96910>

    def test_repeat_with_null(self):
        # GH: 31632
        values = Series(["a", None], dtype="string")
>       result = values.str.repeat([3, 4])

pandas/tests/test_strings.py:1163: 
_ _ _ _ _ _ _ _ _ _ _ _ _ _ _ _ _ _ _ _ _ _ _ _ _ _ _ _ _ _ _ _ _ _ _ _ _ _ _ _ 
pandas/core/strings.py:1944: in wrapper
    return func(self, *args, **kwargs)
pandas/core/strings.py:2774: in repeat
    result = str_repeat(self._parent, repeats)
pandas/core/strings.py:784: in str_repeat
    result = libops.vec_binop(np.asarray(arr), repeats, rep)
pandas/_libs/ops.pyx:241: in pandas._libs.ops.vec_binop
    raise
pandas/_libs/ops.pyx:234: in pandas._libs.ops.vec_binop
    result[i] = op(x, y)
_ _ _ _ _ _ _ _ _ _ _ _ _ _ _ _ _ _ _ _ _ _ _ _ _ _ _ _ _ _ _ _ _ _ _ _ _ _ _ _ 

x = <NA>, r = 4

    def rep(x, r):
        try:
            return bytes.__mul__(x, r)
        except TypeError:
>           return str.__mul__(x, r)
E           TypeError: descriptor '__mul__' requires a 'str' object but received a 'NAType'

pandas/core/strings.py:781: TypeError
=========================== short test summary info ============================
FAILED pandas/tests/test_strings.py::TestStringMethods::test_repeat_with_null
============================== 1 failed in 0.74s ===============================
