coverage run -m pytest lib/matplotlib/tests/test_path.py::test_make_compound_path_stops
============================= test session starts ==============================
platform linux -- Python 3.8.1, pytest-7.4.0, pluggy-1.0.0
rootdir: /home/user/BugsInPy/temp/projects/matplotlib
configfile: pytest.ini
collected 1 item

lib/matplotlib/tests/test_path.py F                                      [100%]

=================================== FAILURES ===================================
________________________ test_make_compound_path_stops _________________________

    def test_make_compound_path_stops():
        zero = [0, 0]
        paths = 3*[Path([zero, zero], [Path.MOVETO, Path.STOP])]
        compound_path = Path.make_compound_path(*paths)
>       assert np.sum(compound_path.codes == Path.STOP) == 1
E       assert 3 == 1
E        +  where 3 = <function sum at 0x7f3d3f9cdb80>(array([1, 0, 1, 0, 1, 0], dtype=uint8) == 0)
E        +    where <function sum at 0x7f3d3f9cdb80> = np.sum
E        +    and   array([1, 0, 1, 0, 1, 0], dtype=uint8) = Path(array([[0., 0.],\n       [0., 0.],\n       [0., 0.],\n       [0., 0.],\n       [0., 0.],\n       [0., 0.]]), array([1, 0, 1, 0, 1, 0], dtype=uint8)).codes
E        +    and   0 = Path.STOP

lib/matplotlib/tests/test_path.py:154: AssertionError
------------------------------ Captured log setup ------------------------------
WARNING  matplotlib.testing:__init__.py:40 Could not set locale to English/United States. Some date-related tests may fail.
=============================== warnings summary ===============================
lib/matplotlib/__init__.py:169
lib/matplotlib/__init__.py:169
lib/matplotlib/__init__.py:169
lib/matplotlib/__init__.py:169
lib/matplotlib/__init__.py:169
  /home/user/BugsInPy/temp/projects/matplotlib/lib/matplotlib/__init__.py:169: DeprecationWarning: distutils Version classes are deprecated. Use packaging.version instead.
    if LooseVersion(module.__version__) < minver:

../../../../../../opt/conda/envs/96e55cef081ba1a7fa5bef32944f9ae7/lib/python3.8/site-packages/setuptools/_distutils/version.py:345
../../../../../../opt/conda/envs/96e55cef081ba1a7fa5bef32944f9ae7/lib/python3.8/site-packages/setuptools/_distutils/version.py:345
../../../../../../opt/conda/envs/96e55cef081ba1a7fa5bef32944f9ae7/lib/python3.8/site-packages/setuptools/_distutils/version.py:345
../../../../../../opt/conda/envs/96e55cef081ba1a7fa5bef32944f9ae7/lib/python3.8/site-packages/setuptools/_distutils/version.py:345
../../../../../../opt/conda/envs/96e55cef081ba1a7fa5bef32944f9ae7/lib/python3.8/site-packages/setuptools/_distutils/version.py:345
  /opt/conda/envs/96e55cef081ba1a7fa5bef32944f9ae7/lib/python3.8/site-packages/setuptools/_distutils/version.py:345: DeprecationWarning: distutils Version classes are deprecated. Use packaging.version instead.
    other = LooseVersion(other)

-- Docs: https://docs.pytest.org/en/stable/how-to/capture-warnings.html
=========================== short test summary info ============================
FAILED lib/matplotlib/tests/test_path.py::test_make_compound_path_stops - ass...
======================== 1 failed, 10 warnings in 0.11s ========================
/opt/conda/envs/96e55cef081ba1a7fa5bef32944f9ae7/lib/python3.8/site-packages/coverage/inorout.py:523: CoverageWarning: Module mpl_toolkits was previously imported, but not measured (module-not-measured)
  self.warn(msg, slug="module-not-measured")
