coverage run -m pytest tests/test_redirects.py::TestRedirects::test_max_redirects
============================= test session starts ==============================
platform linux -- Python 3.7.3, pytest-5.4.2, py-1.8.1, pluggy-0.13.1
rootdir: /home/user/BugsInPy/temp/projects/httpie, inifile: pytest.ini
plugins: httpbin-1.0.0
collected 1 item

tests/test_redirects.py F                                                [100%]

=================================== FAILURES ===================================
_______________________ TestRedirects.test_max_redirects _______________________
Traceback (most recent call last):
  File "/home/user/BugsInPy/temp/projects/httpie/tests/test_redirects.py", line 22, in test_max_redirects
    assert r.exit_status == ExitStatus.ERROR_TOO_MANY_REDIRECTS
AssertionError: assert 0 == 6
 +  where 0 = 'HTTP/1.1 200 OK\r\nAccess-Control-Allow-Credentials: true\r\nAccess-Control-Allow-Origin: *\r\nConnection: Close\r\nC...  "User-Agent": "HTTPie/1.0.0-dev"\n    },\n    "origin": "127.0.0.1",\n    "url": "http://127.0.0.1:43165/get"\n}\n\n'.exit_status
 +  and   6 = ExitStatus.ERROR_TOO_MANY_REDIRECTS
----------------------------- Captured stderr call -----------------------------
127.0.0.1 - - [02/Sep/2023 02:44:30] "GET /redirect/3 HTTP/1.1" 302 247
127.0.0.1 - - [02/Sep/2023 02:44:30] "GET /relative-redirect/2 HTTP/1.1" 302 0
127.0.0.1 - - [02/Sep/2023 02:44:30] "GET /relative-redirect/1 HTTP/1.1" 302 0
127.0.0.1 - - [02/Sep/2023 02:44:30] "GET /get HTTP/1.1" 200 212
=============================== warnings summary ===============================
httpie/downloads.py:56
  /home/user/BugsInPy/temp/projects/httpie/httpie/downloads.py:56: DeprecationWarning: invalid escape sequence \d
    '^bytes (?P<first_byte_pos>\d+)-(?P<last_byte_pos>\d+)'

httpie/downloads.py:57
  /home/user/BugsInPy/temp/projects/httpie/httpie/downloads.py:57: DeprecationWarning: invalid escape sequence \*
    '/(\*|(?P<instance_length>\d+))$'

httpie/input.py:463
  /home/user/BugsInPy/temp/projects/httpie/httpie/input.py:463: DeprecationWarning: invalid escape sequence \=
    """

httpie/input.py:11
  /home/user/BugsInPy/temp/projects/httpie/httpie/input.py:11: DeprecationWarning: Using or importing the ABCs from 'collections' instead of from 'collections.abc' is deprecated, and in 3.8 it will stop working
    from collections import namedtuple, Iterable

-- Docs: https://docs.pytest.org/en/latest/warnings.html
=========================== short test summary info ============================
FAILED tests/test_redirects.py::TestRedirects::test_max_redirects - assert 0 ...
======================== 1 failed, 4 warnings in 0.69s =========================
