coverage run -m pytest tests/keras/preprocessing/sequence_test.py::test_TimeSeriesGenerator_doesnt_miss_any_sample
============================= test session starts ==============================
platform linux -- Python 3.7.3, pytest-5.4.3, py-1.8.1, pluggy-0.13.1 -- /opt/conda/envs/dbe8313bd2bb0305ed3f6515aa4d20dc/bin/python
cachedir: .pytest_cache
rootdir: /home/user/BugsInPy/temp/projects/keras, inifile: pytest.ini
plugins: forked-1.1.3, xdist-1.32.0
gw0 I / gw1 I

[gw0] linux Python 3.7.3 cwd: /home/user/BugsInPy/temp/projects/keras

[gw1] linux Python 3.7.3 cwd: /home/user/BugsInPy/temp/projects/keras

[gw0] Python 3.7.3 (default, Mar 27 2019, 22:11:17)  -- [GCC 7.3.0]

[gw1] Python 3.7.3 (default, Mar 27 2019, 22:11:17)  -- [GCC 7.3.0]
gw0 [1] / gw1 [1]

scheduling tests via LoadScheduling

tests/keras/preprocessing/sequence_test.py::test_TimeSeriesGenerator_doesnt_miss_any_sample 
[gw0] [100%] FAILED tests/keras/preprocessing/sequence_test.py::test_TimeSeriesGenerator_doesnt_miss_any_sample 

=================================== FAILURES ===================================
_______________ test_TimeSeriesGenerator_doesnt_miss_any_sample ________________
[gw0] linux -- Python 3.7.3 /opt/conda/envs/dbe8313bd2bb0305ed3f6515aa4d20dc/bin/python

    def test_TimeSeriesGenerator_doesnt_miss_any_sample():
        x = np.array([[i] for i in range(10)])
    
        for length in range(3, 10):
            g = TimeseriesGenerator(x, x,
                                    length=length,
                                    batch_size=1)
            expected = max(0, len(x) - length)
            actual = len(g)
    
>           assert expected == actual
E           assert 7 == 6
E             +7
E             -6

tests/keras/preprocessing/sequence_test.py:192: AssertionError
=============================== warnings summary ===============================
/opt/conda/envs/dbe8313bd2bb0305ed3f6515aa4d20dc/lib/python3.7/site-packages/tensorflow/python/pywrap_tensorflow_internal.py:15
/opt/conda/envs/dbe8313bd2bb0305ed3f6515aa4d20dc/lib/python3.7/site-packages/tensorflow/python/pywrap_tensorflow_internal.py:15
  /opt/conda/envs/dbe8313bd2bb0305ed3f6515aa4d20dc/lib/python3.7/site-packages/tensorflow/python/pywrap_tensorflow_internal.py:15: DeprecationWarning: the imp module is deprecated in favour of importlib; see the module's documentation for alternative uses
    import imp

/opt/conda/envs/dbe8313bd2bb0305ed3f6515aa4d20dc/lib/python3.7/site-packages/tensorflow/python/framework/dtypes.py:526
/opt/conda/envs/dbe8313bd2bb0305ed3f6515aa4d20dc/lib/python3.7/site-packages/tensorflow/python/framework/dtypes.py:526
  /opt/conda/envs/dbe8313bd2bb0305ed3f6515aa4d20dc/lib/python3.7/site-packages/tensorflow/python/framework/dtypes.py:526: FutureWarning: Passing (type, 1) or '1type' as a synonym of type is deprecated; in a future version of numpy, it will be understood as (type, (1,)) / '(1,)type'.
    _np_qint8 = np.dtype([("qint8", np.int8, 1)])

/opt/conda/envs/dbe8313bd2bb0305ed3f6515aa4d20dc/lib/python3.7/site-packages/tensorflow/python/framework/dtypes.py:527
/opt/conda/envs/dbe8313bd2bb0305ed3f6515aa4d20dc/lib/python3.7/site-packages/tensorflow/python/framework/dtypes.py:527
  /opt/conda/envs/dbe8313bd2bb0305ed3f6515aa4d20dc/lib/python3.7/site-packages/tensorflow/python/framework/dtypes.py:527: FutureWarning: Passing (type, 1) or '1type' as a synonym of type is deprecated; in a future version of numpy, it will be understood as (type, (1,)) / '(1,)type'.
    _np_quint8 = np.dtype([("quint8", np.uint8, 1)])

/opt/conda/envs/dbe8313bd2bb0305ed3f6515aa4d20dc/lib/python3.7/site-packages/tensorflow/python/framework/dtypes.py:528
/opt/conda/envs/dbe8313bd2bb0305ed3f6515aa4d20dc/lib/python3.7/site-packages/tensorflow/python/framework/dtypes.py:528
  /opt/conda/envs/dbe8313bd2bb0305ed3f6515aa4d20dc/lib/python3.7/site-packages/tensorflow/python/framework/dtypes.py:528: FutureWarning: Passing (type, 1) or '1type' as a synonym of type is deprecated; in a future version of numpy, it will be understood as (type, (1,)) / '(1,)type'.
    _np_qint16 = np.dtype([("qint16", np.int16, 1)])

/opt/conda/envs/dbe8313bd2bb0305ed3f6515aa4d20dc/lib/python3.7/site-packages/tensorflow/python/framework/dtypes.py:529
/opt/conda/envs/dbe8313bd2bb0305ed3f6515aa4d20dc/lib/python3.7/site-packages/tensorflow/python/framework/dtypes.py:529
  /opt/conda/envs/dbe8313bd2bb0305ed3f6515aa4d20dc/lib/python3.7/site-packages/tensorflow/python/framework/dtypes.py:529: FutureWarning: Passing (type, 1) or '1type' as a synonym of type is deprecated; in a future version of numpy, it will be understood as (type, (1,)) / '(1,)type'.
    _np_quint16 = np.dtype([("quint16", np.uint16, 1)])

/opt/conda/envs/dbe8313bd2bb0305ed3f6515aa4d20dc/lib/python3.7/site-packages/tensorflow/python/framework/dtypes.py:530
/opt/conda/envs/dbe8313bd2bb0305ed3f6515aa4d20dc/lib/python3.7/site-packages/tensorflow/python/framework/dtypes.py:530
  /opt/conda/envs/dbe8313bd2bb0305ed3f6515aa4d20dc/lib/python3.7/site-packages/tensorflow/python/framework/dtypes.py:530: FutureWarning: Passing (type, 1) or '1type' as a synonym of type is deprecated; in a future version of numpy, it will be understood as (type, (1,)) / '(1,)type'.
    _np_qint32 = np.dtype([("qint32", np.int32, 1)])

/opt/conda/envs/dbe8313bd2bb0305ed3f6515aa4d20dc/lib/python3.7/site-packages/tensorflow/python/framework/dtypes.py:535
/opt/conda/envs/dbe8313bd2bb0305ed3f6515aa4d20dc/lib/python3.7/site-packages/tensorflow/python/framework/dtypes.py:535
  /opt/conda/envs/dbe8313bd2bb0305ed3f6515aa4d20dc/lib/python3.7/site-packages/tensorflow/python/framework/dtypes.py:535: FutureWarning: Passing (type, 1) or '1type' as a synonym of type is deprecated; in a future version of numpy, it will be understood as (type, (1,)) / '(1,)type'.
    np_resource = np.dtype([("resource", np.ubyte, 1)])

/opt/conda/envs/dbe8313bd2bb0305ed3f6515aa4d20dc/lib/python3.7/site-packages/tensorflow/python/util/nest.py:823
/opt/conda/envs/dbe8313bd2bb0305ed3f6515aa4d20dc/lib/python3.7/site-packages/tensorflow/python/util/nest.py:823
  /opt/conda/envs/dbe8313bd2bb0305ed3f6515aa4d20dc/lib/python3.7/site-packages/tensorflow/python/util/nest.py:823: DeprecationWarning: Using or importing the ABCs from 'collections' instead of from 'collections.abc' is deprecated, and in 3.8 it will stop working
    _pywrap_tensorflow.RegisterType("Mapping", _collections.Mapping)

/opt/conda/envs/dbe8313bd2bb0305ed3f6515aa4d20dc/lib/python3.7/site-packages/tensorflow/python/util/nest.py:824
/opt/conda/envs/dbe8313bd2bb0305ed3f6515aa4d20dc/lib/python3.7/site-packages/tensorflow/python/util/nest.py:824
  /opt/conda/envs/dbe8313bd2bb0305ed3f6515aa4d20dc/lib/python3.7/site-packages/tensorflow/python/util/nest.py:824: DeprecationWarning: Using or importing the ABCs from 'collections' instead of from 'collections.abc' is deprecated, and in 3.8 it will stop working
    _pywrap_tensorflow.RegisterType("Sequence", _collections.Sequence)

/opt/conda/envs/dbe8313bd2bb0305ed3f6515aa4d20dc/lib/python3.7/site-packages/tensorflow/python/training/checkpointable/data_structures.py:312
/opt/conda/envs/dbe8313bd2bb0305ed3f6515aa4d20dc/lib/python3.7/site-packages/tensorflow/python/training/checkpointable/data_structures.py:312
  /opt/conda/envs/dbe8313bd2bb0305ed3f6515aa4d20dc/lib/python3.7/site-packages/tensorflow/python/training/checkpointable/data_structures.py:312: DeprecationWarning: Using or importing the ABCs from 'collections' instead of from 'collections.abc' is deprecated, and in 3.8 it will stop working
    class _ListWrapper(List, collections.MutableSequence,

/opt/conda/envs/dbe8313bd2bb0305ed3f6515aa4d20dc/lib/python3.7/site-packages/tensorflow/python/training/checkpointable/data_structures.py:546
/opt/conda/envs/dbe8313bd2bb0305ed3f6515aa4d20dc/lib/python3.7/site-packages/tensorflow/python/training/checkpointable/data_structures.py:546
  /opt/conda/envs/dbe8313bd2bb0305ed3f6515aa4d20dc/lib/python3.7/site-packages/tensorflow/python/training/checkpointable/data_structures.py:546: DeprecationWarning: Using or importing the ABCs from 'collections' instead of from 'collections.abc' is deprecated, and in 3.8 it will stop working
    class _DictWrapper(Mapping, collections.MutableMapping):

/opt/conda/envs/dbe8313bd2bb0305ed3f6515aa4d20dc/lib/python3.7/site-packages/tensorflow/python/training/checkpointable/util.py:448
/opt/conda/envs/dbe8313bd2bb0305ed3f6515aa4d20dc/lib/python3.7/site-packages/tensorflow/python/training/checkpointable/util.py:448
  /opt/conda/envs/dbe8313bd2bb0305ed3f6515aa4d20dc/lib/python3.7/site-packages/tensorflow/python/training/checkpointable/util.py:448: DeprecationWarning: Using or importing the ABCs from 'collections' instead of from 'collections.abc' is deprecated, and in 3.8 it will stop working
    class _ObjectIdentitySet(collections.MutableSet):

keras/callbacks.py:18
keras/callbacks.py:18
  /home/user/BugsInPy/temp/projects/keras/keras/callbacks.py:18: DeprecationWarning: Using or importing the ABCs from 'collections' instead of from 'collections.abc' is deprecated, and in 3.8 it will stop working
    from collections import Iterable

-- Docs: https://docs.pytest.org/en/latest/warnings.html
========================== slowest 10 test durations ===========================

(0.00 durations hidden.  Use -vv to show these durations.)
=========================== short test summary info ============================
FAILED tests/keras/preprocessing/sequence_test.py::test_TimeSeriesGenerator_doesnt_miss_any_sample
======================== 1 failed, 26 warnings in 1.55s ========================
/opt/conda/envs/dbe8313bd2bb0305ed3f6515aa4d20dc/lib/python3.7/site-packages/coverage/control.py:793: CoverageWarning: No data was collected. (no-data-collected)
  self._warn("No data was collected.", slug="no-data-collected")

coverage run -m pytest tests/keras/preprocessing/sequence_test.py::test_TimeseriesGenerator
============================= test session starts ==============================
platform linux -- Python 3.7.3, pytest-5.4.3, py-1.8.1, pluggy-0.13.1 -- /opt/conda/envs/dbe8313bd2bb0305ed3f6515aa4d20dc/bin/python
cachedir: .pytest_cache
rootdir: /home/user/BugsInPy/temp/projects/keras, inifile: pytest.ini
plugins: forked-1.1.3, xdist-1.32.0
gw0 I / gw1 I

[gw0] linux Python 3.7.3 cwd: /home/user/BugsInPy/temp/projects/keras

[gw1] linux Python 3.7.3 cwd: /home/user/BugsInPy/temp/projects/keras

[gw0] Python 3.7.3 (default, Mar 27 2019, 22:11:17)  -- [GCC 7.3.0]

[gw1] Python 3.7.3 (default, Mar 27 2019, 22:11:17)  -- [GCC 7.3.0]
gw0 [1] / gw1 [1]

scheduling tests via LoadScheduling

tests/keras/preprocessing/sequence_test.py::test_TimeseriesGenerator 
[gw0] [100%] FAILED tests/keras/preprocessing/sequence_test.py::test_TimeseriesGenerator 

=================================== FAILURES ===================================
___________________________ test_TimeseriesGenerator ___________________________
[gw0] linux -- Python 3.7.3 /opt/conda/envs/dbe8313bd2bb0305ed3f6515aa4d20dc/bin/python

    def test_TimeseriesGenerator():
        data = np.array([[i] for i in range(50)])
        targets = np.array([[i] for i in range(50)])
    
        data_gen = TimeseriesGenerator(data, targets,
                                       length=10, sampling_rate=2,
                                       batch_size=2)
        assert len(data_gen) == 20
        assert (np.allclose(data_gen[0][0],
                            np.array([[[0], [2], [4], [6], [8]],
                                      [[1], [3], [5], [7], [9]]])))
        assert (np.allclose(data_gen[0][1],
                            np.array([[10], [11]])))
        assert (np.allclose(data_gen[1][0],
                            np.array([[[2], [4], [6], [8], [10]],
                                      [[3], [5], [7], [9], [11]]])))
        assert (np.allclose(data_gen[1][1],
                            np.array([[12], [13]])))
    
        data_gen = TimeseriesGenerator(data, targets,
                                       length=10, sampling_rate=2, reverse=True,
                                       batch_size=2)
        assert len(data_gen) == 20
        assert (np.allclose(data_gen[0][0],
                            np.array([[[8], [6], [4], [2], [0]],
                                      [[9], [7], [5], [3], [1]]])))
        assert (np.allclose(data_gen[0][1],
                            np.array([[10], [11]])))
    
        data_gen = TimeseriesGenerator(data, targets,
                                       length=10, sampling_rate=2, shuffle=True,
                                       batch_size=1)
        batch = data_gen[0]
        r = batch[1][0][0]
        assert (np.allclose(batch[0],
                            np.array([[[r - 10],
                                       [r - 8],
                                       [r - 6],
                                       [r - 4],
                                       [r - 2]]])))
        assert (np.allclose(batch[1], np.array([[r], ])))
    
        data_gen = TimeseriesGenerator(data, targets,
                                       length=10, sampling_rate=2, stride=2,
                                       batch_size=2)
        assert len(data_gen) == 10
        assert (np.allclose(data_gen[1][0],
                            np.array([[[4], [6], [8], [10], [12]],
                                      [[6], [8], [10], [12], [14]]])))
        assert (np.allclose(data_gen[1][1],
                            np.array([[14], [16]])))
    
        data_gen = TimeseriesGenerator(data, targets,
                                       length=10, sampling_rate=2,
                                       start_index=10, end_index=30,
                                       batch_size=2)
>       assert len(data_gen) == 6
E       assert 5 == 6
E         +5
E         -6

tests/keras/preprocessing/sequence_test.py:157: AssertionError
=============================== warnings summary ===============================
/opt/conda/envs/dbe8313bd2bb0305ed3f6515aa4d20dc/lib/python3.7/site-packages/tensorflow/python/pywrap_tensorflow_internal.py:15
/opt/conda/envs/dbe8313bd2bb0305ed3f6515aa4d20dc/lib/python3.7/site-packages/tensorflow/python/pywrap_tensorflow_internal.py:15
  /opt/conda/envs/dbe8313bd2bb0305ed3f6515aa4d20dc/lib/python3.7/site-packages/tensorflow/python/pywrap_tensorflow_internal.py:15: DeprecationWarning: the imp module is deprecated in favour of importlib; see the module's documentation for alternative uses
    import imp

/opt/conda/envs/dbe8313bd2bb0305ed3f6515aa4d20dc/lib/python3.7/site-packages/tensorflow/python/framework/dtypes.py:526
/opt/conda/envs/dbe8313bd2bb0305ed3f6515aa4d20dc/lib/python3.7/site-packages/tensorflow/python/framework/dtypes.py:526
  /opt/conda/envs/dbe8313bd2bb0305ed3f6515aa4d20dc/lib/python3.7/site-packages/tensorflow/python/framework/dtypes.py:526: FutureWarning: Passing (type, 1) or '1type' as a synonym of type is deprecated; in a future version of numpy, it will be understood as (type, (1,)) / '(1,)type'.
    _np_qint8 = np.dtype([("qint8", np.int8, 1)])

/opt/conda/envs/dbe8313bd2bb0305ed3f6515aa4d20dc/lib/python3.7/site-packages/tensorflow/python/framework/dtypes.py:527
/opt/conda/envs/dbe8313bd2bb0305ed3f6515aa4d20dc/lib/python3.7/site-packages/tensorflow/python/framework/dtypes.py:527
  /opt/conda/envs/dbe8313bd2bb0305ed3f6515aa4d20dc/lib/python3.7/site-packages/tensorflow/python/framework/dtypes.py:527: FutureWarning: Passing (type, 1) or '1type' as a synonym of type is deprecated; in a future version of numpy, it will be understood as (type, (1,)) / '(1,)type'.
    _np_quint8 = np.dtype([("quint8", np.uint8, 1)])

/opt/conda/envs/dbe8313bd2bb0305ed3f6515aa4d20dc/lib/python3.7/site-packages/tensorflow/python/framework/dtypes.py:528
/opt/conda/envs/dbe8313bd2bb0305ed3f6515aa4d20dc/lib/python3.7/site-packages/tensorflow/python/framework/dtypes.py:528
  /opt/conda/envs/dbe8313bd2bb0305ed3f6515aa4d20dc/lib/python3.7/site-packages/tensorflow/python/framework/dtypes.py:528: FutureWarning: Passing (type, 1) or '1type' as a synonym of type is deprecated; in a future version of numpy, it will be understood as (type, (1,)) / '(1,)type'.
    _np_qint16 = np.dtype([("qint16", np.int16, 1)])

/opt/conda/envs/dbe8313bd2bb0305ed3f6515aa4d20dc/lib/python3.7/site-packages/tensorflow/python/framework/dtypes.py:529
/opt/conda/envs/dbe8313bd2bb0305ed3f6515aa4d20dc/lib/python3.7/site-packages/tensorflow/python/framework/dtypes.py:529
  /opt/conda/envs/dbe8313bd2bb0305ed3f6515aa4d20dc/lib/python3.7/site-packages/tensorflow/python/framework/dtypes.py:529: FutureWarning: Passing (type, 1) or '1type' as a synonym of type is deprecated; in a future version of numpy, it will be understood as (type, (1,)) / '(1,)type'.
    _np_quint16 = np.dtype([("quint16", np.uint16, 1)])

/opt/conda/envs/dbe8313bd2bb0305ed3f6515aa4d20dc/lib/python3.7/site-packages/tensorflow/python/framework/dtypes.py:530
/opt/conda/envs/dbe8313bd2bb0305ed3f6515aa4d20dc/lib/python3.7/site-packages/tensorflow/python/framework/dtypes.py:530
  /opt/conda/envs/dbe8313bd2bb0305ed3f6515aa4d20dc/lib/python3.7/site-packages/tensorflow/python/framework/dtypes.py:530: FutureWarning: Passing (type, 1) or '1type' as a synonym of type is deprecated; in a future version of numpy, it will be understood as (type, (1,)) / '(1,)type'.
    _np_qint32 = np.dtype([("qint32", np.int32, 1)])

/opt/conda/envs/dbe8313bd2bb0305ed3f6515aa4d20dc/lib/python3.7/site-packages/tensorflow/python/framework/dtypes.py:535
/opt/conda/envs/dbe8313bd2bb0305ed3f6515aa4d20dc/lib/python3.7/site-packages/tensorflow/python/framework/dtypes.py:535
  /opt/conda/envs/dbe8313bd2bb0305ed3f6515aa4d20dc/lib/python3.7/site-packages/tensorflow/python/framework/dtypes.py:535: FutureWarning: Passing (type, 1) or '1type' as a synonym of type is deprecated; in a future version of numpy, it will be understood as (type, (1,)) / '(1,)type'.
    np_resource = np.dtype([("resource", np.ubyte, 1)])

/opt/conda/envs/dbe8313bd2bb0305ed3f6515aa4d20dc/lib/python3.7/site-packages/tensorflow/python/util/nest.py:823
/opt/conda/envs/dbe8313bd2bb0305ed3f6515aa4d20dc/lib/python3.7/site-packages/tensorflow/python/util/nest.py:823
  /opt/conda/envs/dbe8313bd2bb0305ed3f6515aa4d20dc/lib/python3.7/site-packages/tensorflow/python/util/nest.py:823: DeprecationWarning: Using or importing the ABCs from 'collections' instead of from 'collections.abc' is deprecated, and in 3.8 it will stop working
    _pywrap_tensorflow.RegisterType("Mapping", _collections.Mapping)

/opt/conda/envs/dbe8313bd2bb0305ed3f6515aa4d20dc/lib/python3.7/site-packages/tensorflow/python/util/nest.py:824
/opt/conda/envs/dbe8313bd2bb0305ed3f6515aa4d20dc/lib/python3.7/site-packages/tensorflow/python/util/nest.py:824
  /opt/conda/envs/dbe8313bd2bb0305ed3f6515aa4d20dc/lib/python3.7/site-packages/tensorflow/python/util/nest.py:824: DeprecationWarning: Using or importing the ABCs from 'collections' instead of from 'collections.abc' is deprecated, and in 3.8 it will stop working
    _pywrap_tensorflow.RegisterType("Sequence", _collections.Sequence)

/opt/conda/envs/dbe8313bd2bb0305ed3f6515aa4d20dc/lib/python3.7/site-packages/tensorflow/python/training/checkpointable/data_structures.py:312
/opt/conda/envs/dbe8313bd2bb0305ed3f6515aa4d20dc/lib/python3.7/site-packages/tensorflow/python/training/checkpointable/data_structures.py:312
  /opt/conda/envs/dbe8313bd2bb0305ed3f6515aa4d20dc/lib/python3.7/site-packages/tensorflow/python/training/checkpointable/data_structures.py:312: DeprecationWarning: Using or importing the ABCs from 'collections' instead of from 'collections.abc' is deprecated, and in 3.8 it will stop working
    class _ListWrapper(List, collections.MutableSequence,

/opt/conda/envs/dbe8313bd2bb0305ed3f6515aa4d20dc/lib/python3.7/site-packages/tensorflow/python/training/checkpointable/data_structures.py:546
/opt/conda/envs/dbe8313bd2bb0305ed3f6515aa4d20dc/lib/python3.7/site-packages/tensorflow/python/training/checkpointable/data_structures.py:546
  /opt/conda/envs/dbe8313bd2bb0305ed3f6515aa4d20dc/lib/python3.7/site-packages/tensorflow/python/training/checkpointable/data_structures.py:546: DeprecationWarning: Using or importing the ABCs from 'collections' instead of from 'collections.abc' is deprecated, and in 3.8 it will stop working
    class _DictWrapper(Mapping, collections.MutableMapping):

/opt/conda/envs/dbe8313bd2bb0305ed3f6515aa4d20dc/lib/python3.7/site-packages/tensorflow/python/training/checkpointable/util.py:448
/opt/conda/envs/dbe8313bd2bb0305ed3f6515aa4d20dc/lib/python3.7/site-packages/tensorflow/python/training/checkpointable/util.py:448
  /opt/conda/envs/dbe8313bd2bb0305ed3f6515aa4d20dc/lib/python3.7/site-packages/tensorflow/python/training/checkpointable/util.py:448: DeprecationWarning: Using or importing the ABCs from 'collections' instead of from 'collections.abc' is deprecated, and in 3.8 it will stop working
    class _ObjectIdentitySet(collections.MutableSet):

keras/callbacks.py:18
keras/callbacks.py:18
  /home/user/BugsInPy/temp/projects/keras/keras/callbacks.py:18: DeprecationWarning: Using or importing the ABCs from 'collections' instead of from 'collections.abc' is deprecated, and in 3.8 it will stop working
    from collections import Iterable

-- Docs: https://docs.pytest.org/en/latest/warnings.html
========================== slowest 10 test durations ===========================

(0.00 durations hidden.  Use -vv to show these durations.)
=========================== short test summary info ============================
FAILED tests/keras/preprocessing/sequence_test.py::test_TimeseriesGenerator
======================== 1 failed, 26 warnings in 1.54s ========================
/opt/conda/envs/dbe8313bd2bb0305ed3f6515aa4d20dc/lib/python3.7/site-packages/coverage/control.py:793: CoverageWarning: No data was collected. (no-data-collected)
  self._warn("No data was collected.", slug="no-data-collected")
