coverage run -m pytest tests/rules/test_fix_file.py::test_not_file
============================= test session starts ==============================
platform linux -- Python 3.7.0, pytest-3.10.1, py-1.8.1, pluggy-0.13.1
benchmark: 3.2.3 (defaults: timer=time.perf_counter disable_gc=False min_rounds=5 min_time=0.000005 max_time=1.0 calibration_precision=10 warmup=False warmup_iterations=100000)
rootdir: /home/user/BugsInPy/temp/projects/thefuck, inifile:
plugins: benchmark-3.2.3, mock-3.1.0, docker-pexpect-0.9
collected 20 items

tests/rules/test_fix_file.py FFFFFFFFFFFFFFFFFFFF                        [100%]

=================================== FAILURES ===================================
_____________________________ test_not_file[test0] _____________________________

mocker = <pytest_mock.plugin.MockFixture object at 0x7fd1e53cad30>
monkeypatch = <_pytest.monkeypatch.MonkeyPatch object at 0x7fd1e53ca630>
test = ('gcc a.c', 'a.c', 3, 1, "\na.c: In function 'main':\na.c:3:1: error: expected expression before '}' token\n }\n  ^\n")

    @pytest.mark.parametrize('test', tests)
    def test_not_file(mocker, monkeypatch, test):
        mocker.patch('os.path.isfile', return_value=False)
        monkeypatch.setenv('EDITOR', 'dummy_editor')
    
>       assert not match(Command(stderr=test[4]), None)
E       assert not <re.Match object; span=(26, 32), match='a.c:3:'>
E        +  where <re.Match object; span=(26, 32), match='a.c:3:'> = match(Command(script='', stdout='', stderr="\na.c: In function 'main':\na.c:3:1: error: expected expression before '}' token\n }\n  ^\n"), None)
E        +    where Command(script='', stdout='', stderr="\na.c: In function 'main':\na.c:3:1: error: expected expression before '}' token\n }\n  ^\n") = Command(stderr="\na.c: In function 'main':\na.c:3:1: error: expected expression before '}' token\n }\n  ^\n")

tests/rules/test_fix_file.py:181: AssertionError
_____________________________ test_not_file[test1] _____________________________

mocker = <pytest_mock.plugin.MockFixture object at 0x7fd1e52f8c18>
monkeypatch = <_pytest.monkeypatch.MonkeyPatch object at 0x7fd1e52f8b38>
test = ('clang a.c', 'a.c', 3, 1, '\na.c:3:1: error: expected expression\n}\n^\n')

    @pytest.mark.parametrize('test', tests)
    def test_not_file(mocker, monkeypatch, test):
        mocker.patch('os.path.isfile', return_value=False)
        monkeypatch.setenv('EDITOR', 'dummy_editor')
    
>       assert not match(Command(stderr=test[4]), None)
E       AssertionError: assert not <re.Match object; span=(1, 7), match='a.c:3:'>
E        +  where <re.Match object; span=(1, 7), match='a.c:3:'> = match(Command(script='', stdout='', stderr='\na.c:3:1: error: expected expression\n}\n^\n'), None)
E        +    where Command(script='', stdout='', stderr='\na.c:3:1: error: expected expression\n}\n^\n') = Command(stderr='\na.c:3:1: error: expected expression\n}\n^\n')

tests/rules/test_fix_file.py:181: AssertionError
_____________________________ test_not_file[test2] _____________________________

mocker = <pytest_mock.plugin.MockFixture object at 0x7fd1e5368f28>
monkeypatch = <_pytest.monkeypatch.MonkeyPatch object at 0x7fd1e5368b00>
test = ('perl a.pl', 'a.pl', 3, None, '\nsyntax error at a.pl line 3, at EOF\nExecution of a.pl aborted due to compilation errors.\n')

    @pytest.mark.parametrize('test', tests)
    def test_not_file(mocker, monkeypatch, test):
        mocker.patch('os.path.isfile', return_value=False)
        monkeypatch.setenv('EDITOR', 'dummy_editor')
    
>       assert not match(Command(stderr=test[4]), None)
E       AssertionError: assert not <re.Match object; span=(14, 28), match='at a.pl line 3'>
E        +  where <re.Match object; span=(14, 28), match='at a.pl line 3'> = match(Command(script='', stdout='', stderr='\nsyntax error at a.pl line 3, at EOF\nExecution of a.pl aborted due to compilation errors.\n'), None)
E        +    where Command(script='', stdout='', stderr='\nsyntax error at a.pl line 3, at EOF\nExecution of a.pl aborted due to compilation errors.\n') = Command(stderr='\nsyntax error at a.pl line 3, at EOF\nExecution of a.pl aborted due to compilation errors.\n')

tests/rules/test_fix_file.py:181: AssertionError
_____________________________ test_not_file[test3] _____________________________

mocker = <pytest_mock.plugin.MockFixture object at 0x7fd1e52f7d68>
monkeypatch = <_pytest.monkeypatch.MonkeyPatch object at 0x7fd1e52f7c88>
test = ('perl a.pl', 'a.pl', 2, None, '\nSearch pattern not terminated at a.pl line 2.\n')

    @pytest.mark.parametrize('test', tests)
    def test_not_file(mocker, monkeypatch, test):
        mocker.patch('os.path.isfile', return_value=False)
        monkeypatch.setenv('EDITOR', 'dummy_editor')
    
>       assert not match(Command(stderr=test[4]), None)
E       AssertionError: assert not <re.Match object; span=(31, 45), match='at a.pl line 2'>
E        +  where <re.Match object; span=(31, 45), match='at a.pl line 2'> = match(Command(script='', stdout='', stderr='\nSearch pattern not terminated at a.pl line 2.\n'), None)
E        +    where Command(script='', stdout='', stderr='\nSearch pattern not terminated at a.pl line 2.\n') = Command(stderr='\nSearch pattern not terminated at a.pl line 2.\n')

tests/rules/test_fix_file.py:181: AssertionError
_____________________________ test_not_file[test4] _____________________________

mocker = <pytest_mock.plugin.MockFixture object at 0x7fd1e52ffa58>
monkeypatch = <_pytest.monkeypatch.MonkeyPatch object at 0x7fd1e52ff7b8>
test = ('sh a.sh', 'a.sh', 2, None, '\na.sh: line 2: foo: command not found\n')

    @pytest.mark.parametrize('test', tests)
    def test_not_file(mocker, monkeypatch, test):
        mocker.patch('os.path.isfile', return_value=False)
        monkeypatch.setenv('EDITOR', 'dummy_editor')
    
>       assert not match(Command(stderr=test[4]), None)
E       AssertionError: assert not <re.Match object; span=(1, 15), match='a.sh: line 2: '>
E        +  where <re.Match object; span=(1, 15), match='a.sh: line 2: '> = match(Command(script='', stdout='', stderr='\na.sh: line 2: foo: command not found\n'), None)
E        +    where Command(script='', stdout='', stderr='\na.sh: line 2: foo: command not found\n') = Command(stderr='\na.sh: line 2: foo: command not found\n')

tests/rules/test_fix_file.py:181: AssertionError
_____________________________ test_not_file[test5] _____________________________

mocker = <pytest_mock.plugin.MockFixture object at 0x7fd1e5322eb8>
monkeypatch = <_pytest.monkeypatch.MonkeyPatch object at 0x7fd1e5322f60>
test = ('zsh a.sh', 'a.sh', 2, None, '\na.sh:2: command not found: foo\n')

    @pytest.mark.parametrize('test', tests)
    def test_not_file(mocker, monkeypatch, test):
        mocker.patch('os.path.isfile', return_value=False)
        monkeypatch.setenv('EDITOR', 'dummy_editor')
    
>       assert not match(Command(stderr=test[4]), None)
E       AssertionError: assert not <re.Match object; span=(1, 8), match='a.sh:2:'>
E        +  where <re.Match object; span=(1, 8), match='a.sh:2:'> = match(Command(script='', stdout='', stderr='\na.sh:2: command not found: foo\n'), None)
E        +    where Command(script='', stdout='', stderr='\na.sh:2: command not found: foo\n') = Command(stderr='\na.sh:2: command not found: foo\n')

tests/rules/test_fix_file.py:181: AssertionError
_____________________________ test_not_file[test6] _____________________________

mocker = <pytest_mock.plugin.MockFixture object at 0x7fd1e5322ef0>
monkeypatch = <_pytest.monkeypatch.MonkeyPatch object at 0x7fd1e5322940>
test = ('bash a.sh', 'a.sh', 2, None, '\na.sh: line 2: foo: command not found\n')

    @pytest.mark.parametrize('test', tests)
    def test_not_file(mocker, monkeypatch, test):
        mocker.patch('os.path.isfile', return_value=False)
        monkeypatch.setenv('EDITOR', 'dummy_editor')
    
>       assert not match(Command(stderr=test[4]), None)
E       AssertionError: assert not <re.Match object; span=(1, 15), match='a.sh: line 2: '>
E        +  where <re.Match object; span=(1, 15), match='a.sh: line 2: '> = match(Command(script='', stdout='', stderr='\na.sh: line 2: foo: command not found\n'), None)
E        +    where Command(script='', stdout='', stderr='\na.sh: line 2: foo: command not found\n') = Command(stderr='\na.sh: line 2: foo: command not found\n')

tests/rules/test_fix_file.py:181: AssertionError
_____________________________ test_not_file[test7] _____________________________

mocker = <pytest_mock.plugin.MockFixture object at 0x7fd1e52f8710>
monkeypatch = <_pytest.monkeypatch.MonkeyPatch object at 0x7fd1e52f8780>
test = ('rustc a.rs', 'a.rs', 2, 5, '\na.rs:2:5: 2:6 error: unexpected token: `+`\na.rs:2     +\n           ^\n')

    @pytest.mark.parametrize('test', tests)
    def test_not_file(mocker, monkeypatch, test):
        mocker.patch('os.path.isfile', return_value=False)
        monkeypatch.setenv('EDITOR', 'dummy_editor')
    
>       assert not match(Command(stderr=test[4]), None)
E       AssertionError: assert not <re.Match object; span=(1, 8), match='a.rs:2:'>
E        +  where <re.Match object; span=(1, 8), match='a.rs:2:'> = match(Command(script='', stdout='', stderr='\na.rs:2:5: 2:6 error: unexpected token: `+`\na.rs:2     +\n           ^\n'), None)
E        +    where Command(script='', stdout='', stderr='\na.rs:2:5: 2:6 error: unexpected token: `+`\na.rs:2     +\n           ^\n') = Command(stderr='\na.rs:2:5: 2:6 error: unexpected token: `+`\na.rs:2     +\n           ^\n')

tests/rules/test_fix_file.py:181: AssertionError
_____________________________ test_not_file[test8] _____________________________

mocker = <pytest_mock.plugin.MockFixture object at 0x7fd1e52f77b8>
monkeypatch = <_pytest.monkeypatch.MonkeyPatch object at 0x7fd1e52f7828>
test = ('cargo build', 'src/lib.rs', 3, 5, '\n   Compiling test v0.1.0 (file:///tmp/fix-error/test)\n   src/lib.rs:3:5: 3:6 e...s:3     +\n                    ^\nCould not compile `test`.\n\nTo learn more, run the command again with --verbose.\n')

    @pytest.mark.parametrize('test', tests)
    def test_not_file(mocker, monkeypatch, test):
        mocker.patch('os.path.isfile', return_value=False)
        monkeypatch.setenv('EDITOR', 'dummy_editor')
    
>       assert not match(Command(stderr=test[4]), None)
E       AssertionError: assert not <re.Match object; span=(55, 72), match='   src/lib.rs:3:5'>
E        +  where <re.Match object; span=(55, 72), match='   src/lib.rs:3:5'> = match(Command(script='', stdout='', stderr='\n   Compiling test v0.1.0 (file:///tmp/fix-error/test)\n   src/lib.rs:3:5: 3:6 ...s:3     +\n                    ^\nCould not compile `test`.\n\nTo learn more, run the command again with --verbose.\n'), None)
E        +    where Command(script='', stdout='', stderr='\n   Compiling test v0.1.0 (file:///tmp/fix-error/test)\n   src/lib.rs:3:5: 3:6 ...s:3     +\n                    ^\nCould not compile `test`.\n\nTo learn more, run the command again with --verbose.\n') = Command(stderr='\n   Compiling test v0.1.0 (file:///tmp/fix-error/test)\n   src/lib.rs:3:5: 3:6 error: unexpected token: `+`\n   src/...rs:3     +\n                    ^\nCould not compile `test`.\n\nTo learn more, run the command again with --verbose.\n')

tests/rules/test_fix_file.py:181: AssertionError
_____________________________ test_not_file[test9] _____________________________

mocker = <pytest_mock.plugin.MockFixture object at 0x7fd1e5368a90>
monkeypatch = <_pytest.monkeypatch.MonkeyPatch object at 0x7fd1e5368908>
test = ('python a.py', 'a.py', 2, None, '\n  File "a.py", line 2\n      +\n          ^\nSyntaxError: invalid syntax\n')

    @pytest.mark.parametrize('test', tests)
    def test_not_file(mocker, monkeypatch, test):
        mocker.patch('os.path.isfile', return_value=False)
        monkeypatch.setenv('EDITOR', 'dummy_editor')
    
>       assert not match(Command(stderr=test[4]), None)
E       assert not <re.Match object; span=(1, 22), match='  File "a.py", line 2'>
E        +  where <re.Match object; span=(1, 22), match='  File "a.py", line 2'> = match(Command(script='', stdout='', stderr='\n  File "a.py", line 2\n      +\n          ^\nSyntaxError: invalid syntax\n'), None)
E        +    where Command(script='', stdout='', stderr='\n  File "a.py", line 2\n      +\n          ^\nSyntaxError: invalid syntax\n') = Command(stderr='\n  File "a.py", line 2\n      +\n          ^\nSyntaxError: invalid syntax\n')

tests/rules/test_fix_file.py:181: AssertionError
____________________________ test_not_file[test10] _____________________________

mocker = <pytest_mock.plugin.MockFixture object at 0x7fd1e5342898>
monkeypatch = <_pytest.monkeypatch.MonkeyPatch object at 0x7fd1e53428d0>
test = ('python a.py', 'a.py', 8, None, '\nTraceback (most recent call last):\n  File "a.py", line 8, in <module>\n    match(...("first argument must be string or compiled pattern")\nTypeError: first argument must be string or compiled pattern\n')

    @pytest.mark.parametrize('test', tests)
    def test_not_file(mocker, monkeypatch, test):
        mocker.patch('os.path.isfile', return_value=False)
        monkeypatch.setenv('EDITOR', 'dummy_editor')
    
>       assert not match(Command(stderr=test[4]), None)
E       assert not <re.Match object; span=(36, 57), match='  File "a.py", line 8'>
E        +  where <re.Match object; span=(36, 57), match='  File "a.py", line 8'> = match(Command(script='', stdout='', stderr='\nTraceback (most recent call last):\n  File "a.py", line 8, in <module>\n    ma...("first argument must be string or compiled pattern")\nTypeError: first argument must be string or compiled pattern\n'), None)
E        +    where Command(script='', stdout='', stderr='\nTraceback (most recent call last):\n  File "a.py", line 8, in <module>\n    ma...("first argument must be string or compiled pattern")\nTypeError: first argument must be string or compiled pattern\n') = Command(stderr='\nTraceback (most recent call last):\n  File "a.py", line 8, in <module>\n    match("foo")\n  File "a.py", line 5, in...r("first argument must be string or compiled pattern")\nTypeError: first argument must be string or compiled pattern\n')

tests/rules/test_fix_file.py:181: AssertionError
____________________________ test_not_file[test11] _____________________________

mocker = <pytest_mock.plugin.MockFixture object at 0x7fd1e52c1c88>
monkeypatch = <_pytest.monkeypatch.MonkeyPatch object at 0x7fd1e52c1ba8>
test = ('ruby a.rb', 'a.rb', 3, None, '\na.rb:3: syntax error, unexpected keyword_end\n')

    @pytest.mark.parametrize('test', tests)
    def test_not_file(mocker, monkeypatch, test):
        mocker.patch('os.path.isfile', return_value=False)
        monkeypatch.setenv('EDITOR', 'dummy_editor')
    
>       assert not match(Command(stderr=test[4]), None)
E       AssertionError: assert not <re.Match object; span=(1, 8), match='a.rb:3:'>
E        +  where <re.Match object; span=(1, 8), match='a.rb:3:'> = match(Command(script='', stdout='', stderr='\na.rb:3: syntax error, unexpected keyword_end\n'), None)
E        +    where Command(script='', stdout='', stderr='\na.rb:3: syntax error, unexpected keyword_end\n') = Command(stderr='\na.rb:3: syntax error, unexpected keyword_end\n')

tests/rules/test_fix_file.py:181: AssertionError
____________________________ test_not_file[test12] _____________________________

mocker = <pytest_mock.plugin.MockFixture object at 0x7fd1e52e6ac8>
monkeypatch = <_pytest.monkeypatch.MonkeyPatch object at 0x7fd1e52e6b38>
test = ('lua a.lua', 'a.lua', 2, None, "\nlua: a.lua:2: unexpected symbol near '+'\n")

    @pytest.mark.parametrize('test', tests)
    def test_not_file(mocker, monkeypatch, test):
        mocker.patch('os.path.isfile', return_value=False)
        monkeypatch.setenv('EDITOR', 'dummy_editor')
    
>       assert not match(Command(stderr=test[4]), None)
E       assert not <re.Match object; span=(1, 14), match='lua: a.lua:2:'>
E        +  where <re.Match object; span=(1, 14), match='lua: a.lua:2:'> = match(Command(script='', stdout='', stderr="\nlua: a.lua:2: unexpected symbol near '+'\n"), None)
E        +    where Command(script='', stdout='', stderr="\nlua: a.lua:2: unexpected symbol near '+'\n") = Command(stderr="\nlua: a.lua:2: unexpected symbol near '+'\n")

tests/rules/test_fix_file.py:181: AssertionError
____________________________ test_not_file[test13] _____________________________

mocker = <pytest_mock.plugin.MockFixture object at 0x7fd1e52cee80>
monkeypatch = <_pytest.monkeypatch.MonkeyPatch object at 0x7fd1e52cecf8>
test = ('fish a.sh', '/tmp/fix-error/a.sh', 2, None, "\nfish: Unknown command 'foo'\n/tmp/fix-error/a.sh (line 2): foo\n                              ^\n")

    @pytest.mark.parametrize('test', tests)
    def test_not_file(mocker, monkeypatch, test):
        mocker.patch('os.path.isfile', return_value=False)
        monkeypatch.setenv('EDITOR', 'dummy_editor')
    
>       assert not match(Command(stderr=test[4]), None)
E       assert not <re.Match object; span=(29, 58), match='/tmp/fix-error/a.sh (line 2):'>
E        +  where <re.Match object; span=(29, 58), match='/tmp/fix-error/a.sh (line 2):'> = match(Command(script='', stdout='', stderr="\nfish: Unknown command 'foo'\n/tmp/fix-error/a.sh (line 2): foo\n                              ^\n"), None)
E        +    where Command(script='', stdout='', stderr="\nfish: Unknown command 'foo'\n/tmp/fix-error/a.sh (line 2): foo\n                              ^\n") = Command(stderr="\nfish: Unknown command 'foo'\n/tmp/fix-error/a.sh (line 2): foo\n                              ^\n")

tests/rules/test_fix_file.py:181: AssertionError
____________________________ test_not_file[test14] _____________________________

mocker = <pytest_mock.plugin.MockFixture object at 0x7fd1e52e5eb8>
monkeypatch = <_pytest.monkeypatch.MonkeyPatch object at 0x7fd1e52e5dd8>
test = ('./a', './a', 2, None, '\nawk: ./a:2: BEGIN { print "Hello, world!" + }\nawk: ./a:2:                                 ^ syntax error\n')

    @pytest.mark.parametrize('test', tests)
    def test_not_file(mocker, monkeypatch, test):
        mocker.patch('os.path.isfile', return_value=False)
        monkeypatch.setenv('EDITOR', 'dummy_editor')
    
>       assert not match(Command(stderr=test[4]), None)
E       assert not <re.Match object; span=(1, 12), match='awk: ./a:2:'>
E        +  where <re.Match object; span=(1, 12), match='awk: ./a:2:'> = match(Command(script='', stdout='', stderr='\nawk: ./a:2: BEGIN { print "Hello, world!" + }\nawk: ./a:2:                                 ^ syntax error\n'), None)
E        +    where Command(script='', stdout='', stderr='\nawk: ./a:2: BEGIN { print "Hello, world!" + }\nawk: ./a:2:                                 ^ syntax error\n') = Command(stderr='\nawk: ./a:2: BEGIN { print "Hello, world!" + }\nawk: ./a:2:                                 ^ syntax error\n')

tests/rules/test_fix_file.py:181: AssertionError
____________________________ test_not_file[test15] _____________________________

mocker = <pytest_mock.plugin.MockFixture object at 0x7fd1e52b3d30>
monkeypatch = <_pytest.monkeypatch.MonkeyPatch object at 0x7fd1e52b3dd8>
test = ('llc a.ll', 'a.ll', 1, None, '\nllc: a.ll:1:1: error: expected top-level entity\n+\n^\n')

    @pytest.mark.parametrize('test', tests)
    def test_not_file(mocker, monkeypatch, test):
        mocker.patch('os.path.isfile', return_value=False)
        monkeypatch.setenv('EDITOR', 'dummy_editor')
    
>       assert not match(Command(stderr=test[4]), None)
E       AssertionError: assert not <re.Match object; span=(1, 15), match='llc: a.ll:1:1:'>
E        +  where <re.Match object; span=(1, 15), match='llc: a.ll:1:1:'> = match(Command(script='', stdout='', stderr='\nllc: a.ll:1:1: error: expected top-level entity\n+\n^\n'), None)
E        +    where Command(script='', stdout='', stderr='\nllc: a.ll:1:1: error: expected top-level entity\n+\n^\n') = Command(stderr='\nllc: a.ll:1:1: error: expected top-level entity\n+\n^\n')

tests/rules/test_fix_file.py:181: AssertionError
____________________________ test_not_file[test16] _____________________________

mocker = <pytest_mock.plugin.MockFixture object at 0x7fd1e52e3940>
monkeypatch = <_pytest.monkeypatch.MonkeyPatch object at 0x7fd1e52e3160>
test = ('go build a.go', 'a.go', 1, None, "\ncan't load package:\na.go:1:1: expected 'package', found '+'\n")

    @pytest.mark.parametrize('test', tests)
    def test_not_file(mocker, monkeypatch, test):
        mocker.patch('os.path.isfile', return_value=False)
        monkeypatch.setenv('EDITOR', 'dummy_editor')
    
>       assert not match(Command(stderr=test[4]), None)
E       assert not <re.Match object; span=(21, 28), match='a.go:1:'>
E        +  where <re.Match object; span=(21, 28), match='a.go:1:'> = match(Command(script='', stdout='', stderr="\ncan't load package:\na.go:1:1: expected 'package', found '+'\n"), None)
E        +    where Command(script='', stdout='', stderr="\ncan't load package:\na.go:1:1: expected 'package', found '+'\n") = Command(stderr="\ncan't load package:\na.go:1:1: expected 'package', found '+'\n")

tests/rules/test_fix_file.py:181: AssertionError
____________________________ test_not_file[test17] _____________________________

mocker = <pytest_mock.plugin.MockFixture object at 0x7fd1e52767f0>
monkeypatch = <_pytest.monkeypatch.MonkeyPatch object at 0x7fd1e5276fd0>
test = ('make', 'Makefile', 2, None, "\nbidule\nmake: bidule: Command not found\nMakefile:2: recipe for target 'target' failed\nmake: *** [target] Error 127\n")

    @pytest.mark.parametrize('test', tests)
    def test_not_file(mocker, monkeypatch, test):
        mocker.patch('os.path.isfile', return_value=False)
        monkeypatch.setenv('EDITOR', 'dummy_editor')
    
>       assert not match(Command(stderr=test[4]), None)
E       assert not <re.Match object; span=(40, 51), match='Makefile:2:'>
E        +  where <re.Match object; span=(40, 51), match='Makefile:2:'> = match(Command(script='', stdout='', stderr="\nbidule\nmake: bidule: Command not found\nMakefile:2: recipe for target 'target' failed\nmake: *** [target] Error 127\n"), None)
E        +    where Command(script='', stdout='', stderr="\nbidule\nmake: bidule: Command not found\nMakefile:2: recipe for target 'target' failed\nmake: *** [target] Error 127\n") = Command(stderr="\nbidule\nmake: bidule: Command not found\nMakefile:2: recipe for target 'target' failed\nmake: *** [target] Error 127\n")

tests/rules/test_fix_file.py:181: AssertionError
____________________________ test_not_file[test18] _____________________________

mocker = <pytest_mock.plugin.MockFixture object at 0x7fd1e52dc748>
monkeypatch = <_pytest.monkeypatch.MonkeyPatch object at 0x7fd1e52dcdd8>
test = ('git st', '/home/martin/.config/git/config', 1, None, '\nfatal: bad config file line 1 in /home/martin/.config/git/config\n')

    @pytest.mark.parametrize('test', tests)
    def test_not_file(mocker, monkeypatch, test):
        mocker.patch('os.path.isfile', return_value=False)
        monkeypatch.setenv('EDITOR', 'dummy_editor')
    
>       assert not match(Command(stderr=test[4]), None)
E       AssertionError: assert not <re.Match object; span=(1, 65), match='fatal: bad config file line 1 in /home/martin/.co>
E        +  where <re.Match object; span=(1, 65), match='fatal: bad config file line 1 in /home/martin/.co> = match(Command(script='', stdout='', stderr='\nfatal: bad config file line 1 in /home/martin/.config/git/config\n'), None)
E        +    where Command(script='', stdout='', stderr='\nfatal: bad config file line 1 in /home/martin/.config/git/config\n') = Command(stderr='\nfatal: bad config file line 1 in /home/martin/.config/git/config\n')

tests/rules/test_fix_file.py:181: AssertionError
____________________________ test_not_file[test19] _____________________________

mocker = <pytest_mock.plugin.MockFixture object at 0x7fd1e52e5ba8>
monkeypatch = <_pytest.monkeypatch.MonkeyPatch object at 0x7fd1e52e5c88>
test = ('node fuck.js asdf qwer', '/Users/pablo/Workspace/barebones/fuck.js', '2', 5, '\n/Users/pablo/Workspace/barebones/fuc...s:310:12)\n    at Function.Module.runMain (module.js:501:10)\n    at startup (node.js:129:16)\n    at node.js:814:3\n')

    @pytest.mark.parametrize('test', tests)
    def test_not_file(mocker, monkeypatch, test):
        mocker.patch('os.path.isfile', return_value=False)
        monkeypatch.setenv('EDITOR', 'dummy_editor')
    
>       assert not match(Command(stderr=test[4]), None)
E       AssertionError: assert not <re.Match object; span=(140, 191), match='    at /Users/pablo/Workspace/barebones/fuck.js:2>
E        +  where <re.Match object; span=(140, 191), match='    at /Users/pablo/Workspace/barebones/fuck.js:2> = match(Command(script='', stdout='', stderr='\n/Users/pablo/Workspace/barebones/fuck.js:2\nconole.log(arg);  // this should r...s:310:12)\n    at Function.Module.runMain (module.js:501:10)\n    at startup (node.js:129:16)\n    at node.js:814:3\n'), None)
E        +    where Command(script='', stdout='', stderr='\n/Users/pablo/Workspace/barebones/fuck.js:2\nconole.log(arg);  // this should r...s:310:12)\n    at Function.Module.runMain (module.js:501:10)\n    at startup (node.js:129:16)\n    at node.js:814:3\n') = Command(stderr='\n/Users/pablo/Workspace/barebones/fuck.js:2\nconole.log(arg);  // this should read console.log(arg);\n^\nReferenceEr...js:310:12)\n    at Function.Module.runMain (module.js:501:10)\n    at startup (node.js:129:16)\n    at node.js:814:3\n')

tests/rules/test_fix_file.py:181: AssertionError
========================== 20 failed in 0.27 seconds ===========================
