coverage run -m pytest pandas/tests/indexes/period/test_indexing.py::TestIndexing::test_contains
============================= test session starts ==============================
platform linux -- Python 3.8.3, pytest-5.4.3, py-1.8.1, pluggy-0.13.1
rootdir: /home/user/BugsInPy/temp/projects/pandas, inifile: setup.cfg
plugins: hypothesis-5.16.0
collected 1 item

pandas/tests/indexes/period/test_indexing.py F                           [100%]

=================================== FAILURES ===================================
__________________________ TestIndexing.test_contains __________________________

self = <pandas.tests.indexes.period.test_indexing.TestIndexing object at 0x7fbbef779a00>

    def test_contains(self):
        # GH 17717
        p0 = pd.Period("2017-09-01")
        p1 = pd.Period("2017-09-02")
        p2 = pd.Period("2017-09-03")
        p3 = pd.Period("2017-09-04")
    
        ps0 = [p0, p1, p2]
        idx0 = pd.PeriodIndex(ps0)
        ser = pd.Series(range(6, 9), index=idx0)
    
        for p in ps0:
            assert p in idx0
            assert str(p) in idx0
    
        # GH#31172
        # Higher-resolution period-like are _not_ considered as contained
        key = "2017-09-01 00:00:01"
>       assert key not in idx0
E       AssertionError: assert '2017-09-01 00:00:01' not in PeriodIndex(['2017-09-01', '2017-09-02', '2017-09-03'], dtype='period[D]', freq='D')

pandas/tests/indexes/period/test_indexing.py:530: AssertionError
=========================== short test summary info ============================
FAILED pandas/tests/indexes/period/test_indexing.py::TestIndexing::test_contains
============================== 1 failed in 0.40s ===============================
