coverage run -m unittest -q test.test_utils.TestUtil.test_get_element_by_attribute
======================================================================
FAIL: test_get_element_by_attribute (test.test_utils.TestUtil)
----------------------------------------------------------------------
Traceback (most recent call last):
  File "/home/user/BugsInPy/temp/projects/youtube-dl/test/test_utils.py", line 1235, in test_get_element_by_attribute
    self.assertEqual(get_element_by_attribute('itemprop', 'author', html), 'foo')
AssertionError: None != 'foo'

----------------------------------------------------------------------
Ran 1 test in 0.008s

FAILED (failures=1)
