coverage run -m unittest -q tests.test_black.BlackTestCase.test_comment_indentation
Expected tree:
file_input
  if_stmt
    NAME 'if'
    NUMBER ' ' '1'
    COLON ':'
    suite
      NEWLINE '\n'
      INDENT ''
      if_stmt
        NAME '    ' 'if'
        NUMBER ' ' '2'
        COLON ':'
        suite
          NEWLINE '\n'
          INDENT ''
          simple_stmt
            NAME '        ' 'pass'
            NEWLINE '\n'
          /simple_stmt
          DEDENT '        # comment\n' ''
        /suite
      /if_stmt
      simple_stmt
        NAME '    ' 'pass'
        NEWLINE '\n'
      /simple_stmt
      DEDENT ''
    /suite
  /if_stmt
  ENDMARKER ''
/file_input
Actual tree:
file_input
  if_stmt
    NAME 'if'
    NUMBER ' ' '1'
    COLON ':'
    suite
      NEWLINE '\n'
      INDENT ''
      if_stmt
        NAME '    ' 'if'
        NUMBER ' ' '2'
        COLON ':'
        suite
          NEWLINE '\n'
          INDENT ''
          simple_stmt
            NAME '        ' 'pass'
            NEWLINE '\n'
          /simple_stmt
          DEDENT ''
        /suite
      /if_stmt
      simple_stmt
        NAME '    # comment\n    ' 'pass'
        NEWLINE '\n'
      /simple_stmt
      DEDENT ''
    /suite
  /if_stmt
  ENDMARKER ''
/file_input
======================================================================
FAIL: test_comment_indentation (tests.test_black.BlackTestCase)
----------------------------------------------------------------------
Traceback (most recent call last):
  File "/home/user/BugsInPy/temp/projects/black/tests/test_black.py", line 517, in test_comment_indentation
    self.assertFormatEqual(fs(contents_tab), contents_spc)
  File "/home/user/BugsInPy/temp/projects/black/tests/test_black.py", line 156, in assertFormatEqual
    self.assertEqual(expected, actual)
AssertionError: 'if 1:\n    if 2:\n        pass\n        # comment\n    pass\n' != 'if 1:\n    if 2:\n        pass\n    # comment\n    pass\n'
  if 1:
      if 2:
          pass
-         # comment
? ----
+     # comment
      pass


----------------------------------------------------------------------
Ran 1 test in 0.010s

FAILED (failures=1)
