coverage run -m unittest -q tornado.test.asyncio_test.LeakTest.test_ioloop_close_leak
======================================================================
FAIL: test_ioloop_close_leak (tornado.test.asyncio_test.LeakTest)
----------------------------------------------------------------------
Traceback (most recent call last):
  File "/home/user/BugsInPy/temp/projects/tornado/tornado/test/asyncio_test.py", line 146, in test_ioloop_close_leak
    self.assertEqual(new_count, 0)
AssertionError: 10 != 0

----------------------------------------------------------------------
Ran 1 test in 0.002s

FAILED (failures=1)

coverage run -m unittest -q tornado.test.asyncio_test.LeakTest.test_asyncio_close_leak
======================================================================
FAIL: test_asyncio_close_leak (tornado.test.asyncio_test.LeakTest)
----------------------------------------------------------------------
Traceback (most recent call last):
  File "/home/user/BugsInPy/temp/projects/tornado/tornado/test/asyncio_test.py", line 160, in test_asyncio_close_leak
    self.assertEqual(new_count, 1)
AssertionError: 10 != 1

----------------------------------------------------------------------
Ran 1 test in 0.003s

FAILED (failures=1)
