coverage run -m pytest pandas/tests/plotting/test_series.py::TestSeriesPlots::test_xtick_barPlot
============================= test session starts ==============================
platform linux -- Python 3.8.3, pytest-5.4.3, py-1.8.1, pluggy-0.13.1
rootdir: /home/user/BugsInPy/temp/projects/pandas, inifile: setup.cfg
plugins: hypothesis-5.16.0
collected 1 item

pandas/tests/plotting/test_series.py F                                   [100%]

=================================== FAILURES ===================================
______________________ TestSeriesPlots.test_xtick_barPlot ______________________

self = <pandas.tests.plotting.test_series.TestSeriesPlots object at 0x7f2d62b98700>

    def test_xtick_barPlot(self):
        # GH28172
        s = pd.Series(range(10), index=["P{i:02d}".format(i=i) for i in range(10)])
        ax = s.plot.bar(xticks=range(0, 11, 2))
        exp = np.array(list(range(0, 11, 2)))
>       tm.assert_numpy_array_equal(exp, ax.get_xticks())

pandas/tests/plotting/test_series.py:879: 
_ _ _ _ _ _ _ _ _ _ _ _ _ _ _ _ _ _ _ _ _ _ _ _ _ _ _ _ _ _ _ _ _ _ _ _ _ _ _ _ 

left = array([ 0,  2,  4,  6,  8, 10])
right = array([0, 1, 2, 3, 4, 5, 6, 7, 8, 9]), err_msg = None

    def _raise(left, right, err_msg):
        if err_msg is None:
            if left.shape != right.shape:
>               raise_assert_detail(
                    obj,
                    "{obj} shapes are different".format(obj=obj),
                    left.shape,
                    right.shape,
                )
E               AssertionError: numpy array are different
E               
E               numpy array shapes are different
E               [left]:  (6,)
E               [right]: (10,)

pandas/util/testing.py:988: AssertionError
=============================== warnings summary ===============================
pandas/tests/plotting/test_series.py::TestSeriesPlots::test_xtick_barPlot
pandas/tests/plotting/test_series.py::TestSeriesPlots::test_xtick_barPlot
pandas/tests/plotting/test_series.py::TestSeriesPlots::test_xtick_barPlot
pandas/tests/plotting/test_series.py::TestSeriesPlots::test_xtick_barPlot
pandas/tests/plotting/test_series.py::TestSeriesPlots::test_xtick_barPlot
pandas/tests/plotting/test_series.py::TestSeriesPlots::test_xtick_barPlot
  /home/user/BugsInPy/temp/projects/pandas/pandas/plotting/_matplotlib/compat.py:13: DeprecationWarning: distutils Version classes are deprecated. Use packaging.version instead.
    op(LooseVersion(mpl.__version__), LooseVersion(version))

-- Docs: https://docs.pytest.org/en/latest/warnings.html
=========================== short test summary info ============================
FAILED pandas/tests/plotting/test_series.py::TestSeriesPlots::test_xtick_barPlot
======================== 1 failed, 6 warnings in 0.45s =========================
