coverage run -m unittest -q tests.test_black.BlackTestCase.test_works_in_mono_process_only_environment
======================================================================
ERROR: test_black (unittest.loader._FailedTest)
----------------------------------------------------------------------
ImportError: Failed to import test module: test_black
Traceback (most recent call last):
  File "/opt/conda/envs/87b58448f32fe09241efe0a490d468af/lib/python3.8/unittest/loader.py", line 154, in loadTestsFromName
    module = __import__(module_name)
  File "/home/user/BugsInPy/temp/projects/black/tests/test_black.py", line 20, in <module>
    import black
  File "/home/user/BugsInPy/temp/projects/black/black.py", line 61, in <module>
    from _black_version import version as __version__
ModuleNotFoundError: No module named '_black_version'


----------------------------------------------------------------------
Ran 1 test in 0.000s

FAILED (errors=1)
