coverage run -m unittest -q tests.test_command_version.VersionTest.test_output
Unhandled Error
Traceback (most recent call last):
  File "/opt/conda/envs/15f0149b1fbf715d94535d380cb72343/lib/python3.8/site-packages/twisted/python/log.py", line 103, in callWithLogger
    return callWithContext({"system": lp}, func, *args, **kw)
  File "/opt/conda/envs/15f0149b1fbf715d94535d380cb72343/lib/python3.8/site-packages/twisted/python/log.py", line 86, in callWithContext
    return context.call({ILogContext: newCtx}, func, *args, **kw)
  File "/opt/conda/envs/15f0149b1fbf715d94535d380cb72343/lib/python3.8/site-packages/twisted/python/context.py", line 122, in callWithContext
    return self.currentContext().callWithContext(ctx, func, *args, **kw)
  File "/opt/conda/envs/15f0149b1fbf715d94535d380cb72343/lib/python3.8/site-packages/twisted/python/context.py", line 85, in callWithContext
    return func(*args,**kw)
--- <exception caught here> ---
  File "/opt/conda/envs/15f0149b1fbf715d94535d380cb72343/lib/python3.8/site-packages/twisted/internet/posixbase.py", line 614, in _doReadOrWrite
    why = selectable.doRead()
  File "/opt/conda/envs/15f0149b1fbf715d94535d380cb72343/lib/python3.8/site-packages/twisted/internet/process.py", line 252, in doRead
    return fdesc.readFromFD(self.fd, self.dataReceived)
  File "/opt/conda/envs/15f0149b1fbf715d94535d380cb72343/lib/python3.8/site-packages/twisted/internet/fdesc.py", line 94, in readFromFD
    callback(output)
  File "/opt/conda/envs/15f0149b1fbf715d94535d380cb72343/lib/python3.8/site-packages/twisted/internet/process.py", line 256, in dataReceived
    self.proc.childDataReceived(self.name, data)
  File "/opt/conda/envs/15f0149b1fbf715d94535d380cb72343/lib/python3.8/site-packages/twisted/internet/process.py", line 922, in childDataReceived
    self.proto.childDataReceived(name, data)
  File "/opt/conda/envs/15f0149b1fbf715d94535d380cb72343/lib/python3.8/site-packages/twisted/internet/protocol.py", line 642, in childDataReceived
    self.errReceived(data)
  File "/home/user/BugsInPy/temp/projects/scrapy/scrapy/utils/testproc.py", line 46, in errReceived
    self.err += data
builtins.TypeError: can only concatenate str (not "bytes") to str

======================================================================
ERROR: test_output (tests.test_command_version.VersionTest)
test_output
----------------------------------------------------------------------
Traceback (most recent call last):
  File "/opt/conda/envs/15f0149b1fbf715d94535d380cb72343/lib/python3.8/site-packages/twisted/internet/defer.py", line 1416, in _inlineCallbacks
    result = result.throwExceptionIntoGenerator(g)
  File "/opt/conda/envs/15f0149b1fbf715d94535d380cb72343/lib/python3.8/site-packages/twisted/python/failure.py", line 512, in throwExceptionIntoGenerator
    return g.throw(self.type, self.value, self.tb)
  File "/home/user/BugsInPy/temp/projects/scrapy/tests/test_command_version.py", line 16, in test_output
    _, out, _ = yield self.execute([])
  File "/opt/conda/envs/15f0149b1fbf715d94535d380cb72343/lib/python3.8/site-packages/twisted/internet/defer.py", line 654, in _runCallbacks
    current.result = callback(current.result, *args, **kw)
  File "/home/user/BugsInPy/temp/projects/scrapy/scrapy/utils/testproc.py", line 30, in _process_finished
    raise RuntimeError(msg)
RuntimeError: process ['/opt/conda/envs/15f0149b1fbf715d94535d380cb72343/bin/python', '-m', 'scrapy.cmdline', 'version'] exit with code 1
>>> stdout <<<


>>> stderr <<<


======================================================================
ERROR: test_output (tests.test_command_version.VersionTest)
test_output
----------------------------------------------------------------------
Traceback (most recent call last):
  File "/opt/conda/envs/15f0149b1fbf715d94535d380cb72343/lib/python3.8/site-packages/twisted/internet/posixbase.py", line 614, in _doReadOrWrite
    why = selectable.doRead()
  File "/opt/conda/envs/15f0149b1fbf715d94535d380cb72343/lib/python3.8/site-packages/twisted/internet/process.py", line 252, in doRead
    return fdesc.readFromFD(self.fd, self.dataReceived)
  File "/opt/conda/envs/15f0149b1fbf715d94535d380cb72343/lib/python3.8/site-packages/twisted/internet/fdesc.py", line 94, in readFromFD
    callback(output)
  File "/opt/conda/envs/15f0149b1fbf715d94535d380cb72343/lib/python3.8/site-packages/twisted/internet/process.py", line 256, in dataReceived
    self.proc.childDataReceived(self.name, data)
  File "/opt/conda/envs/15f0149b1fbf715d94535d380cb72343/lib/python3.8/site-packages/twisted/internet/process.py", line 922, in childDataReceived
    self.proto.childDataReceived(name, data)
  File "/opt/conda/envs/15f0149b1fbf715d94535d380cb72343/lib/python3.8/site-packages/twisted/internet/protocol.py", line 642, in childDataReceived
    self.errReceived(data)
  File "/home/user/BugsInPy/temp/projects/scrapy/scrapy/utils/testproc.py", line 46, in errReceived
    self.err += data
TypeError: can only concatenate str (not "bytes") to str

----------------------------------------------------------------------
Ran 1 test in 0.558s

FAILED (errors=2)
