coverage run -m pytest pandas/tests/indexes/timedeltas/test_constructors.py::TestTimedeltaIndex::test_infer_from_tdi_mismatch
============================= test session starts ==============================
platform linux -- Python 3.8.3, pytest-5.4.3, py-1.8.1, pluggy-0.13.1
rootdir: /home/user/BugsInPy/temp/projects/pandas, inifile: setup.cfg
plugins: hypothesis-5.16.0
collected 1 item

pandas/tests/indexes/timedeltas/test_constructors.py F                   [100%]

=================================== FAILURES ===================================
_______________ TestTimedeltaIndex.test_infer_from_tdi_mismatch ________________

self = <pandas.tests.indexes.timedeltas.test_constructors.TestTimedeltaIndex object at 0x7f677891b9d0>

    def test_infer_from_tdi_mismatch(self):
        # GH#23539
        # fast-path for invalidating a frequency if the passed data already
        #  has one and it does not match the `freq` input
        tdi = pd.timedelta_range("1 second", periods=100, freq="1s")
    
        msg = (
            "Inferred frequency .* from passed values does "
            "not conform to passed frequency"
        )
        with pytest.raises(ValueError, match=msg):
            TimedeltaIndex(tdi, freq="D")
    
        with pytest.raises(ValueError, match=msg):
            # GH#23789
            TimedeltaArray(tdi, freq="D")
    
        with pytest.raises(ValueError, match=msg):
>           TimedeltaIndex(tdi._data, freq="D")
E           Failed: DID NOT RAISE <class 'ValueError'>

pandas/tests/indexes/timedeltas/test_constructors.py:51: Failed
=========================== short test summary info ============================
FAILED pandas/tests/indexes/timedeltas/test_constructors.py::TestTimedeltaIndex::test_infer_from_tdi_mismatch
============================== 1 failed in 0.23s ===============================
