coverage run -m pytest lib/matplotlib/tests/test_axes.py::test_aspect_nonlinear_adjustable_datalim
============================= test session starts ==============================
platform linux -- Python 3.8.1, pytest-7.4.0, pluggy-1.0.0
rootdir: /home/user/BugsInPy/temp/projects/matplotlib
configfile: pytest.ini
collected 1 item

lib/matplotlib/tests/test_axes.py F                                      [100%]

=================================== FAILURES ===================================
___________________ test_aspect_nonlinear_adjustable_datalim ___________________

    def test_aspect_nonlinear_adjustable_datalim():
        fig = plt.figure(figsize=(10, 10))  # Square.
    
        ax = fig.add_axes([.1, .1, .8, .8])  # Square.
        ax.plot([.4, .6], [.4, .6])  # Set minpos to keep logit happy.
        ax.set(xscale="log", xlim=(1, 100),
               yscale="logit", ylim=(1 / 101, 1 / 11),
               aspect=1, adjustable="datalim")
        ax.margins(0)
        ax.apply_aspect()
        # Currently the autoscaler chooses to reduce the x-limits by half a decade
        # on each end, but this may change later.
>       assert ax.get_xlim() == pytest.approx([1*10**(1/2), 100/10**(1/2)])
E       assert (1.0, 100.0) == approx([3.162...93 ± 3.2e-05])
E         comparison failed. Mismatched elements: 2 / 2:
E         Max absolute difference: 68.3772233983162
E         Max relative difference: 2.1622776601683795
E         Index | Obtained | Expected                    
E         0     | 1.0      | 3.1622776601683795 ± 3.2e-06
E         1     | 100.0    | 31.622776601683793 ± 3.2e-05

lib/matplotlib/tests/test_axes.py:6564: AssertionError
------------------------------ Captured log setup ------------------------------
WARNING  matplotlib.testing:__init__.py:41 Could not set locale to English/United States. Some date-related tests may fail.
=============================== warnings summary ===============================
lib/matplotlib/__init__.py:201
lib/matplotlib/__init__.py:201
lib/matplotlib/__init__.py:201
lib/matplotlib/__init__.py:201
lib/matplotlib/__init__.py:201
  /home/user/BugsInPy/temp/projects/matplotlib/lib/matplotlib/__init__.py:201: DeprecationWarning: distutils Version classes are deprecated. Use packaging.version instead.
    if LooseVersion(module.__version__) < minver:

../../../../../../opt/conda/envs/96e55cef081ba1a7fa5bef32944f9ae7/lib/python3.8/site-packages/setuptools/_distutils/version.py:345
../../../../../../opt/conda/envs/96e55cef081ba1a7fa5bef32944f9ae7/lib/python3.8/site-packages/setuptools/_distutils/version.py:345
../../../../../../opt/conda/envs/96e55cef081ba1a7fa5bef32944f9ae7/lib/python3.8/site-packages/setuptools/_distutils/version.py:345
../../../../../../opt/conda/envs/96e55cef081ba1a7fa5bef32944f9ae7/lib/python3.8/site-packages/setuptools/_distutils/version.py:345
../../../../../../opt/conda/envs/96e55cef081ba1a7fa5bef32944f9ae7/lib/python3.8/site-packages/setuptools/_distutils/version.py:345
  /opt/conda/envs/96e55cef081ba1a7fa5bef32944f9ae7/lib/python3.8/site-packages/setuptools/_distutils/version.py:345: DeprecationWarning: distutils Version classes are deprecated. Use packaging.version instead.
    other = LooseVersion(other)

-- Docs: https://docs.pytest.org/en/stable/how-to/capture-warnings.html
=========================== short test summary info ============================
FAILED lib/matplotlib/tests/test_axes.py::test_aspect_nonlinear_adjustable_datalim
======================== 1 failed, 10 warnings in 0.55s ========================
/opt/conda/envs/96e55cef081ba1a7fa5bef32944f9ae7/lib/python3.8/site-packages/coverage/inorout.py:523: CoverageWarning: Module mpl_toolkits was previously imported, but not measured (module-not-measured)
  self.warn(msg, slug="module-not-measured")
