coverage run -m pytest tests/tests.py::TestItemParsing::test_escape_longsep
============================= test session starts ==============================
platform linux -- Python 3.7.3, pytest-5.4.2, py-1.8.1, pluggy-0.13.1
rootdir: /home/user/BugsInPy/temp/projects/httpie
plugins: httpbin-1.0.0
collected 1 item

tests/tests.py F                                                         [100%]

=================================== FAILURES ===================================
_____________________ TestItemParsing.test_escape_longsep ______________________

self = <tests.TestItemParsing testMethod=test_escape_longsep>

    def test_escape_longsep(self):
        headers, data, files = cli.parse_items([
            self.kv('bob\\:==foo'),
        ])
        self.assertDictEqual(data, {
>           'bob:=': 'foo',
        })
E       AssertionError: {'bob:': '=foo'} != {'bob:=': 'foo'}
E       - {'bob:': '=foo'}
E       ?           -
E       
E       + {'bob:=': 'foo'}
E       ?       +

tests/tests.py:84: AssertionError
=========================== short test summary info ============================
FAILED tests/tests.py::TestItemParsing::test_escape_longsep - AssertionError:...
============================== 1 failed in 0.09s ===============================
