coverage run -m unittest -q tests.test_exporters.XmlItemExporterTest.test_nonstring_types_item
======================================================================
ERROR: test_nonstring_types_item (tests.test_exporters.XmlItemExporterTest)
----------------------------------------------------------------------
Traceback (most recent call last):
  File "/home/user/BugsInPy/temp/projects/scrapy/tests/test_exporters.py", line 381, in test_nonstring_types_item
    self.assertExportResult(item,
  File "/home/user/BugsInPy/temp/projects/scrapy/tests/test_exporters.py", line 326, in assertExportResult
    ie.export_item(item)
  File "/home/user/BugsInPy/temp/projects/scrapy/scrapy/exporters.py", line 132, in export_item
    self._export_xml_field(name, value)
  File "/home/user/BugsInPy/temp/projects/scrapy/scrapy/exporters.py", line 148, in _export_xml_field
    self._xg_characters(serialized_value)
  File "/home/user/BugsInPy/temp/projects/scrapy/scrapy/exporters.py", line 159, in _xg_characters
    serialized_value = serialized_value.decode(self.encoding)
AttributeError: 'bool' object has no attribute 'decode'

----------------------------------------------------------------------
Ran 1 test in 0.000s

FAILED (errors=1)
