coverage run -m pytest pandas/tests/groupby/test_value_counts.py::test_series_groupby_value_counts_with_grouper
============================= test session starts ==============================
platform linux -- Python 3.8.3, pytest-5.4.3, py-1.8.1, pluggy-0.13.1
rootdir: /home/user/BugsInPy/temp/projects/pandas, inifile: setup.cfg
plugins: hypothesis-5.16.0
collected 1 item

pandas/tests/groupby/test_value_counts.py F                              [100%]

=================================== FAILURES ===================================
________________ test_series_groupby_value_counts_with_grouper _________________

    def test_series_groupby_value_counts_with_grouper():
        # GH28479
        df = DataFrame(
            {
                "Timestamp": [
                    1565083561,
                    1565083561 + 86400,
                    1565083561 + 86500,
                    1565083561 + 86400 * 2,
                    1565083561 + 86400 * 3,
                    1565083561 + 86500 * 3,
                    1565083561 + 86400 * 4,
                ],
                "Food": ["apple", "apple", "banana", "banana", "orange", "orange", "pear"],
            }
        ).drop([3])
    
        df["Datetime"] = to_datetime(df["Timestamp"].apply(lambda t: str(t)), unit="s")
        dfg = df.groupby(Grouper(freq="1D", key="Datetime"))
    
        # have to sort on index because of unstable sort on values xref GH9212
>       result = dfg["Food"].value_counts().sort_index()

pandas/tests/groupby/test_value_counts.py:105: 
_ _ _ _ _ _ _ _ _ _ _ _ _ _ _ _ _ _ _ _ _ _ _ _ _ _ _ _ _ _ _ _ _ _ _ _ _ _ _ _ 
pandas/core/groupby/generic.py:659: in value_counts
    codes = [rep(level_codes) for level_codes in codes] + [llab(lab, inc)]
pandas/core/groupby/generic.py:659: in <listcomp>
    codes = [rep(level_codes) for level_codes in codes] + [llab(lab, inc)]
<__array_function__ internals>:5: in repeat
    ???
/opt/conda/envs/cf249b496aae59f2a35047c28676df47/lib/python3.8/site-packages/numpy/core/fromnumeric.py:482: in repeat
    return _wrapfunc(a, 'repeat', repeats, axis=axis)
_ _ _ _ _ _ _ _ _ _ _ _ _ _ _ _ _ _ _ _ _ _ _ _ _ _ _ _ _ _ _ _ _ _ _ _ _ _ _ _ 

obj = array([0, 1, 2, 3, 4]), method = 'repeat', args = (array([1, 2, 1, 1]),)
kwds = {'axis': None}
bound = <built-in method repeat of numpy.ndarray object at 0x7f0fd6485f30>

    def _wrapfunc(obj, method, *args, **kwds):
        bound = getattr(obj, method, None)
        if bound is None:
            return _wrapit(obj, method, *args, **kwds)
    
        try:
>           return bound(*args, **kwds)
E           ValueError: operands could not be broadcast together with shape (5,) (4,)

/opt/conda/envs/cf249b496aae59f2a35047c28676df47/lib/python3.8/site-packages/numpy/core/fromnumeric.py:61: ValueError
=========================== short test summary info ============================
FAILED pandas/tests/groupby/test_value_counts.py::test_series_groupby_value_counts_with_grouper
============================== 1 failed in 0.80s ===============================
