coverage run -m pytest pandas/tests/arrays/categorical/test_analytics.py::TestCategoricalAnalytics::test_min_max_only_nan
============================= test session starts ==============================
platform linux -- Python 3.8.3, pytest-5.4.2, py-1.8.1, pluggy-0.13.1
rootdir: /home/user/BugsInPy/temp/projects/pandas, inifile: setup.cfg
plugins: hypothesis-5.15.1
collected 4 items

pandas/tests/arrays/categorical/test_analytics.py FF..                   [100%]

=================================== FAILURES ===================================
___________ TestCategoricalAnalytics.test_min_max_only_nan[True-min] ___________

self = <pandas.tests.arrays.categorical.test_analytics.TestCategoricalAnalytics object at 0x7f42309e3df0>
function = 'min', skipna = True

    @pytest.mark.parametrize("function", ["min", "max"])
    @pytest.mark.parametrize("skipna", [True, False])
    def test_min_max_only_nan(self, function, skipna):
        # https://github.com/pandas-dev/pandas/issues/33450
        cat = Categorical([np.nan], categories=[1, 2], ordered=True)
>       result = getattr(cat, function)(skipna=skipna)

pandas/tests/arrays/categorical/test_analytics.py:96: 
_ _ _ _ _ _ _ _ _ _ _ _ _ _ _ _ _ _ _ _ _ _ _ _ _ _ _ _ _ _ _ _ _ _ _ _ _ _ _ _ 
pandas/util/_decorators.py:199: in wrapper
    return func(*args, **kwargs)
pandas/core/arrays/categorical.py:2147: in min
    pointer = self._codes[good].min()
_ _ _ _ _ _ _ _ _ _ _ _ _ _ _ _ _ _ _ _ _ _ _ _ _ _ _ _ _ _ _ _ _ _ _ _ _ _ _ _ 

a = array([], dtype=int8), axis = None, out = None, keepdims = False
initial = <no value>, where = True

    def _amin(a, axis=None, out=None, keepdims=False,
              initial=_NoValue, where=True):
>       return umr_minimum(a, axis, None, out, keepdims, initial, where)
E       ValueError: zero-size array to reduction operation minimum which has no identity

/opt/conda/envs/59d1ee6bc0525704391300a3c6d55400/lib/python3.8/site-packages/numpy/core/_methods.py:34: ValueError
___________ TestCategoricalAnalytics.test_min_max_only_nan[True-max] ___________

self = <pandas.tests.arrays.categorical.test_analytics.TestCategoricalAnalytics object at 0x7f421c87ae50>
function = 'max', skipna = True

    @pytest.mark.parametrize("function", ["min", "max"])
    @pytest.mark.parametrize("skipna", [True, False])
    def test_min_max_only_nan(self, function, skipna):
        # https://github.com/pandas-dev/pandas/issues/33450
        cat = Categorical([np.nan], categories=[1, 2], ordered=True)
>       result = getattr(cat, function)(skipna=skipna)

pandas/tests/arrays/categorical/test_analytics.py:96: 
_ _ _ _ _ _ _ _ _ _ _ _ _ _ _ _ _ _ _ _ _ _ _ _ _ _ _ _ _ _ _ _ _ _ _ _ _ _ _ _ 
pandas/util/_decorators.py:199: in wrapper
    return func(*args, **kwargs)
pandas/core/arrays/categorical.py:2182: in max
    pointer = self._codes[good].max()
_ _ _ _ _ _ _ _ _ _ _ _ _ _ _ _ _ _ _ _ _ _ _ _ _ _ _ _ _ _ _ _ _ _ _ _ _ _ _ _ 

a = array([], dtype=int8), axis = None, out = None, keepdims = False
initial = <no value>, where = True

    def _amax(a, axis=None, out=None, keepdims=False,
              initial=_NoValue, where=True):
>       return umr_maximum(a, axis, None, out, keepdims, initial, where)
E       ValueError: zero-size array to reduction operation maximum which has no identity

/opt/conda/envs/59d1ee6bc0525704391300a3c6d55400/lib/python3.8/site-packages/numpy/core/_methods.py:30: ValueError
=========================== short test summary info ============================
FAILED pandas/tests/arrays/categorical/test_analytics.py::TestCategoricalAnalytics::test_min_max_only_nan[True-min]
FAILED pandas/tests/arrays/categorical/test_analytics.py::TestCategoricalAnalytics::test_min_max_only_nan[True-max]
========================= 2 failed, 2 passed in 0.33s ==========================
