coverage run -m unittest -q tests.test_crawler.CrawlerProcessTest.test_crawler_process_accepts_dict
======================================================================
ERROR: test_crawler_process_accepts_dict (tests.test_crawler.CrawlerProcessTest)
----------------------------------------------------------------------
Traceback (most recent call last):
  File "/home/user/BugsInPy/temp/projects/scrapy/tests/test_crawler.py", line 110, in test_crawler_process_accepts_dict
    runner = CrawlerProcess({'foo': 'bar'})
  File "/home/user/BugsInPy/temp/projects/scrapy/scrapy/crawler.py", line 213, in __init__
    log_scrapy_info(settings)
  File "/home/user/BugsInPy/temp/projects/scrapy/scrapy/utils/log.py", line 108, in log_scrapy_info
    {'version': scrapy.__version__, 'bot': settings['BOT_NAME']})
KeyError: 'BOT_NAME'

----------------------------------------------------------------------
Ran 1 test in 0.005s

FAILED (errors=1)
