coverage run -m unittest -q tests.test_downloader_handlers.HttpProxyTestCase.test_download_with_proxy_https_timeout
/home/user/BugsInPy/temp/projects/scrapy/scrapy/core/downloader/handlers/http11.py:143: DeprecationWarning: <scrapy.core.downloader.contextfactory.ScrapyClientContextFactory object at 0x7f86e3c9a2b0> was passed as the HTTPS policy for an Agent, but it does not provide IPolicyForHTTPS.  Since Twisted 14.0, you must pass a provider of IPolicyForHTTPS.
  super(TunnelingAgent, self).__init__(reactor, contextFactory,
======================================================================
ERROR: test_download_with_proxy_https_timeout (tests.test_downloader_handlers.HttpProxyTestCase)
test_download_with_proxy_https_timeout
----------------------------------------------------------------------
twisted.trial.util.DirtyReactorAggregateError: Reactor was unclean.
Selectables:
<<class 'twisted.internet.tcp.Client'> to ('127.0.0.1', 39579) at 7f86e3c37250>
<ProtocolWrapper #0 on 39579>

======================================================================
FAIL: test_download_with_proxy_https_timeout (tests.test_downloader_handlers.HttpProxyTestCase)
test_download_with_proxy_https_timeout
----------------------------------------------------------------------
Traceback (most recent call last):
  File "/opt/conda/envs/15f0149b1fbf715d94535d380cb72343/lib/python3.8/site-packages/twisted/internet/defer.py", line 1416, in _inlineCallbacks
    result = result.throwExceptionIntoGenerator(g)
  File "/opt/conda/envs/15f0149b1fbf715d94535d380cb72343/lib/python3.8/site-packages/twisted/python/failure.py", line 512, in throwExceptionIntoGenerator
    return g.throw(self.type, self.value, self.tb)
  File "/home/user/BugsInPy/temp/projects/scrapy/tests/test_downloader_handlers.py", line 398, in test_download_with_proxy_https_timeout
    timeout = yield self.assertFailure(d, error.TimeoutError)
  File "/opt/conda/envs/15f0149b1fbf715d94535d380cb72343/lib/python3.8/site-packages/twisted/internet/defer.py", line 654, in _runCallbacks
    current.result = callback(current.result, *args, **kw)
  File "/opt/conda/envs/15f0149b1fbf715d94535d380cb72343/lib/python3.8/site-packages/twisted/trial/_asynctest.py", line 75, in _eb
    raise self.failureException(output)
twisted.trial.unittest.FailTest: 
Expected: (<class 'twisted.internet.error.TimeoutError'>,)
Got:
[Failure instance: Traceback: <class 'TypeError'>: Data must not be unicode
/opt/conda/envs/15f0149b1fbf715d94535d380cb72343/lib/python3.8/site-packages/twisted/internet/protocol.py:514:makeConnection
/opt/conda/envs/15f0149b1fbf715d94535d380cb72343/lib/python3.8/site-packages/twisted/internet/endpoints.py:125:connectionMade
/opt/conda/envs/15f0149b1fbf715d94535d380cb72343/lib/python3.8/site-packages/twisted/internet/defer.py:460:callback
/opt/conda/envs/15f0149b1fbf715d94535d380cb72343/lib/python3.8/site-packages/twisted/internet/defer.py:568:_startRunCallbacks
--- <exception caught here> ---
/opt/conda/envs/15f0149b1fbf715d94535d380cb72343/lib/python3.8/site-packages/twisted/internet/defer.py:654:_runCallbacks
/home/user/BugsInPy/temp/projects/scrapy/scrapy/core/downloader/handlers/http11.py:100:requestTunnel
/opt/conda/envs/15f0149b1fbf715d94535d380cb72343/lib/python3.8/site-packages/twisted/internet/_newtls.py:191:write
/opt/conda/envs/15f0149b1fbf715d94535d380cb72343/lib/python3.8/site-packages/twisted/internet/abstract.py:349:write
]

----------------------------------------------------------------------
Ran 1 test in 0.008s

FAILED (failures=1, errors=1)
