coverage run -m unittest -q tests.test_http_response.BaseResponseTest.test_follow_None_url
======================================================================
FAIL: test_follow_None_url (tests.test_http_response.BaseResponseTest)
----------------------------------------------------------------------
Traceback (most recent call last):
  File "/home/user/BugsInPy/temp/projects/scrapy/tests/test_http_response.py", line 160, in test_follow_None_url
    self.assertRaises(ValueError, r.follow, None)
AssertionError: ValueError not raised by follow

----------------------------------------------------------------------
Ran 1 test in 0.002s

FAILED (failures=1)
