coverage run -m pytest tests/test_additional_properties.py::test_additional_properties_schema
============================= test session starts ==============================
platform linux -- Python 3.8.3, pytest-5.4.3, py-1.8.1, pluggy-0.13.1
rootdir: /home/user/BugsInPy/temp/projects/fastapi
plugins: cov-2.9.0
collected 1 item

tests/test_additional_properties.py F                                    [100%]

=================================== FAILURES ===================================
______________________ test_additional_properties_schema _______________________

    def test_additional_properties_schema():
        response = client.get("/openapi.json")
        assert response.status_code == 200
>       assert response.json() == openapi_schema
E       AssertionError: assert {'components'...'Foo Post'}}}} == {'components'...'Foo Post'}}}}
E         Omitting 3 identical items, use -vv to show
E         Differing items:
E         {'components': {'schemas': {'HTTPValidationError': {'properties': {'detail': {'items': {...}, 'title': 'Detail', 'type... 'Error Type', 'type': 'string'}}, 'required': ['loc', 'msg', 'type'], 'title': 'ValidationError', 'type': 'object'}}}} != {'components': {'schemas': {'HTTPValidationError': {'properties': {'detail': {'items': {...}, 'title': 'Detail', 'type... 'Error Type', 'type': 'string'}}, 'required': ['loc', 'msg', 'type'], 'title': 'ValidationError', 'type': 'object'}}}}
E         Use -v to get the full diff

tests/test_additional_properties.py:104: AssertionError
=============================== warnings summary ===============================
/opt/conda/envs/235ca55b977721137e676add71d64e98/lib/python3.8/site-packages/pydantic/version.py:5
  /opt/conda/envs/235ca55b977721137e676add71d64e98/lib/python3.8/site-packages/pydantic/version.py:5: DeprecationWarning: distutils Version classes are deprecated. Use packaging.version instead.
    VERSION = StrictVersion('0.26')

/opt/conda/envs/235ca55b977721137e676add71d64e98/lib/python3.8/site-packages/aiofiles/os.py:10
/opt/conda/envs/235ca55b977721137e676add71d64e98/lib/python3.8/site-packages/aiofiles/os.py:10
/opt/conda/envs/235ca55b977721137e676add71d64e98/lib/python3.8/site-packages/aiofiles/os.py:10
/opt/conda/envs/235ca55b977721137e676add71d64e98/lib/python3.8/site-packages/aiofiles/os.py:10
/opt/conda/envs/235ca55b977721137e676add71d64e98/lib/python3.8/site-packages/aiofiles/os.py:10
/opt/conda/envs/235ca55b977721137e676add71d64e98/lib/python3.8/site-packages/aiofiles/os.py:10
  /opt/conda/envs/235ca55b977721137e676add71d64e98/lib/python3.8/site-packages/aiofiles/os.py:10: DeprecationWarning: "@coroutine" decorator is deprecated since Python 3.8, use "async def" instead
    def run(*args, loop=None, executor=None, **kwargs):

-- Docs: https://docs.pytest.org/en/latest/warnings.html
=========================== short test summary info ============================
FAILED tests/test_additional_properties.py::test_additional_properties_schema
======================== 1 failed, 7 warnings in 0.65s =========================
