coverage run -m pytest test/units/cli/test_galaxy.py::test_collection_default
============================= test session starts ==============================
platform linux -- Python 3.6.9, pytest-3.10.1, py-1.11.0, pluggy-0.13.1
rootdir: /home/user/BugsInPy/temp/projects/ansible, inifile:
plugins: mock-1.2
collected 1 item

test/units/cli/test_galaxy.py F                                          [100%]

=================================== FAILURES ===================================
________________ test_collection_default[collection_skeleton0] _________________

collection_skeleton = '/tmp/pytest-of-root/pytest-10/test-ÅÑŚÌβŁÈ Collections0/ansible_test/my_collection'

    @pytest.mark.parametrize('collection_skeleton', [
        ('ansible_test.my_collection', None),
    ], indirect=True)
    def test_collection_default(collection_skeleton):
        meta_path = os.path.join(collection_skeleton, 'galaxy.yml')
    
        with open(meta_path, 'r') as galaxy_meta:
            metadata = yaml.safe_load(galaxy_meta)
    
        assert metadata['namespace'] == 'ansible_test'
        assert metadata['name'] == 'my_collection'
        assert metadata['authors'] == ['your name <example@domain.com>']
        assert metadata['readme'] == 'README.md'
        assert metadata['version'] == '1.0.0'
>       assert metadata['description'] == 'your collection description'
E       AssertionError: assert 'your description' == 'your collection description'
E         - your description
E         + your collection description

test/units/cli/test_galaxy.py:497: AssertionError
---------------------------- Captured stdout setup -----------------------------
- ansible_test.my_collection was created successfully
=========================== 1 failed in 1.20 seconds ===========================
