coverage run -m unittest tox tests/test_read_user_choice.py::test_click_invocation
E
======================================================================
ERROR: tests/test_read_user_choice (unittest.loader._FailedTest)
----------------------------------------------------------------------
ImportError: Failed to import test module: tests/test_read_user_choice
Traceback (most recent call last):
  File "/opt/conda/envs/76d4d4db462c2965aaa44339b7ec9c46/lib/python3.6/unittest/loader.py", line 153, in loadTestsFromName
    module = __import__(module_name)
ModuleNotFoundError: No module named 'tests/test_read_user_choice'


----------------------------------------------------------------------
Ran 1 test in 0.000s

FAILED (errors=1)
Coverage.py warning: No data was collected. (no-data-collected)
