coverage run -m unittest -q tests.test_black.BlackTestCase.test_preserves_line_endings
======================================================================
FAIL: test_preserves_line_endings (tests.test_black.BlackTestCase)
----------------------------------------------------------------------
Traceback (most recent call last):
  File "/home/user/BugsInPy/temp/projects/black/tests/test_black.py", line 1121, in test_preserves_line_endings
    self.assertIn(nl.encode(), updated_contents)  # type: ignore
AssertionError: b'\r\n' not found in b'def f():\n    pass\n'

----------------------------------------------------------------------
Ran 1 test in 0.004s

FAILED (failures=1)
