coverage run -m unittest -q tornado.test.websocket_test.WebSocketTest.test_render_message
ERROR:tornado.application:Uncaught exception in /render
Traceback (most recent call last):
  File "/home/user/BugsInPy/temp/projects/tornado/tornado/websocket.py", line 484, in _run_callback
    result = callback(*args, **kwargs)
  File "/home/user/BugsInPy/temp/projects/tornado/tornado/test/websocket_test.py", line 136, in on_message
    self.write_message(self.render_string('message.html', message=message))
  File "/home/user/BugsInPy/temp/projects/tornado/tornado/web.py", line 863, in render_string
    namespace = self.get_template_namespace()
  File "/home/user/BugsInPy/temp/projects/tornado/tornado/web.py", line 887, in get_template_namespace
    namespace.update(self.ui)
TypeError: 'NoneType' object is not iterable
======================================================================
FAIL: test_render_message (tornado.test.websocket_test.WebSocketTest)
----------------------------------------------------------------------
Traceback (most recent call last):
  File "/home/user/BugsInPy/temp/projects/tornado/tornado/testing.py", line 136, in __call__
    result = self.orig_method(*args, **kwargs)
  File "/home/user/BugsInPy/temp/projects/tornado/tornado/testing.py", line 529, in post_coroutine
    timeout=timeout)
  File "/home/user/BugsInPy/temp/projects/tornado/tornado/ioloop.py", line 458, in run_sync
    return future_cell[0].result()
  File "/home/user/BugsInPy/temp/projects/tornado/tornado/concurrent.py", line 238, in result
    raise_exc_info(self._exc_info)
  File "<string>", line 4, in raise_exc_info
  File "/home/user/BugsInPy/temp/projects/tornado/tornado/gen.py", line 1069, in run
    yielded = self.gen.send(value)
  File "/opt/conda/envs/ce4643cfe50c63d63380c1ef67ea5299/lib/python3.7/types.py", line 208, in send
    return self.__wrapped.send(val)
  File "/home/user/BugsInPy/temp/projects/tornado/tornado/test/websocket_test.py", line 241, in test_render_message
    self.assertEqual(response, '<b>hello</b>')
AssertionError: None != '<b>hello</b>'

----------------------------------------------------------------------
Ran 1 test in 0.014s

FAILED (failures=1)
