coverage run -m unittest -q tests.test_black.BlackTestCase.test_tuple_assign
Expected tree:
file_input
  simple_stmt
    expr_stmt
      atom
        LPAR '('
        testlist_gexp
          NAME '\n    ' 'sdfjklsdfsjldkflkjsf'
          COMMA ','
          NAME '\n    ' 'sdfjsdfjlksdljkfsdlkf'
          COMMA ','
          NAME '\n    ' 'sdfsdjfklsdfjlksdljkf'
          COMMA ','
          NAME '\n    ' 'sdsfsdfjskdflsfsdf'
          COMMA ','
        /testlist_gexp
        RPAR '\n' ')'
      /atom
      EQUAL ' ' '='
      atom
        LPAR ' ' '('
        testlist_gexp
          NUMBER '1'
          COMMA ','
          NUMBER ' ' '2'
          COMMA ','
          NUMBER ' ' '3'
        /testlist_gexp
        RPAR ')'
      /atom
    /expr_stmt
    NEWLINE '\n'
  /simple_stmt
  ENDMARKER ''
/file_input
Actual tree:
file_input
  simple_stmt
    expr_stmt
      testlist_star_expr
        NAME 'sdfjklsdfsjldkflkjsf'
        COMMA ','
        NAME ' ' 'sdfjsdfjlksdljkfsdlkf'
        COMMA ','
        NAME ' ' 'sdfsdjfklsdfjlksdljkf'
        COMMA ','
        NAME ' ' 'sdsfsdfjskdflsfsdf'
      /testlist_star_expr
      EQUAL ' ' '='
      atom
        LPAR ' ' '('
        testlist_gexp
          NUMBER '\n    ' '1'
          COMMA ','
          NUMBER '\n    ' '2'
          COMMA ','
          NUMBER '\n    ' '3'
          COMMA ','
        /testlist_gexp
        RPAR '\n' ')'
      /atom
    /expr_stmt
    NEWLINE '\n'
  /simple_stmt
  ENDMARKER ''
/file_input
======================================================================
FAIL: test_tuple_assign (tests.test_black.BlackTestCase)
----------------------------------------------------------------------
Traceback (most recent call last):
  File "/opt/conda/envs/b657706be35f360ba710368e4ce42a52/lib/python3.8/unittest/mock.py", line 1325, in patched
    return func(*newargs, **newkeywargs)
  File "/home/user/BugsInPy/temp/projects/black/tests/test_black.py", line 549, in test_tuple_assign
    self.assertFormatEqual(expected, actual)
  File "/home/user/BugsInPy/temp/projects/black/tests/test_black.py", line 159, in assertFormatEqual
    self.assertEqual(expected, actual)
AssertionError: '(\n    sdfjklsdfsjldkflkjsf,\n    sdfjsdf[81 chars]3)\n' != 'sdfjklsdfsjldkflkjsf, sdfjsdfjlksdljkfsdl[74 chars]n)\n'
+ sdfjklsdfsjldkflkjsf, sdfjsdfjlksdljkfsdlkf, sdfsdjfklsdfjlksdljkf, sdsfsdfjskdflsfsdf = (
+     1,
+     2,
+     3,
+ )
- (
-     sdfjklsdfsjldkflkjsf,
-     sdfjsdfjlksdljkfsdlkf,
-     sdfsdjfklsdfjlksdljkf,
-     sdsfsdfjskdflsfsdf,
- ) = (1, 2, 3)


----------------------------------------------------------------------
Ran 1 test in 0.012s

FAILED (failures=1)
