coverage run -m pytest lib/matplotlib/tests/test_axes.py::TestScatter::test_scatter_single_color_c
============================= test session starts ==============================
platform linux -- Python 3.8.1, pytest-7.4.0, pluggy-1.0.0
rootdir: /home/user/BugsInPy/temp/projects/matplotlib
configfile: pytest.ini
collected 1 item

lib/matplotlib/tests/test_axes.py F                                      [100%]

=================================== FAILURES ===================================
_________________ TestScatter.test_scatter_single_color_c[png] _________________

ext = 'png'
request = <FixtureRequest for <Function test_scatter_single_color_c[png]>>
args = (<matplotlib.tests.test_axes.TestScatter object at 0x7f50a431e4c0>,)
kwargs = {}, file_name = 'test_scatter_single_color_c[png]'
fig_test = <Figure size 640x480 with 1 Axes>
fig_ref = <Figure size 640x480 with 1 Axes>
test_image_path = PosixPath('/home/user/BugsInPy/temp/projects/matplotlib/result_images/test_axes/test_scatter_single_color_c[png].png')
ref_image_path = PosixPath('/home/user/BugsInPy/temp/projects/matplotlib/result_images/test_axes/test_scatter_single_color_c[png]-expected.png')

    @pytest.mark.parametrize("ext", extensions)
    def wrapper(*args, ext, request, **kwargs):
        if 'ext' in old_sig.parameters:
            kwargs['ext'] = ext
        if 'request' in old_sig.parameters:
            kwargs['request'] = request
    
        file_name = "".join(c for c in request.node.name
                            if c in ALLOWED_CHARS)
        try:
            fig_test = plt.figure("test")
            fig_ref = plt.figure("reference")
            func(*args, fig_test=fig_test, fig_ref=fig_ref, **kwargs)
            test_image_path = result_dir / (file_name + "." + ext)
            ref_image_path = result_dir / (file_name + "-expected." + ext)
            fig_test.savefig(test_image_path)
            fig_ref.savefig(ref_image_path)
>           _raise_on_image_difference(
                ref_image_path, test_image_path, tol=tol
            )
E           matplotlib.testing.exceptions.ImageComparisonFailure: images not close (RMS 5.043):
E           	result_images/test_axes/test_scatter_single_color_c[png].png
E           	result_images/test_axes/test_scatter_single_color_c[png]-expected.png
E           	result_images/test_axes/test_scatter_single_color_c[png]-failed-diff.png

lib/matplotlib/testing/decorators.py:446: ImageComparisonFailure
------------------------------ Captured log setup ------------------------------
WARNING  matplotlib.testing:__init__.py:40 Could not set locale to English/United States. Some date-related tests may fail.
=============================== warnings summary ===============================
lib/matplotlib/__init__.py:169
lib/matplotlib/__init__.py:169
lib/matplotlib/__init__.py:169
lib/matplotlib/__init__.py:169
lib/matplotlib/__init__.py:169
  /home/user/BugsInPy/temp/projects/matplotlib/lib/matplotlib/__init__.py:169: DeprecationWarning: distutils Version classes are deprecated. Use packaging.version instead.
    if LooseVersion(module.__version__) < minver:

../../../../../../opt/conda/envs/96e55cef081ba1a7fa5bef32944f9ae7/lib/python3.8/site-packages/setuptools/_distutils/version.py:345
../../../../../../opt/conda/envs/96e55cef081ba1a7fa5bef32944f9ae7/lib/python3.8/site-packages/setuptools/_distutils/version.py:345
../../../../../../opt/conda/envs/96e55cef081ba1a7fa5bef32944f9ae7/lib/python3.8/site-packages/setuptools/_distutils/version.py:345
../../../../../../opt/conda/envs/96e55cef081ba1a7fa5bef32944f9ae7/lib/python3.8/site-packages/setuptools/_distutils/version.py:345
../../../../../../opt/conda/envs/96e55cef081ba1a7fa5bef32944f9ae7/lib/python3.8/site-packages/setuptools/_distutils/version.py:345
  /opt/conda/envs/96e55cef081ba1a7fa5bef32944f9ae7/lib/python3.8/site-packages/setuptools/_distutils/version.py:345: DeprecationWarning: distutils Version classes are deprecated. Use packaging.version instead.
    other = LooseVersion(other)

-- Docs: https://docs.pytest.org/en/stable/how-to/capture-warnings.html
=========================== short test summary info ============================
FAILED lib/matplotlib/tests/test_axes.py::TestScatter::test_scatter_single_color_c[png]
======================== 1 failed, 10 warnings in 0.62s ========================
/opt/conda/envs/96e55cef081ba1a7fa5bef32944f9ae7/lib/python3.8/site-packages/coverage/inorout.py:523: CoverageWarning: Module mpl_toolkits was previously imported, but not measured (module-not-measured)
  self.warn(msg, slug="module-not-measured")
