coverage run -m unittest -q test.test_utils.TestUtil.test_unescape_html
======================================================================
ERROR: test_unescape_html (test.test_utils.TestUtil)
----------------------------------------------------------------------
Traceback (most recent call last):
  File "/home/user/BugsInPy/temp/projects/youtube-dl/test/test_utils.py", line 214, in test_unescape_html
    self.assertEqual(unescapeHTML('&#2013266066;'), '&#2013266066;')
  File "/home/user/BugsInPy/temp/projects/youtube-dl/youtube_dl/utils.py", line 411, in unescapeHTML
    r'&([^;]+);', lambda m: _htmlentity_transform(m.group(1)), s)
  File "/opt/conda/envs/7aa55cd80bd67cf5d00b5beee2656da1/lib/python3.7/re.py", line 192, in sub
    return _compile(pattern, flags).sub(repl, string, count)
  File "/home/user/BugsInPy/temp/projects/youtube-dl/youtube_dl/utils.py", line 411, in <lambda>
    r'&([^;]+);', lambda m: _htmlentity_transform(m.group(1)), s)
  File "/home/user/BugsInPy/temp/projects/youtube-dl/youtube_dl/utils.py", line 399, in _htmlentity_transform
    return compat_chr(int(numstr, base))
ValueError: chr() arg not in range(0x110000)

----------------------------------------------------------------------
Ran 1 test in 0.001s

FAILED (errors=1)
