coverage run -m unittest -q tests.test_utils_gz.GunzipTest.test_is_gzipped_case_insensitive
======================================================================
FAIL: test_is_gzipped_case_insensitive (tests.test_utils_gz.GunzipTest)
----------------------------------------------------------------------
Traceback (most recent call last):
  File "/home/user/BugsInPy/temp/projects/scrapy/tests/test_utils_gz.py", line 50, in test_is_gzipped_case_insensitive
    self.assertTrue(is_gzipped(r1))
AssertionError: False is not true

----------------------------------------------------------------------
Ran 1 test in 0.000s

FAILED (failures=1)

coverage run -m unittest -q tests.test_utils_gz.GunzipTest.test_is_gzipped_with_charset
======================================================================
FAIL: test_is_gzipped_with_charset (tests.test_utils_gz.GunzipTest)
----------------------------------------------------------------------
Traceback (most recent call last):
  File "/home/user/BugsInPy/temp/projects/scrapy/tests/test_utils_gz.py", line 68, in test_is_gzipped_with_charset
    self.assertTrue(is_gzipped(r1))
AssertionError: False is not true

----------------------------------------------------------------------
Ran 1 test in 0.000s

FAILED (failures=1)
