coverage run -m unittest -q test.test_InfoExtractor.TestInfoExtractor.test_parse_mpd_formats
======================================================================
FAIL: test_parse_mpd_formats (test.test_InfoExtractor.TestInfoExtractor)
----------------------------------------------------------------------
Traceback (most recent call last):
  File "/home/user/BugsInPy/temp/projects/youtube-dl/test/test_InfoExtractor.py", line 668, in test_parse_mpd_formats
    expect_value(self, formats, expected_formats, None)
  File "/home/user/BugsInPy/temp/projects/youtube-dl/test/helper.py", line 140, in expect_value
    len(expected), len(got), field))
AssertionError: 7 != 6 : Expect a list of length 7, but got a list of length 6 for field None

----------------------------------------------------------------------
Ran 1 test in 0.043s

FAILED (failures=1)
