coverage run -m pytest pandas/tests/arrays/sparse/test_arithmetics.py::test_invert
============================= test session starts ==============================
platform linux -- Python 3.8.3, pytest-5.4.3, py-1.8.1, pluggy-0.13.1
rootdir: /home/user/BugsInPy/temp/projects/pandas, inifile: setup.cfg
plugins: hypothesis-5.16.0
collected 2 items

pandas/tests/arrays/sparse/test_arithmetics.py FF                        [100%]

=================================== FAILURES ===================================
______________________________ test_invert[True] _______________________________

fill_value = True

    @pytest.mark.parametrize("fill_value", [True, False])
    def test_invert(fill_value):
        arr = np.array([True, False, False, True])
        sparray = SparseArray(arr, fill_value=fill_value)
        result = ~sparray
        expected = SparseArray(~arr, fill_value=not fill_value)
        tm.assert_sp_array_equal(result, expected)
    
        result = ~pd.Series(sparray)
        expected = pd.Series(expected)
>       tm.assert_series_equal(result, expected)
E       AssertionError: Attributes of Series are different
E       
E       Attribute "dtype" are different
E       [left]:  bool
E       [right]: Sparse[bool, False]

pandas/tests/arrays/sparse/test_arithmetics.py:481: AssertionError
______________________________ test_invert[False] ______________________________

fill_value = False

    @pytest.mark.parametrize("fill_value", [True, False])
    def test_invert(fill_value):
        arr = np.array([True, False, False, True])
        sparray = SparseArray(arr, fill_value=fill_value)
        result = ~sparray
        expected = SparseArray(~arr, fill_value=not fill_value)
        tm.assert_sp_array_equal(result, expected)
    
        result = ~pd.Series(sparray)
        expected = pd.Series(expected)
>       tm.assert_series_equal(result, expected)
E       AssertionError: Attributes of Series are different
E       
E       Attribute "dtype" are different
E       [left]:  bool
E       [right]: Sparse[bool, True]

pandas/tests/arrays/sparse/test_arithmetics.py:481: AssertionError
=========================== short test summary info ============================
FAILED pandas/tests/arrays/sparse/test_arithmetics.py::test_invert[True] - As...
FAILED pandas/tests/arrays/sparse/test_arithmetics.py::test_invert[False] - A...
============================== 2 failed in 0.35s ===============================
