coverage run -m unittest -q tests.test_downloadermiddleware_redirect.RedirectMiddlewareTest.test_redirect_302_relative
======================================================================
FAIL: test_redirect_302_relative (tests.test_downloadermiddleware_redirect.RedirectMiddlewareTest)
----------------------------------------------------------------------
Traceback (most recent call last):
  File "/home/user/BugsInPy/temp/projects/scrapy/tests/test_downloadermiddleware_redirect.py", line 118, in test_redirect_302_relative
    self.assertEqual(req2.url, url3)
AssertionError: 'http://www.example.com/i8n.example2.com/302' != 'http://i8n.example2.com/302'
- http://www.example.com/i8n.example2.com/302
?       ----------------
+ http://i8n.example2.com/302


----------------------------------------------------------------------
Ran 1 test in 0.158s

FAILED (failures=1)
