coverage run -m pytest tests/rules/test_git_add.py::test_match
============================= test session starts ==============================
platform linux -- Python 3.7.0, pytest-3.10.1, py-1.8.1, pluggy-0.13.1
benchmark: 3.2.3 (defaults: timer=time.perf_counter disable_gc=False min_rounds=5 min_time=0.000005 max_time=1.0 calibration_precision=10 warmup=False warmup_iterations=100000)
rootdir: /home/user/BugsInPy/temp/projects/thefuck, inifile:
plugins: benchmark-3.2.3, mock-3.1.0, docker-pexpect-0.9
collected 2 items

tests/rules/test_git_add.py FF                                           [100%]

=================================== FAILURES ===================================
_______________ test_match[git submodule update unknown-unknown] _______________

stderr = "error: pathspec 'unknown' did not match any file(s) known to git."
script = 'git submodule update unknown', target = 'unknown'

    @pytest.mark.parametrize('script, target', [
        ('git submodule update unknown', 'unknown'),
        ('git commit unknown', 'unknown')])
    def test_match(stderr, script, target):
>       assert match(Command(script=script, stderr=stderr))
E       assert False
E        +  where False = match(Command(script=git submodule update unknown, stdout=, stderr=error: pathspec 'unknown' did not match any file(s) known to git.))
E        +    where Command(script=git submodule update unknown, stdout=, stderr=error: pathspec 'unknown' did not match any file(s) known to git.) = Command(script='git submodule update unknown', stderr="error: pathspec 'unknown' did not match any file(s) known to git.")

tests/rules/test_git_add.py:16: AssertionError
____________________ test_match[git commit unknown-unknown] ____________________

stderr = "error: pathspec 'unknown' did not match any file(s) known to git."
script = 'git commit unknown', target = 'unknown'

    @pytest.mark.parametrize('script, target', [
        ('git submodule update unknown', 'unknown'),
        ('git commit unknown', 'unknown')])
    def test_match(stderr, script, target):
>       assert match(Command(script=script, stderr=stderr))
E       assert False
E        +  where False = match(Command(script=git commit unknown, stdout=, stderr=error: pathspec 'unknown' did not match any file(s) known to git.))
E        +    where Command(script=git commit unknown, stdout=, stderr=error: pathspec 'unknown' did not match any file(s) known to git.) = Command(script='git commit unknown', stderr="error: pathspec 'unknown' did not match any file(s) known to git.")

tests/rules/test_git_add.py:16: AssertionError
=========================== 2 failed in 0.09 seconds ===========================
