coverage run -m unittest -q tornado.test.websocket_test.WebSocketTest.test_missing_websocket_key
ERROR:tornado.application:Uncaught exception GET /echo (127.0.0.1)
HTTPServerRequest(protocol='http', host='localhost:38689', method='GET', uri='/echo', version='HTTP/1.1', remote_ip='127.0.0.1')
Traceback (most recent call last):
  File "/home/user/BugsInPy/temp/projects/tornado/tornado/websocket.py", line 618, in accept_connection
    self._handle_websocket_headers()
  File "/home/user/BugsInPy/temp/projects/tornado/tornado/websocket.py", line 634, in _handle_websocket_headers
    raise ValueError("Missing/Invalid WebSocket headers")
ValueError: Missing/Invalid WebSocket headers

During handling of the above exception, another exception occurred:

Traceback (most recent call last):
  File "/home/user/BugsInPy/temp/projects/tornado/tornado/web.py", line 1488, in _stack_context_handle_exception
    raise_exc_info((type, value, traceback))
  File "<string>", line 4, in raise_exc_info
  File "/home/user/BugsInPy/temp/projects/tornado/tornado/web.py", line 1686, in wrapper
    result = method(self, *args, **kwargs)
  File "/home/user/BugsInPy/temp/projects/tornado/tornado/websocket.py", line 196, in get
    self.ws_connection.accept_connection()
  File "/home/user/BugsInPy/temp/projects/tornado/tornado/websocket.py", line 623, in accept_connection
    self._abort()
  File "/home/user/BugsInPy/temp/projects/tornado/tornado/websocket.py", line 512, in _abort
    self.stream.close()  # forcibly tear down the connection
AttributeError: 'NoneType' object has no attribute 'close'
ERROR:tornado.access:500 GET /echo (127.0.0.1) 1.65ms
======================================================================
FAIL: test_missing_websocket_key (tornado.test.websocket_test.WebSocketTest)
----------------------------------------------------------------------
Traceback (most recent call last):
  File "/home/user/BugsInPy/temp/projects/tornado/tornado/testing.py", line 118, in __call__
    result = self.orig_method(*args, **kwargs)
  File "/home/user/BugsInPy/temp/projects/tornado/tornado/test/websocket_test.py", line 201, in test_missing_websocket_key
    self.assertEqual(response.code, 400)
AssertionError: 500 != 400

----------------------------------------------------------------------
Ran 1 test in 0.010s

FAILED (failures=1)
