coverage run -m pytest pandas/tests/indexes/datetimes/test_constructors.py::TestDatetimeIndex::test_shallow_copy_inherits_array_freq
============================= test session starts ==============================
platform linux -- Python 3.8.3, pytest-5.4.3, py-1.8.1, pluggy-0.13.1
rootdir: /home/user/BugsInPy/temp/projects/pandas, inifile: setup.cfg
plugins: hypothesis-5.16.0
collected 2 items

pandas/tests/indexes/datetimes/test_constructors.py FF                   [100%]

=================================== FAILURES ===================================
_______ TestDatetimeIndex.test_shallow_copy_inherits_array_freq[index0] ________

self = <pandas.tests.indexes.datetimes.test_constructors.TestDatetimeIndex object at 0x7f747fd4d460>
index = DatetimeIndex(['2016-01-01 00:00:00-08:00', '2016-01-02 00:00:00-08:00',
               '2016-01-03 00:00:00-08:00', '...:00:00-08:00',
               '2016-01-05 00:00:00-08:00'],
              dtype='datetime64[ns, US/Pacific]', freq='D')

    @pytest.mark.parametrize(
        "index",
        [
            pd.date_range("2016-01-01", periods=5, tz="US/Pacific"),
            pd.timedelta_range("1 Day", periods=5),
        ],
    )
    def test_shallow_copy_inherits_array_freq(self, index):
        # If we pass a DTA/TDA to shallow_copy and dont specify a freq,
        #  we should inherit the array's freq, not our own.
        array = index._data
    
        arr = array[[0, 3, 2, 4, 1]]
        assert arr.freq is None
    
        result = index._shallow_copy(arr)
>       assert result.freq is None
E       AssertionError: assert <Day> is None
E        +  where <Day> = DatetimeIndex(['2016-01-01 00:00:00-08:00', '2016-01-04 00:00:00-08:00',\n               '2016-01-03 00:00:00-08:00', '...:00:00-08:00',\n               '2016-01-02 00:00:00-08:00'],\n              dtype='datetime64[ns, US/Pacific]', freq='D').freq

pandas/tests/indexes/datetimes/test_constructors.py:49: AssertionError
_______ TestDatetimeIndex.test_shallow_copy_inherits_array_freq[index1] ________

self = <pandas.tests.indexes.datetimes.test_constructors.TestDatetimeIndex object at 0x7f747fcf8910>
index = TimedeltaIndex(['1 days', '2 days', '3 days', '4 days', '5 days'], dtype='timedelta64[ns]', freq='D')

    @pytest.mark.parametrize(
        "index",
        [
            pd.date_range("2016-01-01", periods=5, tz="US/Pacific"),
            pd.timedelta_range("1 Day", periods=5),
        ],
    )
    def test_shallow_copy_inherits_array_freq(self, index):
        # If we pass a DTA/TDA to shallow_copy and dont specify a freq,
        #  we should inherit the array's freq, not our own.
        array = index._data
    
        arr = array[[0, 3, 2, 4, 1]]
        assert arr.freq is None
    
        result = index._shallow_copy(arr)
>       assert result.freq is None
E       AssertionError: assert <Day> is None
E        +  where <Day> = TimedeltaIndex(['1 days', '4 days', '3 days', '5 days', '2 days'], dtype='timedelta64[ns]', freq='D').freq

pandas/tests/indexes/datetimes/test_constructors.py:49: AssertionError
=========================== short test summary info ============================
FAILED pandas/tests/indexes/datetimes/test_constructors.py::TestDatetimeIndex::test_shallow_copy_inherits_array_freq[index0]
FAILED pandas/tests/indexes/datetimes/test_constructors.py::TestDatetimeIndex::test_shallow_copy_inherits_array_freq[index1]
============================== 2 failed in 0.57s ===============================
