coverage run -m pytest pandas/tests/frame/test_constructors.py::TestDataFrameConstructorWithDatetimeTZ::test_construction_from_set_raises
============================= test session starts ==============================
platform linux -- Python 3.8.3, pytest-5.4.2, py-1.8.1, pluggy-0.13.1
rootdir: /home/user/BugsInPy/temp/projects/pandas, inifile: setup.cfg
plugins: hypothesis-5.15.1
collected 1 item

pandas/tests/frame/test_constructors.py F                                [100%]

=================================== FAILURES ===================================
___ TestDataFrameConstructorWithDatetimeTZ.test_construction_from_set_raises ___

self = <pandas.tests.frame.test_constructors.TestDataFrameConstructorWithDatetimeTZ object at 0x7efcdf9eb6d0>

    def test_construction_from_set_raises(self):
        # https://github.com/pandas-dev/pandas/issues/32582
        msg = "Set type is unordered"
        with pytest.raises(TypeError, match=msg):
>           pd.DataFrame({"a": {1, 2, 3}})
E           Failed: DID NOT RAISE <class 'TypeError'>

pandas/tests/frame/test_constructors.py:2612: Failed
=========================== short test summary info ============================
FAILED pandas/tests/frame/test_constructors.py::TestDataFrameConstructorWithDatetimeTZ::test_construction_from_set_raises
============================== 1 failed in 0.44s ===============================
