coverage run -m unittest -q test.test_utils.TestUtil.test_js_to_json_edgecases
======================================================================
ERROR: test_js_to_json_edgecases (test.test_utils.TestUtil)
----------------------------------------------------------------------
Traceback (most recent call last):
  File "/home/user/BugsInPy/temp/projects/youtube-dl/test/test_utils.py", line 795, in test_js_to_json_edgecases
    self.assertEqual(json.loads(on), {'0': 1})
  File "/opt/conda/envs/7c82e6e79bef089fa6b92454d0dfbaa4/lib/python3.7/json/__init__.py", line 348, in loads
    return _default_decoder.decode(s)
  File "/opt/conda/envs/7c82e6e79bef089fa6b92454d0dfbaa4/lib/python3.7/json/decoder.py", line 337, in decode
    obj, end = self.raw_decode(s, idx=_w(s, 0).end())
  File "/opt/conda/envs/7c82e6e79bef089fa6b92454d0dfbaa4/lib/python3.7/json/decoder.py", line 355, in raw_decode
    raise JSONDecodeError("Expecting value", s, err.value) from None
json.decoder.JSONDecodeError: Expecting value: line 1 column 8 (char 7)

----------------------------------------------------------------------
Ran 1 test in 0.004s

FAILED (errors=1)
