coverage run -m pytest pandas/tests/window/test_grouper.py::TestGrouperGrouping::test_groupby_rolling
============================= test session starts ==============================
platform linux -- Python 3.8.3, pytest-5.4.2, py-1.8.1, pluggy-0.13.1
rootdir: /home/user/BugsInPy/temp/projects/pandas, inifile: setup.cfg
plugins: hypothesis-5.15.1
collected 2 items

pandas/tests/window/test_grouper.py F.                                   [100%]

=================================== FAILURES ===================================
______________ TestGrouperGrouping.test_groupby_rolling[1.0-True] ______________

self = <pandas.tests.window.test_grouper.TestGrouperGrouping object at 0x7f92f7519af0>
expected_value = 1.0, raw_value = True

    @pytest.mark.parametrize("expected_value,raw_value", [[1.0, True], [0.0, False]])
    def test_groupby_rolling(self, expected_value, raw_value):
        # GH 31754
    
        def foo(x):
            return int(isinstance(x, np.ndarray))
    
        df = pd.DataFrame({"id": [1, 1, 1], "value": [1, 2, 3]})
        result = df.groupby("id").value.rolling(1).apply(foo, raw=raw_value)
        expected = Series(
            [expected_value] * 3,
            index=pd.MultiIndex.from_tuples(
                ((1, 0), (1, 1), (1, 2)), names=["id", None]
            ),
            name="value",
        )
>       tm.assert_series_equal(result, expected)

pandas/tests/window/test_grouper.py:210: 
_ _ _ _ _ _ _ _ _ _ _ _ _ _ _ _ _ _ _ _ _ _ _ _ _ _ _ _ _ _ _ _ _ _ _ _ _ _ _ _ 
pandas/_libs/testing.pyx:65: in pandas._libs.testing.assert_almost_equal
    cpdef assert_almost_equal(a, b,
_ _ _ _ _ _ _ _ _ _ _ _ _ _ _ _ _ _ _ _ _ _ _ _ _ _ _ _ _ _ _ _ _ _ _ _ _ _ _ _ 

>   raise_assert_detail(obj, msg, lobj, robj)
E   AssertionError: Series are different
E   
E   Series values are different (100.0 %)
E   [left]:  [0.0, 0.0, 0.0]
E   [right]: [1.0, 1.0, 1.0]

pandas/_libs/testing.pyx:174: AssertionError
=========================== short test summary info ============================
FAILED pandas/tests/window/test_grouper.py::TestGrouperGrouping::test_groupby_rolling[1.0-True]
========================= 1 failed, 1 passed in 0.22s ==========================
