coverage run -m unittest -q test.test_utils.TestUtil.test_unified_dates
======================================================================
FAIL: test_unified_dates (test.test_utils.TestUtil)
----------------------------------------------------------------------
Traceback (most recent call last):
  File "/home/user/BugsInPy/temp/projects/youtube-dl/test/test_utils.py", line 141, in test_unified_dates
    self.assertEqual(unified_strdate('28/01/2014 21:00:00 +0100'), '20140128')
AssertionError: None != '20140128'

----------------------------------------------------------------------
Ran 1 test in 0.031s

FAILED (failures=1)
