coverage run -m unittest -q tests.test_black.BlackTestCase.test_comment_in_decorator
Expected tree:
file_input
  decorated
    decorators
      decorator
        AT '@'
        NAME 'property'
        NEWLINE '\n'
      /decorator
      decorator
        AT '# TODO: X\n' '@'
        NAME 'property'
        NEWLINE '\n'
      /decorator
      decorator
        AT '# TODO: Y\n# TODO: Z\n' '@'
        NAME 'property'
        NEWLINE '\n'
      /decorator
    /decorators
    funcdef
      NAME 'def'
      NAME ' ' 'foo'
      parameters
        LPAR '('
        RPAR ')'
      /parameters
      COLON ':'
      suite
        NEWLINE '\n'
        INDENT '    '
        simple_stmt
          NAME 'pass'
          NEWLINE '\n'
        /simple_stmt
        DEDENT ''
      /suite
    /funcdef
  /decorated
  ENDMARKER ''
/file_input
Actual tree:
file_input
  decorated
    decorators
      decorator
        AT '@'
        NAME 'property'
        NEWLINE '\n'
      /decorator
      decorator
        AT '# TODO: X\n\n\n' '@'
        NAME 'property'
        NEWLINE '\n'
      /decorator
      decorator
        AT '# TODO: Y\n# TODO: Z\n\n\n' '@'
        NAME 'property'
        NEWLINE '\n'
      /decorator
    /decorators
    funcdef
      NAME 'def'
      NAME ' ' 'foo'
      parameters
        LPAR '('
        RPAR ')'
      /parameters
      COLON ':'
      suite
        NEWLINE '\n'
        INDENT '    '
        simple_stmt
          NAME 'pass'
          NEWLINE '\n'
        /simple_stmt
        DEDENT ''
      /suite
    /funcdef
  /decorated
  ENDMARKER ''
/file_input
======================================================================
FAIL: test_comment_in_decorator (tests.test_black.BlackTestCase)
----------------------------------------------------------------------
Traceback (most recent call last):
  File "/opt/conda/envs/9eb237635523606f4da80fce5b96935a/lib/python3.8/unittest/mock.py", line 1325, in patched
    return func(*newargs, **newkeywargs)
  File "/home/user/BugsInPy/temp/projects/black/tests/test_black.py", line 633, in test_comment_in_decorator
    self.assertFormatEqual(expected, actual)
  File "/home/user/BugsInPy/temp/projects/black/tests/test_black.py", line 100, in assertFormatEqual
    self.assertEqual(expected, actual)
AssertionError: '@pro[13 chars]: X\n@property\n# TODO: Y\n# TODO: Z\n@propert[21 chars]ss\n' != '@pro[13 chars]: X\n\n\n@property\n# TODO: Y\n# TODO: Z\n\n\n[29 chars]ss\n'
  @property
  # TODO: X
+ 
+ 
  @property
  # TODO: Y
  # TODO: Z
+ 
+ 
  @property
  def foo():
      pass


----------------------------------------------------------------------
Ran 1 test in 0.008s

FAILED (failures=1)
