coverage run -m pytest lib/matplotlib/tests/test_axes.py::test_unautoscaley
============================= test session starts ==============================
platform linux -- Python 3.8.1, pytest-7.4.0, pluggy-1.0.0
rootdir: /home/user/BugsInPy/temp/projects/matplotlib
configfile: pytest.ini
collected 3 items

lib/matplotlib/tests/test_axes.py F.F                                    [100%]

=================================== FAILURES ===================================
___________________________ test_unautoscaley[True] ____________________________

auto = True

    @pytest.mark.parametrize('auto', (True, False, None))
    def test_unautoscaley(auto):
        fig, ax = plt.subplots()
        x = np.arange(100)
        y = np.linspace(-.1, .1, 100)
        ax.scatter(x, y)
    
        post_auto = ax.get_autoscaley_on() if auto is None else auto
    
        ax.set_ylim((-.5, .5), auto=auto)
        assert post_auto == ax.get_autoscaley_on()
        fig.canvas.draw()
>       assert_array_equal(ax.get_ylim(), (-.5, .5))

lib/matplotlib/tests/test_axes.py:6228: 
_ _ _ _ _ _ _ _ _ _ _ _ _ _ _ _ _ _ _ _ _ _ _ _ _ _ _ _ _ _ _ _ _ _ _ _ _ _ _ _ 

args = (<built-in function eq>, (-0.15000000000000002, 0.15000000000000002), (-0.5, 0.5))
kwds = {'err_msg': '', 'header': 'Arrays are not equal', 'strict': False, 'verbose': True}

    @wraps(func)
    def inner(*args, **kwds):
        with self._recreate_cm():
>           return func(*args, **kwds)
E           AssertionError: 
E           Arrays are not equal
E           
E           Mismatched elements: 2 / 2 (100%)
E           Max absolute difference: 0.35
E           Max relative difference: 0.7
E            x: array([-0.15,  0.15])
E            y: array([-0.5,  0.5])

/opt/conda/envs/96e55cef081ba1a7fa5bef32944f9ae7/lib/python3.8/contextlib.py:75: AssertionError
------------------------------ Captured log setup ------------------------------
WARNING  matplotlib.testing:__init__.py:40 Could not set locale to English/United States. Some date-related tests may fail.
___________________________ test_unautoscaley[None] ____________________________

auto = None

    @pytest.mark.parametrize('auto', (True, False, None))
    def test_unautoscaley(auto):
        fig, ax = plt.subplots()
        x = np.arange(100)
        y = np.linspace(-.1, .1, 100)
        ax.scatter(x, y)
    
        post_auto = ax.get_autoscaley_on() if auto is None else auto
    
        ax.set_ylim((-.5, .5), auto=auto)
        assert post_auto == ax.get_autoscaley_on()
        fig.canvas.draw()
>       assert_array_equal(ax.get_ylim(), (-.5, .5))

lib/matplotlib/tests/test_axes.py:6228: 
_ _ _ _ _ _ _ _ _ _ _ _ _ _ _ _ _ _ _ _ _ _ _ _ _ _ _ _ _ _ _ _ _ _ _ _ _ _ _ _ 

args = (<built-in function eq>, (-0.15000000000000002, 0.15000000000000002), (-0.5, 0.5))
kwds = {'err_msg': '', 'header': 'Arrays are not equal', 'strict': False, 'verbose': True}

    @wraps(func)
    def inner(*args, **kwds):
        with self._recreate_cm():
>           return func(*args, **kwds)
E           AssertionError: 
E           Arrays are not equal
E           
E           Mismatched elements: 2 / 2 (100%)
E           Max absolute difference: 0.35
E           Max relative difference: 0.7
E            x: array([-0.15,  0.15])
E            y: array([-0.5,  0.5])

/opt/conda/envs/96e55cef081ba1a7fa5bef32944f9ae7/lib/python3.8/contextlib.py:75: AssertionError
------------------------------ Captured log setup ------------------------------
WARNING  matplotlib.testing:__init__.py:40 Could not set locale to English/United States. Some date-related tests may fail.
=============================== warnings summary ===============================
lib/matplotlib/__init__.py:169
lib/matplotlib/__init__.py:169
lib/matplotlib/__init__.py:169
lib/matplotlib/__init__.py:169
lib/matplotlib/__init__.py:169
  /home/user/BugsInPy/temp/projects/matplotlib/lib/matplotlib/__init__.py:169: DeprecationWarning: distutils Version classes are deprecated. Use packaging.version instead.
    if LooseVersion(module.__version__) < minver:

../../../../../../opt/conda/envs/96e55cef081ba1a7fa5bef32944f9ae7/lib/python3.8/site-packages/setuptools/_distutils/version.py:345
../../../../../../opt/conda/envs/96e55cef081ba1a7fa5bef32944f9ae7/lib/python3.8/site-packages/setuptools/_distutils/version.py:345
../../../../../../opt/conda/envs/96e55cef081ba1a7fa5bef32944f9ae7/lib/python3.8/site-packages/setuptools/_distutils/version.py:345
../../../../../../opt/conda/envs/96e55cef081ba1a7fa5bef32944f9ae7/lib/python3.8/site-packages/setuptools/_distutils/version.py:345
../../../../../../opt/conda/envs/96e55cef081ba1a7fa5bef32944f9ae7/lib/python3.8/site-packages/setuptools/_distutils/version.py:345
  /opt/conda/envs/96e55cef081ba1a7fa5bef32944f9ae7/lib/python3.8/site-packages/setuptools/_distutils/version.py:345: DeprecationWarning: distutils Version classes are deprecated. Use packaging.version instead.
    other = LooseVersion(other)

-- Docs: https://docs.pytest.org/en/stable/how-to/capture-warnings.html
=========================== short test summary info ============================
FAILED lib/matplotlib/tests/test_axes.py::test_unautoscaley[True] - Assertion...
FAILED lib/matplotlib/tests/test_axes.py::test_unautoscaley[None] - Assertion...
=================== 2 failed, 1 passed, 10 warnings in 1.12s ===================
/opt/conda/envs/96e55cef081ba1a7fa5bef32944f9ae7/lib/python3.8/site-packages/coverage/inorout.py:523: CoverageWarning: Module mpl_toolkits was previously imported, but not measured (module-not-measured)
  self.warn(msg, slug="module-not-measured")

coverage run -m pytest lib/matplotlib/tests/test_axes.py::test_unautoscalex
============================= test session starts ==============================
platform linux -- Python 3.8.1, pytest-7.4.0, pluggy-1.0.0
rootdir: /home/user/BugsInPy/temp/projects/matplotlib
configfile: pytest.ini
collected 3 items

lib/matplotlib/tests/test_axes.py F.F                                    [100%]

=================================== FAILURES ===================================
___________________________ test_unautoscalex[True] ____________________________

auto = True

    @pytest.mark.parametrize('auto', (True, False, None))
    def test_unautoscalex(auto):
        fig, ax = plt.subplots()
        x = np.arange(100)
        y = np.linspace(-.1, .1, 100)
        ax.scatter(y, x)
    
        post_auto = ax.get_autoscalex_on() if auto is None else auto
    
        ax.set_xlim((-.5, .5), auto=auto)
        assert post_auto == ax.get_autoscalex_on()
        fig.canvas.draw()
>       assert_array_equal(ax.get_xlim(), (-.5, .5))

lib/matplotlib/tests/test_axes.py:6243: 
_ _ _ _ _ _ _ _ _ _ _ _ _ _ _ _ _ _ _ _ _ _ _ _ _ _ _ _ _ _ _ _ _ _ _ _ _ _ _ _ 

args = (<built-in function eq>, (-0.15000000000000002, 0.15000000000000002), (-0.5, 0.5))
kwds = {'err_msg': '', 'header': 'Arrays are not equal', 'strict': False, 'verbose': True}

    @wraps(func)
    def inner(*args, **kwds):
        with self._recreate_cm():
>           return func(*args, **kwds)
E           AssertionError: 
E           Arrays are not equal
E           
E           Mismatched elements: 2 / 2 (100%)
E           Max absolute difference: 0.35
E           Max relative difference: 0.7
E            x: array([-0.15,  0.15])
E            y: array([-0.5,  0.5])

/opt/conda/envs/96e55cef081ba1a7fa5bef32944f9ae7/lib/python3.8/contextlib.py:75: AssertionError
------------------------------ Captured log setup ------------------------------
WARNING  matplotlib.testing:__init__.py:40 Could not set locale to English/United States. Some date-related tests may fail.
___________________________ test_unautoscalex[None] ____________________________

auto = None

    @pytest.mark.parametrize('auto', (True, False, None))
    def test_unautoscalex(auto):
        fig, ax = plt.subplots()
        x = np.arange(100)
        y = np.linspace(-.1, .1, 100)
        ax.scatter(y, x)
    
        post_auto = ax.get_autoscalex_on() if auto is None else auto
    
        ax.set_xlim((-.5, .5), auto=auto)
        assert post_auto == ax.get_autoscalex_on()
        fig.canvas.draw()
>       assert_array_equal(ax.get_xlim(), (-.5, .5))

lib/matplotlib/tests/test_axes.py:6243: 
_ _ _ _ _ _ _ _ _ _ _ _ _ _ _ _ _ _ _ _ _ _ _ _ _ _ _ _ _ _ _ _ _ _ _ _ _ _ _ _ 

args = (<built-in function eq>, (-0.15000000000000002, 0.15000000000000002), (-0.5, 0.5))
kwds = {'err_msg': '', 'header': 'Arrays are not equal', 'strict': False, 'verbose': True}

    @wraps(func)
    def inner(*args, **kwds):
        with self._recreate_cm():
>           return func(*args, **kwds)
E           AssertionError: 
E           Arrays are not equal
E           
E           Mismatched elements: 2 / 2 (100%)
E           Max absolute difference: 0.35
E           Max relative difference: 0.7
E            x: array([-0.15,  0.15])
E            y: array([-0.5,  0.5])

/opt/conda/envs/96e55cef081ba1a7fa5bef32944f9ae7/lib/python3.8/contextlib.py:75: AssertionError
------------------------------ Captured log setup ------------------------------
WARNING  matplotlib.testing:__init__.py:40 Could not set locale to English/United States. Some date-related tests may fail.
=============================== warnings summary ===============================
lib/matplotlib/__init__.py:169
lib/matplotlib/__init__.py:169
lib/matplotlib/__init__.py:169
lib/matplotlib/__init__.py:169
lib/matplotlib/__init__.py:169
  /home/user/BugsInPy/temp/projects/matplotlib/lib/matplotlib/__init__.py:169: DeprecationWarning: distutils Version classes are deprecated. Use packaging.version instead.
    if LooseVersion(module.__version__) < minver:

../../../../../../opt/conda/envs/96e55cef081ba1a7fa5bef32944f9ae7/lib/python3.8/site-packages/setuptools/_distutils/version.py:345
../../../../../../opt/conda/envs/96e55cef081ba1a7fa5bef32944f9ae7/lib/python3.8/site-packages/setuptools/_distutils/version.py:345
../../../../../../opt/conda/envs/96e55cef081ba1a7fa5bef32944f9ae7/lib/python3.8/site-packages/setuptools/_distutils/version.py:345
../../../../../../opt/conda/envs/96e55cef081ba1a7fa5bef32944f9ae7/lib/python3.8/site-packages/setuptools/_distutils/version.py:345
../../../../../../opt/conda/envs/96e55cef081ba1a7fa5bef32944f9ae7/lib/python3.8/site-packages/setuptools/_distutils/version.py:345
  /opt/conda/envs/96e55cef081ba1a7fa5bef32944f9ae7/lib/python3.8/site-packages/setuptools/_distutils/version.py:345: DeprecationWarning: distutils Version classes are deprecated. Use packaging.version instead.
    other = LooseVersion(other)

-- Docs: https://docs.pytest.org/en/stable/how-to/capture-warnings.html
=========================== short test summary info ============================
FAILED lib/matplotlib/tests/test_axes.py::test_unautoscalex[True] - Assertion...
FAILED lib/matplotlib/tests/test_axes.py::test_unautoscalex[None] - Assertion...
=================== 2 failed, 1 passed, 10 warnings in 1.14s ===================
/opt/conda/envs/96e55cef081ba1a7fa5bef32944f9ae7/lib/python3.8/site-packages/coverage/inorout.py:523: CoverageWarning: Module mpl_toolkits was previously imported, but not measured (module-not-measured)
  self.warn(msg, slug="module-not-measured")
