coverage run -m unittest -q test.test_utils.TestUtil.test_parse_duration
======================================================================
FAIL: test_parse_duration (test.test_utils.TestUtil)
----------------------------------------------------------------------
Traceback (most recent call last):
  File "/home/user/BugsInPy/temp/projects/youtube-dl/test/test_utils.py", line 224, in test_parse_duration
    self.assertEqual(parse_duration('3 min'), 180)
AssertionError: None != 180

----------------------------------------------------------------------
Ran 1 test in 0.002s

FAILED (failures=1)
