coverage run -m unittest tox tests/test_generate_context.py::test_generate_context_decodes_non_ascii_chars
E
======================================================================
ERROR: tests/test_generate_context (unittest.loader._FailedTest)
----------------------------------------------------------------------
ImportError: Failed to import test module: tests/test_generate_context
Traceback (most recent call last):
  File "/opt/conda/envs/5c2dac5ee16b5b2cf2a933b5a644e8af/lib/python3.6/unittest/loader.py", line 153, in loadTestsFromName
    module = __import__(module_name)
ModuleNotFoundError: No module named 'tests/test_generate_context'


----------------------------------------------------------------------
Ran 1 test in 0.000s

FAILED (errors=1)
Coverage.py warning: No data was collected. (no-data-collected)
