coverage run -m pytest tests/test_jsonable_encoder.py::test_encode_model_with_default
============================= test session starts ==============================
platform linux -- Python 3.8.3, pytest-5.4.3, py-1.8.1, pluggy-0.13.1
rootdir: /home/user/BugsInPy/temp/projects/fastapi
plugins: cov-2.9.0
collected 1 item

tests/test_jsonable_encoder.py F                                         [100%]

=================================== FAILURES ===================================
________________________ test_encode_model_with_default ________________________

    def test_encode_model_with_default():
        model = ModelWithDefault(foo="foo", bar="bar")
        assert jsonable_encoder(model) == {"foo": "foo", "bar": "bar", "bla": "bla"}
        assert jsonable_encoder(model, exclude_unset=True) == {"foo": "foo", "bar": "bar"}
>       assert jsonable_encoder(model, exclude_defaults=True) == {"foo": "foo"}
E       TypeError: jsonable_encoder() got an unexpected keyword argument 'exclude_defaults'

tests/test_jsonable_encoder.py:134: TypeError
=============================== warnings summary ===============================
/opt/conda/envs/6d77396cd44c7df1384dad69b48c4335/lib/python3.8/site-packages/aiofiles/os.py:10
/opt/conda/envs/6d77396cd44c7df1384dad69b48c4335/lib/python3.8/site-packages/aiofiles/os.py:10
/opt/conda/envs/6d77396cd44c7df1384dad69b48c4335/lib/python3.8/site-packages/aiofiles/os.py:10
/opt/conda/envs/6d77396cd44c7df1384dad69b48c4335/lib/python3.8/site-packages/aiofiles/os.py:10
/opt/conda/envs/6d77396cd44c7df1384dad69b48c4335/lib/python3.8/site-packages/aiofiles/os.py:10
/opt/conda/envs/6d77396cd44c7df1384dad69b48c4335/lib/python3.8/site-packages/aiofiles/os.py:10
  /opt/conda/envs/6d77396cd44c7df1384dad69b48c4335/lib/python3.8/site-packages/aiofiles/os.py:10: DeprecationWarning: "@coroutine" decorator is deprecated since Python 3.8, use "async def" instead
    def run(*args, loop=None, executor=None, **kwargs):

-- Docs: https://docs.pytest.org/en/latest/warnings.html
=========================== short test summary info ============================
FAILED tests/test_jsonable_encoder.py::test_encode_model_with_default - TypeE...
======================== 1 failed, 6 warnings in 0.37s =========================
