coverage run -m pytest pandas/tests/frame/methods/test_asof.py::TestFrameAsof::test_missing
============================= test session starts ==============================
platform linux -- Python 3.8.3, pytest-5.4.3, py-1.8.1, pluggy-0.13.1
rootdir: /home/user/BugsInPy/temp/projects/pandas, inifile: setup.cfg
plugins: hypothesis-5.16.0
collected 1 item

pandas/tests/frame/methods/test_asof.py F                                [100%]

=================================== FAILURES ===================================
__________________________ TestFrameAsof.test_missing __________________________

self = <pandas.tests.frame.methods.test_asof.TestFrameAsof object at 0x7f4051543880>
date_range_frame =                       A   B
1990-01-01 00:00:00   0   0
1990-01-01 00:00:53   1   1
1990-01-01 00:01:46   2   2
1990-0... 45  45
1990-01-01 00:40:38  46  46
1990-01-01 00:41:31  47  47
1990-01-01 00:42:24  48  48
1990-01-01 00:43:17  49  49

    def test_missing(self, date_range_frame):
        # GH 15118
        # no match found - `where` value before earliest date in index
        N = 10
        df = date_range_frame.iloc[:N].copy()
    
        result = df.asof("1989-12-31")
    
        expected = Series(
            index=["A", "B"], name=Timestamp("1989-12-31"), dtype=np.float64
        )
        tm.assert_series_equal(result, expected)
    
        result = df.asof(to_datetime(["1989-12-31"]))
        expected = DataFrame(
            index=to_datetime(["1989-12-31"]), columns=["A", "B"], dtype="float64"
        )
        tm.assert_frame_equal(result, expected)
    
        # Check that we handle PeriodIndex correctly, dont end up with
        #  period.ordinal for series name
        df = df.to_period("D")
        result = df.asof("1989-12-31")
>       assert isinstance(result.name, Period)
E       assert False
E        +  where False = isinstance(7304, Period)
E        +    where 7304 = A   NaN\nB   NaN\nName: 7304, dtype: float64.name

pandas/tests/frame/methods/test_asof.py:87: AssertionError
=========================== short test summary info ============================
FAILED pandas/tests/frame/methods/test_asof.py::TestFrameAsof::test_missing
============================== 1 failed in 0.33s ===============================
