coverage run -m pytest pandas/tests/reshape/test_pivot.py::TestPivotTable::test_pivot_table_retains_tz
============================= test session starts ==============================
platform linux -- Python 3.8.3, pytest-5.4.2, py-1.8.1, pluggy-0.13.1
rootdir: /home/user/BugsInPy/temp/projects/pandas, inifile: setup.cfg
plugins: hypothesis-5.15.1
collected 1 item

pandas/tests/reshape/test_pivot.py F                                     [100%]

=================================== FAILURES ===================================
__________________ TestPivotTable.test_pivot_table_retains_tz __________________

self = <pandas.tests.reshape.test_pivot.TestPivotTable object at 0x7f177b895be0>

    def test_pivot_table_retains_tz(self):
        dti = date_range("2016-01-01", periods=3, tz="Europe/Amsterdam")
        df = DataFrame({"A": np.random.randn(3), "B": np.random.randn(3), "C": dti})
        result = df.pivot_table(index=["B", "C"], dropna=False)
    
        # check tz retention
>       assert result.index.levels[1].equals(dti)
E       AssertionError: assert False
E        +  where False = <bound method DatetimeIndexOpsMixin.equals of DatetimeIndex(['2015-12-31 23:00:00', '2016-01-01 23:00:00',\n               '2016-01-02 23:00:00'],\n              dtype='datetime64[ns]', name='C', freq=None)>(DatetimeIndex(['2016-01-01 00:00:00+01:00', '2016-01-02 00:00:00+01:00',\n               '2016-01-03 00:00:00+01:00'],\n              dtype='datetime64[ns, Europe/Amsterdam]', freq='D'))
E        +    where <bound method DatetimeIndexOpsMixin.equals of DatetimeIndex(['2015-12-31 23:00:00', '2016-01-01 23:00:00',\n               '2016-01-02 23:00:00'],\n              dtype='datetime64[ns]', name='C', freq=None)> = DatetimeIndex(['2015-12-31 23:00:00', '2016-01-01 23:00:00',\n               '2016-01-02 23:00:00'],\n              dtype='datetime64[ns]', name='C', freq=None).equals

pandas/tests/reshape/test_pivot.py:1035: AssertionError
=========================== short test summary info ============================
FAILED pandas/tests/reshape/test_pivot.py::TestPivotTable::test_pivot_table_retains_tz
============================== 1 failed in 0.32s ===============================
