coverage run -m unittest -q tornado.test.httpserver_test.HTTPServerRawTest.test_chunked_request_uppercase
======================================================================
FAIL: test_chunked_request_uppercase (tornado.test.httpserver_test.HTTPServerRawTest)
----------------------------------------------------------------------
Traceback (most recent call last):
  File "/home/user/BugsInPy/temp/projects/tornado/tornado/testing.py", line 136, in __call__
    result = self.orig_method(*args, **kwargs)
  File "/home/user/BugsInPy/temp/projects/tornado/tornado/test/httpserver_test.py", line 461, in test_chunked_request_uppercase
    self.assertEqual(json_decode(response), {u'foo': [u'bar']})
AssertionError: {} != {'foo': ['bar']}
- {}
+ {'foo': ['bar']}

----------------------------------------------------------------------
Ran 1 test in 0.005s

FAILED (failures=1)
