coverage run -m pytest pandas/tests/groupby/test_categorical.py::test_preserve_categories
============================= test session starts ==============================
platform linux -- Python 3.8.3, pytest-5.4.3, py-1.8.1, pluggy-0.13.1
rootdir: /home/user/BugsInPy/temp/projects/pandas, inifile: setup.cfg
plugins: hypothesis-5.16.0
collected 1 item

pandas/tests/groupby/test_categorical.py F                               [100%]

=================================== FAILURES ===================================
___________________________ test_preserve_categories ___________________________

    def test_preserve_categories():
        # GH-13179
        categories = list("abc")
    
        # ordered=True
        df = DataFrame({"A": Categorical(list("ba"), categories=categories, ordered=True)})
        index = CategoricalIndex(categories, categories, ordered=True, name="A")
>       tm.assert_index_equal(
            df.groupby("A", sort=True, observed=False).first().index, index
        )
E       AssertionError: Index are different
E       
E       Attribute "names" are different
E       [left]:  [None]
E       [right]: ['A']

pandas/tests/groupby/test_categorical.py:678: AssertionError
=========================== short test summary info ============================
FAILED pandas/tests/groupby/test_categorical.py::test_preserve_categories - A...
============================== 1 failed in 0.42s ===============================
