coverage run -m pytest pandas/tests/frame/test_quantile.py::TestDataFrameQuantile::test_quantile_empty_no_columns
============================= test session starts ==============================
platform linux -- Python 3.8.3, pytest-5.4.3, py-1.8.1, pluggy-0.13.1
rootdir: /home/user/BugsInPy/temp/projects/pandas, inifile: setup.cfg
plugins: hypothesis-5.16.0
collected 1 item

pandas/tests/frame/test_quantile.py F                                    [100%]

=================================== FAILURES ===================================
_____________ TestDataFrameQuantile.test_quantile_empty_no_columns _____________

self = <pandas.tests.frame.test_quantile.TestDataFrameQuantile object at 0x7f7292d6e490>

    def test_quantile_empty_no_columns(self):
        # GH#23925 _get_numeric_data may drop all columns
        df = pd.DataFrame(pd.date_range("1/1/18", periods=5))
        df.columns.name = "captain tightpants"
>       result = df.quantile(0.5)

pandas/tests/frame/test_quantile.py:475: 
_ _ _ _ _ _ _ _ _ _ _ _ _ _ _ _ _ _ _ _ _ _ _ _ _ _ _ _ _ _ _ _ _ _ _ _ _ _ _ _ 
pandas/core/frame.py:8218: in quantile
    result = data._data.quantile(
pandas/core/internals/managers.py:535: in quantile
    values = concat_compat([b.values for b in blocks])
pandas/core/dtypes/concat.py:139: in concat_compat
    return np.concatenate(to_concat, axis=axis)
_ _ _ _ _ _ _ _ _ _ _ _ _ _ _ _ _ _ _ _ _ _ _ _ _ _ _ _ _ _ _ _ _ _ _ _ _ _ _ _ 

args = ([],), kwargs = {'axis': 0}, relevant_args = []

>   ???
E   ValueError: need at least one array to concatenate

<__array_function__ internals>:5: ValueError
=========================== short test summary info ============================
FAILED pandas/tests/frame/test_quantile.py::TestDataFrameQuantile::test_quantile_empty_no_columns
============================== 1 failed in 0.57s ===============================
