coverage run -m unittest -q tests.test_http_request.RequestTest.test_url_no_scheme
======================================================================
FAIL: test_url_no_scheme (tests.test_http_request.RequestTest)
----------------------------------------------------------------------
Traceback (most recent call last):
  File "/home/user/BugsInPy/temp/projects/scrapy/tests/test_http_request.py", line 56, in test_url_no_scheme
    self.assertRaises(ValueError, self.request_class, '/foo:bar')
AssertionError: ValueError not raised by Request

----------------------------------------------------------------------
Ran 1 test in 0.002s

FAILED (failures=1)
