coverage run -m unittest -q tornado.test.http1connection_test.HTTP1ConnectionTest.test_http10_no_content_length
======================================================================
ERROR: test_http10_no_content_length (tornado.test.http1connection_test.HTTP1ConnectionTest)
----------------------------------------------------------------------
Traceback (most recent call last):
  File "/home/user/BugsInPy/temp/projects/tornado/tornado/testing.py", line 132, in __call__
    result = self.orig_method(*args, **kwargs)
  File "/home/user/BugsInPy/temp/projects/tornado/tornado/testing.py", line 525, in post_coroutine
    timeout=timeout)
  File "/home/user/BugsInPy/temp/projects/tornado/tornado/ioloop.py", line 453, in run_sync
    return future_cell[0].result()
  File "/home/user/BugsInPy/temp/projects/tornado/tornado/concurrent.py", line 237, in result
    raise_exc_info(self._exc_info)
  File "<string>", line 3, in raise_exc_info
  File "/home/user/BugsInPy/temp/projects/tornado/tornado/gen.py", line 1014, in run
    yielded = self.gen.throw(*exc_info)
  File "/opt/conda/envs/ce4643cfe50c63d63380c1ef67ea5299/lib/python3.7/types.py", line 210, in throw
    return self.__wrapped.throw(tp, *rest)
  File "/home/user/BugsInPy/temp/projects/tornado/tornado/test/http1connection_test.py", line 58, in test_http10_no_content_length
    yield conn.read_response(Delegate())
  File "/home/user/BugsInPy/temp/projects/tornado/tornado/gen.py", line 1008, in run
    value = future.result()
  File "/home/user/BugsInPy/temp/projects/tornado/tornado/concurrent.py", line 237, in result
    raise_exc_info(self._exc_info)
  File "<string>", line 3, in raise_exc_info
  File "/home/user/BugsInPy/temp/projects/tornado/tornado/gen.py", line 1017, in run
    yielded = self.gen.send(value)
  File "/home/user/BugsInPy/temp/projects/tornado/tornado/http1connection.py", line 182, in _read_message
    start_line, headers)
  File "/home/user/BugsInPy/temp/projects/tornado/tornado/http1connection.py", line 484, in _can_keep_alive
    or start_line.method in ("HEAD", "GET")):
AttributeError: 'ResponseStartLine' object has no attribute 'method'

----------------------------------------------------------------------
Ran 1 test in 0.005s

FAILED (errors=1)
