coverage run -m unittest -q tests.test_http_request.FormRequestTest.test_from_response_clickdata_does_not_ignore_image
======================================================================
FAIL: test_from_response_clickdata_does_not_ignore_image (tests.test_http_request.FormRequestTest)
----------------------------------------------------------------------
Traceback (most recent call last):
  File "/home/user/BugsInPy/temp/projects/scrapy/tests/test_http_request.py", line 556, in test_from_response_clickdata_does_not_ignore_image
    self.assertEqual(fs, {b'i1': [b'i1v'], b'i2': [b'i2v']})
AssertionError: {b'i1': [b'i1v']} != {b'i1': [b'i1v'], b'i2': [b'i2v']}
- {b'i1': [b'i1v']}
+ {b'i1': [b'i1v'], b'i2': [b'i2v']}

----------------------------------------------------------------------
Ran 1 test in 0.004s

FAILED (failures=1)
