coverage run -m pytest lib/matplotlib/tests/test_axes.py::test_vlines_default
============================= test session starts ==============================
platform linux -- Python 3.8.1, pytest-7.4.0, pluggy-1.0.0
rootdir: /home/user/BugsInPy/temp/projects/matplotlib
configfile: pytest.ini
collected 1 item

lib/matplotlib/tests/test_axes.py F                                      [100%]

=================================== FAILURES ===================================
_____________________________ test_vlines_default ______________________________

    def test_vlines_default():
        fig, ax = plt.subplots()
        with mpl.rc_context({'lines.color': 'red'}):
            lines = ax.vlines(0.5, 0, 1)
>           assert mpl.colors.same_color(lines.get_color(), 'red')
E           AssertionError: assert False
E            +  where False = <function same_color at 0x7f0db47f28b0>(array([[0., 0., 0., 1.]]), 'red')
E            +    where <function same_color at 0x7f0db47f28b0> = <module 'matplotlib.colors' from '/home/user/BugsInPy/temp/projects/matplotlib/lib/matplotlib/colors.py'>.same_color
E            +      where <module 'matplotlib.colors' from '/home/user/BugsInPy/temp/projects/matplotlib/lib/matplotlib/colors.py'> = mpl.colors
E            +    and   array([[0., 0., 0., 1.]]) = <bound method LineCollection.get_color of <matplotlib.collections.LineCollection object at 0x7f0db3ff31f0>>()
E            +      where <bound method LineCollection.get_color of <matplotlib.collections.LineCollection object at 0x7f0db3ff31f0>> = <matplotlib.collections.LineCollection object at 0x7f0db3ff31f0>.get_color

lib/matplotlib/tests/test_axes.py:3822: AssertionError
------------------------------ Captured log setup ------------------------------
WARNING  matplotlib.testing:__init__.py:40 Could not set locale to English/United States. Some date-related tests may fail.
=============================== warnings summary ===============================
lib/matplotlib/__init__.py:169
lib/matplotlib/__init__.py:169
lib/matplotlib/__init__.py:169
lib/matplotlib/__init__.py:169
lib/matplotlib/__init__.py:169
  /home/user/BugsInPy/temp/projects/matplotlib/lib/matplotlib/__init__.py:169: DeprecationWarning: distutils Version classes are deprecated. Use packaging.version instead.
    if LooseVersion(module.__version__) < minver:

../../../../../../opt/conda/envs/96e55cef081ba1a7fa5bef32944f9ae7/lib/python3.8/site-packages/setuptools/_distutils/version.py:345
../../../../../../opt/conda/envs/96e55cef081ba1a7fa5bef32944f9ae7/lib/python3.8/site-packages/setuptools/_distutils/version.py:345
../../../../../../opt/conda/envs/96e55cef081ba1a7fa5bef32944f9ae7/lib/python3.8/site-packages/setuptools/_distutils/version.py:345
../../../../../../opt/conda/envs/96e55cef081ba1a7fa5bef32944f9ae7/lib/python3.8/site-packages/setuptools/_distutils/version.py:345
../../../../../../opt/conda/envs/96e55cef081ba1a7fa5bef32944f9ae7/lib/python3.8/site-packages/setuptools/_distutils/version.py:345
  /opt/conda/envs/96e55cef081ba1a7fa5bef32944f9ae7/lib/python3.8/site-packages/setuptools/_distutils/version.py:345: DeprecationWarning: distutils Version classes are deprecated. Use packaging.version instead.
    other = LooseVersion(other)

-- Docs: https://docs.pytest.org/en/stable/how-to/capture-warnings.html
=========================== short test summary info ============================
FAILED lib/matplotlib/tests/test_axes.py::test_vlines_default - AssertionErro...
======================== 1 failed, 10 warnings in 0.57s ========================
/opt/conda/envs/96e55cef081ba1a7fa5bef32944f9ae7/lib/python3.8/site-packages/coverage/inorout.py:523: CoverageWarning: Module mpl_toolkits was previously imported, but not measured (module-not-measured)
  self.warn(msg, slug="module-not-measured")
