coverage run -m unittest -q tests.test_utils_request.UtilsRequestTest.test_request_httprepr_for_non_http_request
======================================================================
ERROR: test_request_httprepr_for_non_http_request (tests.test_utils_request.UtilsRequestTest)
----------------------------------------------------------------------
Traceback (most recent call last):
  File "/home/user/BugsInPy/temp/projects/scrapy/tests/test_utils_request.py", line 76, in test_request_httprepr_for_non_http_request
    request_httprepr(Request("file:///tmp/foo.txt"))
  File "/home/user/BugsInPy/temp/projects/scrapy/scrapy/utils/request.py", line 82, in request_httprepr
    s += b"Host: " + to_bytes(parsed.hostname) + b"\r\n"
  File "/home/user/BugsInPy/temp/projects/scrapy/scrapy/utils/python.py", line 116, in to_bytes
    raise TypeError('to_bytes must receive a unicode, str or bytes '
TypeError: to_bytes must receive a unicode, str or bytes object, got NoneType

----------------------------------------------------------------------
Ran 1 test in 0.003s

FAILED (errors=1)
