coverage run -m pytest test/units/utils/test_version.py::test_alpha
============================= test session starts ==============================
platform linux -- Python 3.6.9, pytest-3.10.1, py-1.11.0, pluggy-0.13.1
rootdir: /home/user/BugsInPy/temp/projects/ansible, inifile:
collected 1 item

test/units/utils/test_version.py F                                       [100%]

=================================== FAILURES ===================================
__________________________________ test_alpha __________________________________

    def test_alpha():
        assert _Alpha('a') == _Alpha('a')
        assert _Alpha('a') == 'a'
        assert _Alpha('a') != _Alpha('b')
        assert _Alpha('a') != 1
        assert _Alpha('a') < _Alpha('b')
        assert _Alpha('a') < 'c'
        assert _Alpha('a') > _Numeric(1)
        with pytest.raises(ValueError):
            _Alpha('a') < None
        assert _Alpha('a') <= _Alpha('a')
        assert _Alpha('a') <= _Alpha('b')
        assert _Alpha('b') >= _Alpha('a')
        assert _Alpha('b') >= _Alpha('b')
    
        # The following 3*6 tests check that all comparison operators perform
        # as expected. DO NOT remove any of them, or reformulate them (to remove
        # the explicit `not`)!
    
        assert _Alpha('a') == _Alpha('a')
        assert not _Alpha('a') != _Alpha('a')  # pylint: disable=unneeded-not
        assert not _Alpha('a') < _Alpha('a')  # pylint: disable=unneeded-not
        assert _Alpha('a') <= _Alpha('a')
>       assert not _Alpha('a') > _Alpha('a')  # pylint: disable=unneeded-not
E       AssertionError: assert not 'a' > 'a'
E        +  where 'a' = _Alpha('a')
E        +  and   'a' = _Alpha('a')

test/units/utils/test_version.py:279: AssertionError
=========================== 1 failed in 0.07 seconds ===========================

coverage run -m pytest test/units/utils/test_version.py::test_numeric
============================= test session starts ==============================
platform linux -- Python 3.6.9, pytest-3.10.1, py-1.11.0, pluggy-0.13.1
rootdir: /home/user/BugsInPy/temp/projects/ansible, inifile:
collected 1 item

test/units/utils/test_version.py F                                       [100%]

=================================== FAILURES ===================================
_________________________________ test_numeric _________________________________

    def test_numeric():
        assert _Numeric(1) == _Numeric(1)
        assert _Numeric(1) == 1
        assert _Numeric(1) != _Numeric(2)
        assert _Numeric(1) != 'a'
        assert _Numeric(1) < _Numeric(2)
        assert _Numeric(1) < 3
        assert _Numeric(1) < _Alpha('b')
        with pytest.raises(ValueError):
            _Numeric(1) < None
        assert _Numeric(1) <= _Numeric(1)
        assert _Numeric(1) <= _Numeric(2)
        assert _Numeric(2) >= _Numeric(1)
        assert _Numeric(2) >= _Numeric(2)
    
        # The following 3*6 tests check that all comparison operators perform
        # as expected. DO NOT remove any of them, or reformulate them (to remove
        # the explicit `not`)!
    
        assert _Numeric(1) == _Numeric(1)
        assert not _Numeric(1) != _Numeric(1)  # pylint: disable=unneeded-not
        assert not _Numeric(1) < _Numeric(1)  # pylint: disable=unneeded-not
        assert _Numeric(1) <= _Numeric(1)
>       assert not _Numeric(1) > _Numeric(1)  # pylint: disable=unneeded-not
E       assert not 1 > 1
E        +  where 1 = _Numeric(1)
E        +  and   1 = _Numeric(1)

test/units/utils/test_version.py:320: AssertionError
=========================== 1 failed in 0.07 seconds ===========================
