coverage run -m pytest pandas/tests/sparse/frame/test_frame.py::TestSparseDataFrameArithmetic::test_add_series_retains_dtype
============================= test session starts ==============================
platform linux -- Python 3.8.3, pytest-5.4.3, py-1.8.1, pluggy-0.13.1
rootdir: /home/user/BugsInPy/temp/projects/pandas, inifile: setup.cfg
plugins: hypothesis-5.16.0
collected 1 item

pandas/tests/sparse/frame/test_frame.py F                                [100%]

=================================== FAILURES ===================================
_________ TestSparseDataFrameArithmetic.test_add_series_retains_dtype __________

self = <pandas.tests.sparse.frame.test_frame.TestSparseDataFrameArithmetic object at 0x7f7ea90bda30>

    def test_add_series_retains_dtype(self):
        # SparseDataFrame._combine_match_columns used to incorrectly cast
        #  to float
        d = {0: [2j, 3j], 1: [0, 1]}
        sdf = SparseDataFrame(data=d, default_fill_value=1)
        result = sdf + sdf[0]
    
        df = sdf.to_dense()
        expected = df + df[0]
>       tm.assert_frame_equal(result.to_dense(), expected)

pandas/tests/sparse/frame/test_frame.py:1499: 
_ _ _ _ _ _ _ _ _ _ _ _ _ _ _ _ _ _ _ _ _ _ _ _ _ _ _ _ _ _ _ _ _ _ _ _ _ _ _ _ 
pandas/_libs/testing.pyx:65: in pandas._libs.testing.assert_almost_equal
    cpdef assert_almost_equal(a, b,
_ _ _ _ _ _ _ _ _ _ _ _ _ _ _ _ _ _ _ _ _ _ _ _ _ _ _ _ _ _ _ _ _ _ _ _ _ _ _ _ 

>   raise_assert_detail(obj, msg, lobj, robj)
E   AssertionError: DataFrame.iloc[:, 0] are different
E   
E   DataFrame.iloc[:, 0] values are different (100.0 %)
E   [left]:  [2j, 3j]
E   [right]: [4j, 5j]

pandas/_libs/testing.pyx:178: AssertionError
=============================== warnings summary ===============================
pandas/tests/sparse/frame/test_frame.py::TestSparseDataFrameArithmetic::test_add_series_retains_dtype
  /home/user/BugsInPy/temp/projects/pandas/pandas/core/sparse/frame.py:606: ComplexWarning: Casting complex values to real discards the imaginary part
    new_data[col] = func(left[col], float(right[col]))

-- Docs: https://docs.pytest.org/en/latest/warnings.html
=========================== short test summary info ============================
FAILED pandas/tests/sparse/frame/test_frame.py::TestSparseDataFrameArithmetic::test_add_series_retains_dtype
========================= 1 failed, 1 warning in 0.37s =========================
