coverage run -m unittest -q tests.test_pipeline_images.ImagesPipelineTestCaseCustomSettings
======================================================================
FAIL: test_different_settings_for_different_instances (tests.test_pipeline_images.ImagesPipelineTestCaseCustomSettings)
If there are two instances of ImagesPipeline class with different settings, they should
----------------------------------------------------------------------
Traceback (most recent call last):
  File "/opt/conda/envs/5bb92171b9991147619eddfef772cb52/lib/python3.8/site-packages/twisted/internet/defer.py", line 151, in maybeDeferred
    result = f(*args, **kw)
  File "/opt/conda/envs/5bb92171b9991147619eddfef772cb52/lib/python3.8/site-packages/twisted/internet/utils.py", line 221, in runWithWarningsSuppressed
    reraise(exc_info[1], exc_info[2])
  File "/opt/conda/envs/5bb92171b9991147619eddfef772cb52/lib/python3.8/site-packages/twisted/python/compat.py", line 464, in reraise
    raise exception.with_traceback(traceback)
  File "/opt/conda/envs/5bb92171b9991147619eddfef772cb52/lib/python3.8/site-packages/twisted/internet/utils.py", line 217, in runWithWarningsSuppressed
    result = f(*a, **kw)
  File "/home/user/BugsInPy/temp/projects/scrapy/tests/test_pipeline_images.py", line 294, in test_different_settings_for_different_instances
    self.assertEqual(getattr(default_sts_pipe, pipe_attr.lower()), expected_default_value)
  File "/opt/conda/envs/5bb92171b9991147619eddfef772cb52/lib/python3.8/site-packages/twisted/trial/_synctest.py", line 434, in assertEqual
    super(_Assertions, self).assertEqual(first, second, msg)
  File "/opt/conda/envs/5bb92171b9991147619eddfef772cb52/lib/python3.8/unittest/case.py", line 912, in assertEqual
    assertion_func(first, second, msg=msg)
  File "/opt/conda/envs/5bb92171b9991147619eddfef772cb52/lib/python3.8/unittest/case.py", line 905, in _baseAssertEqual
    raise self.failureException(msg)
twisted.trial.unittest.FailTest: 0 != 90

======================================================================
FAIL: test_no_custom_settings_for_subclasses (tests.test_pipeline_images.ImagesPipelineTestCaseCustomSettings)
If there are no settings for subclass and no subclass attributes, pipeline should use
----------------------------------------------------------------------
Traceback (most recent call last):
  File "/opt/conda/envs/5bb92171b9991147619eddfef772cb52/lib/python3.8/site-packages/twisted/internet/defer.py", line 151, in maybeDeferred
    result = f(*args, **kw)
  File "/opt/conda/envs/5bb92171b9991147619eddfef772cb52/lib/python3.8/site-packages/twisted/internet/utils.py", line 221, in runWithWarningsSuppressed
    reraise(exc_info[1], exc_info[2])
  File "/opt/conda/envs/5bb92171b9991147619eddfef772cb52/lib/python3.8/site-packages/twisted/python/compat.py", line 464, in reraise
    raise exception.with_traceback(traceback)
  File "/opt/conda/envs/5bb92171b9991147619eddfef772cb52/lib/python3.8/site-packages/twisted/internet/utils.py", line 217, in runWithWarningsSuppressed
    result = f(*a, **kw)
  File "/home/user/BugsInPy/temp/projects/scrapy/tests/test_pipeline_images.py", line 336, in test_no_custom_settings_for_subclasses
    self.assertEqual(getattr(user_pipeline, pipe_attr.lower()), custom_value)
  File "/opt/conda/envs/5bb92171b9991147619eddfef772cb52/lib/python3.8/site-packages/twisted/trial/_synctest.py", line 434, in assertEqual
    super(_Assertions, self).assertEqual(first, second, msg)
  File "/opt/conda/envs/5bb92171b9991147619eddfef772cb52/lib/python3.8/unittest/case.py", line 912, in assertEqual
    assertion_func(first, second, msg=msg)
  File "/opt/conda/envs/5bb92171b9991147619eddfef772cb52/lib/python3.8/unittest/case.py", line 905, in _baseAssertEqual
    raise self.failureException(msg)
twisted.trial.unittest.FailTest: 0 != 90

----------------------------------------------------------------------
Ran 7 tests in 0.021s

FAILED (failures=2)
