coverage run -m unittest -q test.test_YoutubeDL.TestYoutubeDL.test_prepare_filename
======================================================================
FAIL: test_prepare_filename (test.test_YoutubeDL.TestYoutubeDL)
----------------------------------------------------------------------
Traceback (most recent call last):
  File "/home/user/BugsInPy/temp/projects/youtube-dl/test/test_YoutubeDL.py", line 556, in test_prepare_filename
    self.assertEqual(fname('Hello %(title1)s'), 'Hello $PATH')
AssertionError: 'Hello /opt/conda/envs/7c82e6e79bef089fa6b92454d[137 chars]/bin' != 'Hello $PATH'
- Hello /opt/conda/envs/7c82e6e79bef089fa6b92454d0dfbaa4/bin:/opt/conda/condabin:/home/user/BugsInPy/framework/bin:/opt/conda/bin:/usr/local/sbin:/usr/local/bin:/usr/sbin:/usr/bin:/sbin:/bin
+ Hello $PATH


----------------------------------------------------------------------
Ran 1 test in 0.182s

FAILED (failures=1)
