coverage run -m unittest -q tornado.test.websocket_test.WebSocketTest.test_nodelay
ERROR:tornado.application:Uncaught exception GET /nodelay (127.0.0.1)
HTTPServerRequest(protocol='http', host='127.0.0.1:36675', method='GET', uri='/nodelay', version='HTTP/1.1', remote_ip='127.0.0.1')
Traceback (most recent call last):
  File "/home/user/BugsInPy/temp/projects/tornado/tornado/websocket.py", line 952, in _accept_connection
    open_result = handler.open(*handler.open_args, **handler.open_kwargs)
  File "/home/user/BugsInPy/temp/projects/tornado/tornado/test/websocket_test.py", line 203, in open
    self.set_nodelay(True)
  File "/home/user/BugsInPy/temp/projects/tornado/tornado/websocket.py", line 561, in set_nodelay
    assert self.stream is not None
AssertionError
======================================================================
FAIL: test_nodelay (tornado.test.websocket_test.WebSocketTest)
----------------------------------------------------------------------
Traceback (most recent call last):
  File "/home/user/BugsInPy/temp/projects/tornado/tornado/testing.py", line 98, in __call__
    result = self.orig_method(*args, **kwargs)
  File "/home/user/BugsInPy/temp/projects/tornado/tornado/testing.py", line 595, in post_coroutine
    functools.partial(coro, self, *args, **kwargs), timeout=timeout
  File "/home/user/BugsInPy/temp/projects/tornado/tornado/ioloop.py", line 532, in run_sync
    return future_cell[0].result()
  File "/home/user/BugsInPy/temp/projects/tornado/tornado/gen.py", line 742, in run
    yielded = self.gen.send(value)
  File "/home/user/BugsInPy/temp/projects/tornado/tornado/test/websocket_test.py", line 576, in test_nodelay
    self.assertEqual(res, "hello")
AssertionError: None != 'hello'

----------------------------------------------------------------------
Ran 1 test in 0.011s

FAILED (failures=1)
