coverage run -m unittest -q test.test_utils.TestUtil.test_match_str
======================================================================
FAIL: test_match_str (test.test_utils.TestUtil)
----------------------------------------------------------------------
Traceback (most recent call last):
  File "/home/user/BugsInPy/temp/projects/youtube-dl/test/test_utils.py", line 1076, in test_match_str
    self.assertFalse(match_str('is_live', {'is_live': False}))
AssertionError: True is not false

----------------------------------------------------------------------
Ran 1 test in 0.007s

FAILED (failures=1)
