coverage run -m pytest tests/test_skip_defaults.py::test_return_defaults
============================= test session starts ==============================
platform linux -- Python 3.8.3, pytest-5.4.3, py-1.8.1, pluggy-0.13.1
rootdir: /home/user/BugsInPy/temp/projects/fastapi
plugins: cov-2.9.0
collected 1 item

tests/test_skip_defaults.py F                                            [100%]

=================================== FAILURES ===================================
_____________________________ test_return_defaults _____________________________

    def test_return_defaults():
        response = client.get("/")
>       assert response.json() == {"sub": {}}
E       AssertionError: assert {'sub': {'a':...'}, 'x': None} == {'sub': {}}
E         Differing items:
E         {'sub': {'a': 'foo'}} != {'sub': {}}
E         Left contains 1 more item:
E         {'x': None}
E         Use -v to get the full diff

tests/test_skip_defaults.py:29: AssertionError
=============================== warnings summary ===============================
/opt/conda/envs/6a8345d79f511e631e8d83e9f190ff61/lib/python3.8/site-packages/pydantic/version.py:5
  /opt/conda/envs/6a8345d79f511e631e8d83e9f190ff61/lib/python3.8/site-packages/pydantic/version.py:5: DeprecationWarning: distutils Version classes are deprecated. Use packaging.version instead.
    VERSION = StrictVersion('0.32.2')

/opt/conda/envs/6a8345d79f511e631e8d83e9f190ff61/lib/python3.8/site-packages/aiofiles/os.py:10
/opt/conda/envs/6a8345d79f511e631e8d83e9f190ff61/lib/python3.8/site-packages/aiofiles/os.py:10
/opt/conda/envs/6a8345d79f511e631e8d83e9f190ff61/lib/python3.8/site-packages/aiofiles/os.py:10
/opt/conda/envs/6a8345d79f511e631e8d83e9f190ff61/lib/python3.8/site-packages/aiofiles/os.py:10
/opt/conda/envs/6a8345d79f511e631e8d83e9f190ff61/lib/python3.8/site-packages/aiofiles/os.py:10
/opt/conda/envs/6a8345d79f511e631e8d83e9f190ff61/lib/python3.8/site-packages/aiofiles/os.py:10
  /opt/conda/envs/6a8345d79f511e631e8d83e9f190ff61/lib/python3.8/site-packages/aiofiles/os.py:10: DeprecationWarning: "@coroutine" decorator is deprecated since Python 3.8, use "async def" instead
    def run(*args, loop=None, executor=None, **kwargs):

-- Docs: https://docs.pytest.org/en/latest/warnings.html
=========================== short test summary info ============================
FAILED tests/test_skip_defaults.py::test_return_defaults - AssertionError: as...
======================== 1 failed, 7 warnings in 0.54s =========================
