coverage run -m unittest -q test.test_utils.TestUtil.test_unified_dates
======================================================================
FAIL: test_unified_dates (test.test_utils.TestUtil)
----------------------------------------------------------------------
Traceback (most recent call last):
  File "/home/user/BugsInPy/temp/projects/youtube-dl/test/test_utils.py", line 239, in test_unified_dates
    self.assertEqual(unified_strdate('UNKNOWN DATE FORMAT'), None)
AssertionError: 'None' != None

----------------------------------------------------------------------
Ran 1 test in 0.046s

FAILED (failures=1)
