coverage run -m pytest lib/matplotlib/tests/test_axes.py::test_set_ticks_inverted
============================= test session starts ==============================
platform linux -- Python 3.8.1, pytest-7.4.0, pluggy-1.0.0
rootdir: /home/user/BugsInPy/temp/projects/matplotlib
configfile: pytest.ini
collected 1 item

lib/matplotlib/tests/test_axes.py F                                      [100%]

=================================== FAILURES ===================================
___________________________ test_set_ticks_inverted ____________________________

    def test_set_ticks_inverted():
        fig, ax = plt.subplots()
        ax.invert_xaxis()
        ax.set_xticks([.3, .7])
>       assert ax.get_xlim() == (1, 0)
E       assert (0.7, 0.3) == (1, 0)
E         At index 0 diff: 0.7 != 1
E         Use -v to get more diff

lib/matplotlib/tests/test_axes.py:6420: AssertionError
------------------------------ Captured log setup ------------------------------
WARNING  matplotlib.testing:__init__.py:39 Could not set locale to English/United States. Some date-related tests may fail.
=============================== warnings summary ===============================
lib/matplotlib/__init__.py:200
lib/matplotlib/__init__.py:200
lib/matplotlib/__init__.py:200
lib/matplotlib/__init__.py:200
lib/matplotlib/__init__.py:200
  /home/user/BugsInPy/temp/projects/matplotlib/lib/matplotlib/__init__.py:200: DeprecationWarning: distutils Version classes are deprecated. Use packaging.version instead.
    if LooseVersion(module.__version__) < minver:

../../../../../../opt/conda/envs/96e55cef081ba1a7fa5bef32944f9ae7/lib/python3.8/site-packages/setuptools/_distutils/version.py:345
../../../../../../opt/conda/envs/96e55cef081ba1a7fa5bef32944f9ae7/lib/python3.8/site-packages/setuptools/_distutils/version.py:345
../../../../../../opt/conda/envs/96e55cef081ba1a7fa5bef32944f9ae7/lib/python3.8/site-packages/setuptools/_distutils/version.py:345
../../../../../../opt/conda/envs/96e55cef081ba1a7fa5bef32944f9ae7/lib/python3.8/site-packages/setuptools/_distutils/version.py:345
../../../../../../opt/conda/envs/96e55cef081ba1a7fa5bef32944f9ae7/lib/python3.8/site-packages/setuptools/_distutils/version.py:345
  /opt/conda/envs/96e55cef081ba1a7fa5bef32944f9ae7/lib/python3.8/site-packages/setuptools/_distutils/version.py:345: DeprecationWarning: distutils Version classes are deprecated. Use packaging.version instead.
    other = LooseVersion(other)

lib/matplotlib/tests/test_axes.py::test_set_ticks_inverted
  /home/user/BugsInPy/temp/projects/matplotlib/lib/matplotlib/axes/_base.py:3270: DeprecationWarning: In future, it will be an error for 'np.bool_' scalars to be interpreted as an index
    left, right = sorted([left, right], reverse=reverse)

-- Docs: https://docs.pytest.org/en/stable/how-to/capture-warnings.html
=========================== short test summary info ============================
FAILED lib/matplotlib/tests/test_axes.py::test_set_ticks_inverted - assert (0...
======================== 1 failed, 11 warnings in 0.75s ========================
/opt/conda/envs/96e55cef081ba1a7fa5bef32944f9ae7/lib/python3.8/site-packages/coverage/inorout.py:523: CoverageWarning: Module mpl_toolkits was previously imported, but not measured (module-not-measured)
  self.warn(msg, slug="module-not-measured")
