coverage run -m pytest tests/test_jsonable_encoder.py::test_encode_model_with_config
============================= test session starts ==============================
platform linux -- Python 3.8.3, pytest-5.4.3, py-1.8.1, pluggy-0.13.1
rootdir: /home/user/BugsInPy/temp/projects/fastapi
plugins: cov-2.9.0
collected 1 item

tests/test_jsonable_encoder.py F                                         [100%]

=================================== FAILURES ===================================
________________________ test_encode_model_with_config _________________________

    def test_encode_model_with_config():
        model = ModelWithConfig(role=RoleEnum.admin)
>       assert jsonable_encoder(model) == {"role": "admin"}

tests/test_jsonable_encoder.py:87: 
_ _ _ _ _ _ _ _ _ _ _ _ _ _ _ _ _ _ _ _ _ _ _ _ _ _ _ _ _ _ _ _ _ _ _ _ _ _ _ _ 

obj = <ModelWithConfig role='admin'>, include = None, exclude = set()
by_alias = False, include_none = True, custom_encoder = {}

    def jsonable_encoder(
        obj: Any,
        include: Set[str] = None,
        exclude: Set[str] = set(),
        by_alias: bool = False,
        include_none: bool = True,
        custom_encoder: dict = {},
    ) -> Any:
        if isinstance(obj, BaseModel):
>           if not obj.Config.json_encoders:
E           AttributeError: type object 'Config' has no attribute 'json_encoders'

fastapi/encoders.py:18: AttributeError
=============================== warnings summary ===============================
/opt/conda/envs/f25ec32b84fa2c9f65b9ad23b80f6958/lib/python3.8/site-packages/pydantic/version.py:5
  /opt/conda/envs/f25ec32b84fa2c9f65b9ad23b80f6958/lib/python3.8/site-packages/pydantic/version.py:5: DeprecationWarning: distutils Version classes are deprecated. Use packaging.version instead.
    VERSION = StrictVersion('0.18.2')

/opt/conda/envs/f25ec32b84fa2c9f65b9ad23b80f6958/lib/python3.8/site-packages/aiofiles/os.py:10
/opt/conda/envs/f25ec32b84fa2c9f65b9ad23b80f6958/lib/python3.8/site-packages/aiofiles/os.py:10
/opt/conda/envs/f25ec32b84fa2c9f65b9ad23b80f6958/lib/python3.8/site-packages/aiofiles/os.py:10
/opt/conda/envs/f25ec32b84fa2c9f65b9ad23b80f6958/lib/python3.8/site-packages/aiofiles/os.py:10
/opt/conda/envs/f25ec32b84fa2c9f65b9ad23b80f6958/lib/python3.8/site-packages/aiofiles/os.py:10
/opt/conda/envs/f25ec32b84fa2c9f65b9ad23b80f6958/lib/python3.8/site-packages/aiofiles/os.py:10
  /opt/conda/envs/f25ec32b84fa2c9f65b9ad23b80f6958/lib/python3.8/site-packages/aiofiles/os.py:10: DeprecationWarning: "@coroutine" decorator is deprecated since Python 3.8, use "async def" instead
    def run(*args, loop=None, executor=None, **kwargs):

-- Docs: https://docs.pytest.org/en/latest/warnings.html
=========================== short test summary info ============================
FAILED tests/test_jsonable_encoder.py::test_encode_model_with_config - Attrib...
======================== 1 failed, 7 warnings in 0.48s =========================
