coverage run -m unittest -q tests.test_item.ItemMetaTest.test_new_method_propagates_classcell
======================================================================
ERROR: test_new_method_propagates_classcell (tests.test_item.ItemMetaTest)
----------------------------------------------------------------------
Traceback (most recent call last):
  File "/home/user/BugsInPy/temp/projects/scrapy/tests/test_item.py", line 261, in test_new_method_propagates_classcell
    class MyItem(Item):
TypeError: __class__ set to <class 'tests.test_item.ItemMetaTest.test_new_method_propagates_classcell.<locals>.MyItem'> defining 'MyItem' as <class 'tests.test_item.MyItem'>

----------------------------------------------------------------------
Ran 1 test in 0.001s

FAILED (errors=1)

coverage run -m unittest -q tests.test_item.ItemMetaClassCellRegression.test_item_meta_classcell_regression
======================================================================
ERROR: test_item_meta_classcell_regression (tests.test_item.ItemMetaClassCellRegression)
----------------------------------------------------------------------
Traceback (most recent call last):
  File "/home/user/BugsInPy/temp/projects/scrapy/tests/test_item.py", line 288, in test_item_meta_classcell_regression
    class MyItem(six.with_metaclass(ItemMeta, Item)):
TypeError: __class__ set to <class 'tests.test_item.ItemMetaClassCellRegression.test_item_meta_classcell_regression.<locals>.MyItem'> defining 'MyItem' as <class 'tests.test_item.MyItem'>

----------------------------------------------------------------------
Ran 1 test in 0.000s

FAILED (errors=1)
