coverage run -m pytest pandas/tests/groupby/test_size.py::test_size_period_index
============================= test session starts ==============================
platform linux -- Python 3.8.3, pytest-5.4.2, py-1.8.1, pluggy-0.13.1
rootdir: /home/user/BugsInPy/temp/projects/pandas, inifile: setup.cfg
plugins: hypothesis-5.15.1
collected 1 item

pandas/tests/groupby/test_size.py F                                      [100%]

=================================== FAILURES ===================================
____________________________ test_size_period_index ____________________________

    def test_size_period_index():
        # https://github.com/pandas-dev/pandas/issues/34010
        ser = Series([1], index=PeriodIndex(["2000"], name="A", freq="D"))
>       grp = ser.groupby(level="A")

pandas/tests/groupby/test_size.py:44: 
_ _ _ _ _ _ _ _ _ _ _ _ _ _ _ _ _ _ _ _ _ _ _ _ _ _ _ _ _ _ _ _ _ _ _ _ _ _ _ _ 
pandas/core/series.py:1655: in groupby
    return SeriesGroupBy(
pandas/core/groupby/groupby.py:522: in __init__
    grouper, exclusions, obj = get_grouper(
pandas/core/groupby/grouper.py:762: in get_grouper
    if is_in_obj(gpr):  # df.groupby(df['name'])
pandas/core/groupby/grouper.py:756: in is_in_obj
    return gpr is obj[gpr.name]
pandas/core/series.py:878: in __getitem__
    return self._get_value(key)
pandas/core/series.py:991: in _get_value
    loc = self.index.get_loc(label)
pandas/core/indexes/period.py:499: in get_loc
    asdt, reso = parse_time_string(key, self.freq)
pandas/_libs/tslibs/parsing.pyx:281: in pandas._libs.tslibs.parsing.parse_time_string
    res = parse_datetime_string_with_reso(arg, freq=freq,
_ _ _ _ _ _ _ _ _ _ _ _ _ _ _ _ _ _ _ _ _ _ _ _ _ _ _ _ _ _ _ _ _ _ _ _ _ _ _ _ 

>   raise ValueError('Given date string not likely a datetime.')
E   ValueError: Given date string not likely a datetime.

pandas/_libs/tslibs/parsing.pyx:308: ValueError
=========================== short test summary info ============================
FAILED pandas/tests/groupby/test_size.py::test_size_period_index - ValueError...
============================== 1 failed in 0.34s ===============================
