coverage run -m unittest -q tests.test_utils_datatypes.LocalCacheTest.test_cache_without_limit
======================================================================
ERROR: test_cache_without_limit (tests.test_utils_datatypes.LocalCacheTest)
----------------------------------------------------------------------
Traceback (most recent call last):
  File "/home/user/BugsInPy/temp/projects/scrapy/tests/test_utils_datatypes.py", line 264, in test_cache_without_limit
    cache[str(x)] = x
  File "/home/user/BugsInPy/temp/projects/scrapy/scrapy/utils/datatypes.py", line 318, in __setitem__
    while len(self) >= self.limit:
TypeError: '>=' not supported between instances of 'int' and 'NoneType'

----------------------------------------------------------------------
Ran 1 test in 0.000s

FAILED (errors=1)
