coverage run -m pytest tests/rules/test_git_push.py::test_get_new_command
============================= test session starts ==============================
platform linux -- Python 3.7.0, pytest-3.10.1, py-1.8.1, pluggy-0.13.1
benchmark: 3.2.3 (defaults: timer=time.perf_counter disable_gc=False min_rounds=5 min_time=0.000005 max_time=1.0 calibration_precision=10 warmup=False warmup_iterations=100000)
rootdir: /home/user/BugsInPy/temp/projects/thefuck, inifile:
plugins: benchmark-3.2.3, mock-3.1.0, docker-pexpect-0.9
collected 1 item

tests/rules/test_git_push.py F                                           [100%]

=================================== FAILURES ===================================
_____________________________ test_get_new_command _____________________________

stderr = 'fatal: The current branch master has no upstream branch.\nTo push the current branch and set the remote as upstream, use\n\n    git push --set-upstream origin master\n\n'

    def test_get_new_command(stderr):
        assert get_new_command(Command('git push', stderr=stderr))\
            == "git push --set-upstream origin master"
>       assert get_new_command(Command('git push -u origin', stderr=stderr))\
            == "git push --set-upstream origin master"
E       AssertionError: assert 'git push --s...ter -u origin' == 'git push --se...origin master'
E         - git push --set-upstream origin master -u origin
E         ?                                      ----------
E         + git push --set-upstream origin master

tests/rules/test_git_push.py:26: AssertionError
=========================== 1 failed in 0.07 seconds ===========================
