coverage run -m unittest -q test.test_utils.TestUtil.test_uppercase_escpae
======================================================================
ERROR: test_uppercase_escpae (test.test_utils.TestUtil)
----------------------------------------------------------------------
Traceback (most recent call last):
  File "/home/user/BugsInPy/temp/projects/youtube-dl/test/test_utils.py", line 285, in test_uppercase_escpae
    self.assertEqual(uppercase_escape(u'\\U0001d550'), u'ùïê')
  File "/home/user/BugsInPy/temp/projects/youtube-dl/youtube_dl/utils.py", line 1268, in uppercase_escape
    lambda m: m.group(0).decode('unicode-escape'), s)
  File "/opt/conda/envs/7c82e6e79bef089fa6b92454d0dfbaa4/lib/python3.7/re.py", line 192, in sub
    return _compile(pattern, flags).sub(repl, string, count)
  File "/home/user/BugsInPy/temp/projects/youtube-dl/youtube_dl/utils.py", line 1268, in <lambda>
    lambda m: m.group(0).decode('unicode-escape'), s)
AttributeError: 'str' object has no attribute 'decode'

----------------------------------------------------------------------
Ran 1 test in 0.001s

FAILED (errors=1)
