coverage run -m unittest -q tests.test_black.BlackTestCase.test_get_future_imports
======================================================================
FAIL: test_get_future_imports (tests.test_black.BlackTestCase)
----------------------------------------------------------------------
Traceback (most recent call last):
  File "/home/user/BugsInPy/temp/projects/black/tests/test_black.py", line 741, in test_get_future_imports
    self.assertEqual({"unicode_literals"}, black.get_future_imports(node))
  File "/home/user/BugsInPy/temp/projects/black/black.py", line 2937, in get_future_imports
    assert import_from_child.type == syms.import_as_names
AssertionError

----------------------------------------------------------------------
Ran 1 test in 0.005s

FAILED (failures=1)
