coverage run -m pytest pandas/tests/dtypes/test_dtypes.py::TestDatetimeTZDtype::test_construct_from_string_raises
============================= test session starts ==============================
platform linux -- Python 3.8.3, pytest-5.4.3, py-1.8.1, pluggy-0.13.1
rootdir: /home/user/BugsInPy/temp/projects/pandas, inifile: setup.cfg
plugins: hypothesis-5.16.0
collected 1 item

pandas/tests/dtypes/test_dtypes.py F                                     [100%]

=================================== FAILURES ===================================
____________ TestDatetimeTZDtype.test_construct_from_string_raises _____________

self = <pandas.tests.dtypes.test_dtypes.TestDatetimeTZDtype object at 0x7fc1c55d4220>

    def test_construct_from_string_raises(self):
        with pytest.raises(TypeError, match="notatz"):
            DatetimeTZDtype.construct_from_string("datetime64[ns, notatz]")
    
        msg = "^Could not construct DatetimeTZDtype"
        with pytest.raises(TypeError, match=msg):
            # list instead of string
            DatetimeTZDtype.construct_from_string(["datetime64[ns, notatz]"])
    
        with pytest.raises(TypeError, match=msg):
            # non-nano unit
            DatetimeTZDtype.construct_from_string("datetime64[ps, UTC]")
    
        with pytest.raises(TypeError, match=msg):
            # dateutil str that returns None from gettz
>           DatetimeTZDtype.construct_from_string("datetime64[ns, dateutil/invalid]")
E           Failed: DID NOT RAISE <class 'TypeError'>

pandas/tests/dtypes/test_dtypes.py:262: Failed
=========================== short test summary info ============================
FAILED pandas/tests/dtypes/test_dtypes.py::TestDatetimeTZDtype::test_construct_from_string_raises
============================== 1 failed in 0.53s ===============================
