coverage run -m unittest -q tests.test_exporters.PythonItemExporterTest.test_other_python_types_item
======================================================================
ERROR: test_other_python_types_item (tests.test_exporters.PythonItemExporterTest)
----------------------------------------------------------------------
Traceback (most recent call last):
  File "/home/user/BugsInPy/temp/projects/scrapy/tests/test_exporters.py", line 147, in test_other_python_types_item
    exported = ie.export_item(item)
  File "/home/user/BugsInPy/temp/projects/scrapy/scrapy/exporters.py", line 287, in export_item
    result = dict(self._get_serialized_fields(item))
  File "/home/user/BugsInPy/temp/projects/scrapy/scrapy/exporters.py", line 75, in _get_serialized_fields
    value = self.serialize_field(field, field_name, item[field_name])
  File "/home/user/BugsInPy/temp/projects/scrapy/scrapy/exporters.py", line 267, in serialize_field
    return serializer(value)
  File "/home/user/BugsInPy/temp/projects/scrapy/scrapy/exporters.py", line 279, in _serialize_value
    return to_unicode(value, encoding=self.encoding)
  File "/home/user/BugsInPy/temp/projects/scrapy/scrapy/utils/python.py", line 103, in to_unicode
    raise TypeError('to_unicode must receive a bytes, str or unicode '
TypeError: to_unicode must receive a bytes, str or unicode object, got bool

----------------------------------------------------------------------
Ran 1 test in 0.000s

FAILED (errors=1)
