coverage run -m pytest lib/matplotlib/tests/test_axes.py::test_invisible_axes
============================= test session starts ==============================
platform linux -- Python 3.8.1, pytest-7.4.0, pluggy-1.0.0
rootdir: /home/user/BugsInPy/temp/projects/matplotlib
configfile: pytest.ini
collected 1 item

lib/matplotlib/tests/test_axes.py F                                      [100%]

=================================== FAILURES ===================================
_____________________________ test_invisible_axes ______________________________

    def test_invisible_axes():
        # invisible axes should not respond to events...
        fig, ax = plt.subplots()
        assert fig.canvas.inaxes((200, 200)) is not None
        ax.set_visible(False)
>       assert fig.canvas.inaxes((200, 200)) is None
E       assert <matplotlib.axes._subplots.AxesSubplot object at 0x7fc55fa7b8b0> is None
E        +  where <matplotlib.axes._subplots.AxesSubplot object at 0x7fc55fa7b8b0> = <bound method FigureCanvasBase.inaxes of <matplotlib.backends.backend_agg.FigureCanvasAgg object at 0x7fc55fa7b100>>((200, 200))
E        +    where <bound method FigureCanvasBase.inaxes of <matplotlib.backends.backend_agg.FigureCanvasAgg object at 0x7fc55fa7b100>> = <matplotlib.backends.backend_agg.FigureCanvasAgg object at 0x7fc55fa7b100>.inaxes
E        +      where <matplotlib.backends.backend_agg.FigureCanvasAgg object at 0x7fc55fa7b100> = <Figure size 640x480 with 1 Axes>.canvas

lib/matplotlib/tests/test_axes.py:6636: AssertionError
------------------------------ Captured log setup ------------------------------
WARNING  matplotlib.testing:__init__.py:41 Could not set locale to English/United States. Some date-related tests may fail.
=============================== warnings summary ===============================
lib/matplotlib/__init__.py:201
lib/matplotlib/__init__.py:201
lib/matplotlib/__init__.py:201
lib/matplotlib/__init__.py:201
lib/matplotlib/__init__.py:201
  /home/user/BugsInPy/temp/projects/matplotlib/lib/matplotlib/__init__.py:201: DeprecationWarning: distutils Version classes are deprecated. Use packaging.version instead.
    if LooseVersion(module.__version__) < minver:

../../../../../../opt/conda/envs/96e55cef081ba1a7fa5bef32944f9ae7/lib/python3.8/site-packages/setuptools/_distutils/version.py:345
../../../../../../opt/conda/envs/96e55cef081ba1a7fa5bef32944f9ae7/lib/python3.8/site-packages/setuptools/_distutils/version.py:345
../../../../../../opt/conda/envs/96e55cef081ba1a7fa5bef32944f9ae7/lib/python3.8/site-packages/setuptools/_distutils/version.py:345
../../../../../../opt/conda/envs/96e55cef081ba1a7fa5bef32944f9ae7/lib/python3.8/site-packages/setuptools/_distutils/version.py:345
../../../../../../opt/conda/envs/96e55cef081ba1a7fa5bef32944f9ae7/lib/python3.8/site-packages/setuptools/_distutils/version.py:345
  /opt/conda/envs/96e55cef081ba1a7fa5bef32944f9ae7/lib/python3.8/site-packages/setuptools/_distutils/version.py:345: DeprecationWarning: distutils Version classes are deprecated. Use packaging.version instead.
    other = LooseVersion(other)

-- Docs: https://docs.pytest.org/en/stable/how-to/capture-warnings.html
=========================== short test summary info ============================
FAILED lib/matplotlib/tests/test_axes.py::test_invisible_axes - assert <matpl...
======================== 1 failed, 10 warnings in 0.59s ========================
/home/user/BugsInPy/temp/projects/matplotlib/lib/matplotlib/backend_bases.py:59: DeprecationWarning: distutils Version classes are deprecated. Use packaging.version instead.
  if LooseVersion(PILLOW_VERSION) >= "3.4":
/opt/conda/envs/96e55cef081ba1a7fa5bef32944f9ae7/lib/python3.8/site-packages/setuptools/_distutils/version.py:345: DeprecationWarning: distutils Version classes are deprecated. Use packaging.version instead.
  other = LooseVersion(other)
/opt/conda/envs/96e55cef081ba1a7fa5bef32944f9ae7/lib/python3.8/site-packages/coverage/inorout.py:523: CoverageWarning: Module mpl_toolkits was previously imported, but not measured (module-not-measured)
  self.warn(msg, slug="module-not-measured")
