coverage run -m unittest -q tests.test_utils_response.ResponseUtilsTest.test_response_status_message
======================================================================
ERROR: test_response_status_message (tests.test_utils_response.ResponseUtilsTest)
----------------------------------------------------------------------
Traceback (most recent call last):
  File "/home/user/BugsInPy/temp/projects/scrapy/tests/test_utils_response.py", line 85, in test_response_status_message
    self.assertEqual(response_status_message(573), "573 Unknown Status")
  File "/home/user/BugsInPy/temp/projects/scrapy/scrapy/utils/response.py", line 57, in response_status_message
    return '%s %s' % (status, to_native_str(http.RESPONSES.get(int(status))))
  File "/home/user/BugsInPy/temp/projects/scrapy/scrapy/utils/python.py", line 129, in to_native_str
    return to_unicode(text, encoding, errors)
  File "/home/user/BugsInPy/temp/projects/scrapy/scrapy/utils/python.py", line 103, in to_unicode
    raise TypeError('to_unicode must receive a bytes, str or unicode '
TypeError: to_unicode must receive a bytes, str or unicode object, got NoneType

----------------------------------------------------------------------
Ran 1 test in 0.000s

FAILED (errors=1)
