coverage run -m pytest pandas/tests/series/indexing/test_getitem.py::TestSeriesGetitemListLike::test_getitem_no_matches
============================= test session starts ==============================
platform linux -- Python 3.8.3, pytest-5.4.2, py-1.8.1, pluggy-0.13.1
rootdir: /home/user/BugsInPy/temp/projects/pandas, inifile: setup.cfg
plugins: hypothesis-5.15.1
collected 4 items

pandas/tests/series/indexing/test_getitem.py .FFF                        [100%]

=================================== FAILURES ===================================
___________ TestSeriesGetitemListLike.test_getitem_no_matches[array] ___________

self = <pandas.tests.series.indexing.test_getitem.TestSeriesGetitemListLike object at 0x7f9dc0dc97f0>
box = <built-in function array>

    @pytest.mark.parametrize("box", [list, np.array, pd.Index, pd.Series])
    def test_getitem_no_matches(self, box):
        # GH#33462 we expect the same behavior for list/ndarray/Index/Series
        ser = Series(["A", "B"])
    
        key = Series(["C"], dtype=object)
        key = box(key)
    
        msg = r"None of \[Index\(\['C'\], dtype='object'\)\] are in the \[index\]"
        with pytest.raises(KeyError, match=msg):
>           ser[key]
E           Failed: DID NOT RAISE <class 'KeyError'>

pandas/tests/series/indexing/test_getitem.py:91: Failed
___________ TestSeriesGetitemListLike.test_getitem_no_matches[Index] ___________

self = <pandas.tests.series.indexing.test_getitem.TestSeriesGetitemListLike object at 0x7f9dacee18e0>
box = <class 'pandas.core.indexes.base.Index'>

    @pytest.mark.parametrize("box", [list, np.array, pd.Index, pd.Series])
    def test_getitem_no_matches(self, box):
        # GH#33462 we expect the same behavior for list/ndarray/Index/Series
        ser = Series(["A", "B"])
    
        key = Series(["C"], dtype=object)
        key = box(key)
    
        msg = r"None of \[Index\(\['C'\], dtype='object'\)\] are in the \[index\]"
        with pytest.raises(KeyError, match=msg):
>           ser[key]
E           Failed: DID NOT RAISE <class 'KeyError'>

pandas/tests/series/indexing/test_getitem.py:91: Failed
__________ TestSeriesGetitemListLike.test_getitem_no_matches[Series] ___________

self = <pandas.tests.series.indexing.test_getitem.TestSeriesGetitemListLike object at 0x7f9dace6d130>
box = <class 'pandas.core.series.Series'>

    @pytest.mark.parametrize("box", [list, np.array, pd.Index, pd.Series])
    def test_getitem_no_matches(self, box):
        # GH#33462 we expect the same behavior for list/ndarray/Index/Series
        ser = Series(["A", "B"])
    
        key = Series(["C"], dtype=object)
        key = box(key)
    
        msg = r"None of \[Index\(\['C'\], dtype='object'\)\] are in the \[index\]"
        with pytest.raises(KeyError, match=msg):
>           ser[key]
E           Failed: DID NOT RAISE <class 'KeyError'>

pandas/tests/series/indexing/test_getitem.py:91: Failed
=========================== short test summary info ============================
FAILED pandas/tests/series/indexing/test_getitem.py::TestSeriesGetitemListLike::test_getitem_no_matches[array]
FAILED pandas/tests/series/indexing/test_getitem.py::TestSeriesGetitemListLike::test_getitem_no_matches[Index]
FAILED pandas/tests/series/indexing/test_getitem.py::TestSeriesGetitemListLike::test_getitem_no_matches[Series]
========================= 3 failed, 1 passed in 0.18s ==========================
