coverage run -m pytest tests/test_additional_responses_router.py::test_openapi_schema
============================= test session starts ==============================
platform linux -- Python 3.8.3, pytest-5.4.3, py-1.8.1, pluggy-0.13.1
rootdir: /home/user/BugsInPy/temp/projects/fastapi
plugins: cov-2.9.0
collected 1 item

tests/test_additional_responses_router.py F                              [100%]

=================================== FAILURES ===================================
_____________________________ test_openapi_schema ______________________________

    def test_openapi_schema():
        response = client.get("/openapi.json")
        assert response.status_code == 200
>       assert response.json() == openapi_schema
E       AssertionError: assert {'info': {'ti...': 'C Get'}}}} == {'info': {'ti...': 'C Get'}}}}
E         Omitting 2 identical items, use -vv to show
E         Differing items:
E         {'paths': {'/a': {'get': {'operationId': 'a_a_get', 'responses': {'200': {'content': {...}, 'description': 'Successful...: 'Successful Response'}, '501': {'description': 'Error 3'}, '502': {'description': 'Error 2'}}, 'summary': 'C Get'}}}} != {'paths': {'/a': {'get': {'operationId': 'a_a_get', 'responses': {'200': {'content': {...}, 'description': 'Successful...': {'content': {...}, 'description': 'Successful Response'}, '501': {'description': 'Error 3'}}, 'summary': 'C Get'}}}}
E         Use -v to get the full diff

tests/test_additional_responses_router.py:77: AssertionError
=============================== warnings summary ===============================
/opt/conda/envs/235ca55b977721137e676add71d64e98/lib/python3.8/site-packages/pydantic/version.py:5
  /opt/conda/envs/235ca55b977721137e676add71d64e98/lib/python3.8/site-packages/pydantic/version.py:5: DeprecationWarning: distutils Version classes are deprecated. Use packaging.version instead.
    VERSION = StrictVersion('0.26')

/opt/conda/envs/235ca55b977721137e676add71d64e98/lib/python3.8/site-packages/aiofiles/os.py:10
/opt/conda/envs/235ca55b977721137e676add71d64e98/lib/python3.8/site-packages/aiofiles/os.py:10
/opt/conda/envs/235ca55b977721137e676add71d64e98/lib/python3.8/site-packages/aiofiles/os.py:10
/opt/conda/envs/235ca55b977721137e676add71d64e98/lib/python3.8/site-packages/aiofiles/os.py:10
/opt/conda/envs/235ca55b977721137e676add71d64e98/lib/python3.8/site-packages/aiofiles/os.py:10
/opt/conda/envs/235ca55b977721137e676add71d64e98/lib/python3.8/site-packages/aiofiles/os.py:10
  /opt/conda/envs/235ca55b977721137e676add71d64e98/lib/python3.8/site-packages/aiofiles/os.py:10: DeprecationWarning: "@coroutine" decorator is deprecated since Python 3.8, use "async def" instead
    def run(*args, loop=None, executor=None, **kwargs):

-- Docs: https://docs.pytest.org/en/latest/warnings.html
=========================== short test summary info ============================
FAILED tests/test_additional_responses_router.py::test_openapi_schema - Asser...
======================== 1 failed, 7 warnings in 0.56s =========================
