coverage run -m pytest pandas/tests/reshape/test_concat.py::test_concat_copy_index
============================= test session starts ==============================
platform linux -- Python 3.8.3, pytest-5.4.3, py-1.8.1, pluggy-0.13.1
rootdir: /home/user/BugsInPy/temp/projects/pandas, inifile: setup.cfg
plugins: hypothesis-5.16.0
collected 8 items

pandas/tests/reshape/test_concat.py .FFF.FFF                             [100%]

=================================== FAILURES ===================================
_____________________ test_concat_copy_index[axis 0-False] _____________________

test_series = False, axis = 0

    @pytest.mark.parametrize("test_series", [True, False])
    def test_concat_copy_index(test_series, axis):
        # GH 29879
        if test_series:
            ser = Series([1, 2])
            comb = concat([ser, ser], axis=axis, copy=True)
            assert comb.index is not ser.index
        else:
            df = DataFrame([[1, 2], [3, 4]], columns=["a", "b"])
            comb = concat([df, df], axis=axis, copy=True)
            assert comb.index is not df.index
>           assert comb.columns is not df.columns
E           AssertionError: assert Index(['a', 'b'], dtype='object') is not Index(['a', 'b'], dtype='object')
E            +  where Index(['a', 'b'], dtype='object') =    a  b\n0  1  2\n1  3  4\n0  1  2\n1  3  4.columns
E            +  and   Index(['a', 'b'], dtype='object') =    a  b\n0  1  2\n1  3  4.columns

pandas/tests/reshape/test_concat.py:2766: AssertionError
_____________________ test_concat_copy_index[axis 1-True] ______________________

test_series = True, axis = 1

    @pytest.mark.parametrize("test_series", [True, False])
    def test_concat_copy_index(test_series, axis):
        # GH 29879
        if test_series:
            ser = Series([1, 2])
            comb = concat([ser, ser], axis=axis, copy=True)
>           assert comb.index is not ser.index
E           assert RangeIndex(start=0, stop=2, step=1) is not RangeIndex(start=0, stop=2, step=1)
E            +  where RangeIndex(start=0, stop=2, step=1) =    0  1\n0  1  1\n1  2  2.index
E            +  and   RangeIndex(start=0, stop=2, step=1) = 0    1\n1    2\ndtype: int64.index

pandas/tests/reshape/test_concat.py:2761: AssertionError
_____________________ test_concat_copy_index[axis 1-False] _____________________

test_series = False, axis = 1

    @pytest.mark.parametrize("test_series", [True, False])
    def test_concat_copy_index(test_series, axis):
        # GH 29879
        if test_series:
            ser = Series([1, 2])
            comb = concat([ser, ser], axis=axis, copy=True)
            assert comb.index is not ser.index
        else:
            df = DataFrame([[1, 2], [3, 4]], columns=["a", "b"])
            comb = concat([df, df], axis=axis, copy=True)
>           assert comb.index is not df.index
E           assert RangeIndex(start=0, stop=2, step=1) is not RangeIndex(start=0, stop=2, step=1)
E            +  where RangeIndex(start=0, stop=2, step=1) =    a  b  a  b\n0  1  2  1  2\n1  3  4  3  4.index
E            +  and   RangeIndex(start=0, stop=2, step=1) =    a  b\n0  1  2\n1  3  4.index

pandas/tests/reshape/test_concat.py:2765: AssertionError
__________________ test_concat_copy_index[axis 'index'-False] __________________

test_series = False, axis = 'index'

    @pytest.mark.parametrize("test_series", [True, False])
    def test_concat_copy_index(test_series, axis):
        # GH 29879
        if test_series:
            ser = Series([1, 2])
            comb = concat([ser, ser], axis=axis, copy=True)
            assert comb.index is not ser.index
        else:
            df = DataFrame([[1, 2], [3, 4]], columns=["a", "b"])
            comb = concat([df, df], axis=axis, copy=True)
            assert comb.index is not df.index
>           assert comb.columns is not df.columns
E           AssertionError: assert Index(['a', 'b'], dtype='object') is not Index(['a', 'b'], dtype='object')
E            +  where Index(['a', 'b'], dtype='object') =    a  b\n0  1  2\n1  3  4\n0  1  2\n1  3  4.columns
E            +  and   Index(['a', 'b'], dtype='object') =    a  b\n0  1  2\n1  3  4.columns

pandas/tests/reshape/test_concat.py:2766: AssertionError
_________________ test_concat_copy_index[axis 'columns'-True] __________________

test_series = True, axis = 'columns'

    @pytest.mark.parametrize("test_series", [True, False])
    def test_concat_copy_index(test_series, axis):
        # GH 29879
        if test_series:
            ser = Series([1, 2])
            comb = concat([ser, ser], axis=axis, copy=True)
>           assert comb.index is not ser.index
E           assert RangeIndex(start=0, stop=2, step=1) is not RangeIndex(start=0, stop=2, step=1)
E            +  where RangeIndex(start=0, stop=2, step=1) =    0  1\n0  1  1\n1  2  2.index
E            +  and   RangeIndex(start=0, stop=2, step=1) = 0    1\n1    2\ndtype: int64.index

pandas/tests/reshape/test_concat.py:2761: AssertionError
_________________ test_concat_copy_index[axis 'columns'-False] _________________

test_series = False, axis = 'columns'

    @pytest.mark.parametrize("test_series", [True, False])
    def test_concat_copy_index(test_series, axis):
        # GH 29879
        if test_series:
            ser = Series([1, 2])
            comb = concat([ser, ser], axis=axis, copy=True)
            assert comb.index is not ser.index
        else:
            df = DataFrame([[1, 2], [3, 4]], columns=["a", "b"])
            comb = concat([df, df], axis=axis, copy=True)
>           assert comb.index is not df.index
E           assert RangeIndex(start=0, stop=2, step=1) is not RangeIndex(start=0, stop=2, step=1)
E            +  where RangeIndex(start=0, stop=2, step=1) =    a  b  a  b\n0  1  2  1  2\n1  3  4  3  4.index
E            +  and   RangeIndex(start=0, stop=2, step=1) =    a  b\n0  1  2\n1  3  4.index

pandas/tests/reshape/test_concat.py:2765: AssertionError
=========================== short test summary info ============================
FAILED pandas/tests/reshape/test_concat.py::test_concat_copy_index[axis 0-False]
FAILED pandas/tests/reshape/test_concat.py::test_concat_copy_index[axis 1-True]
FAILED pandas/tests/reshape/test_concat.py::test_concat_copy_index[axis 1-False]
FAILED pandas/tests/reshape/test_concat.py::test_concat_copy_index[axis 'index'-False]
FAILED pandas/tests/reshape/test_concat.py::test_concat_copy_index[axis 'columns'-True]
FAILED pandas/tests/reshape/test_concat.py::test_concat_copy_index[axis 'columns'-False]
========================= 6 failed, 2 passed in 1.61s ==========================
