coverage run -m pytest pandas/tests/indexing/test_iloc.py::TestiLoc2::test_is_scalar_access
============================= test session starts ==============================
platform linux -- Python 3.8.3, pytest-5.4.2, py-1.8.1, pluggy-0.13.1
rootdir: /home/user/BugsInPy/temp/projects/pandas, inifile: setup.cfg
plugins: hypothesis-5.15.1
collected 1 item

pandas/tests/indexing/test_iloc.py F                                     [100%]

=================================== FAILURES ===================================
_______________________ TestiLoc2.test_is_scalar_access ________________________

self = <pandas.tests.indexing.test_iloc.TestiLoc2 object at 0x7f8ddd19e160>

    def test_is_scalar_access(self):
        # GH#32085 index with duplicates doesnt matter for _is_scalar_access
        index = pd.Index([1, 2, 1])
        ser = pd.Series(range(3), index=index)
    
>       assert ser.iloc._is_scalar_access((1,))
E       assert False
E        +  where False = <bound method _iLocIndexer._is_scalar_access of <pandas.core.indexing._iLocIndexer object at 0x7f8ddd179680>>((1,))
E        +    where <bound method _iLocIndexer._is_scalar_access of <pandas.core.indexing._iLocIndexer object at 0x7f8ddd179680>> = <pandas.core.indexing._iLocIndexer object at 0x7f8ddd179680>._is_scalar_access
E        +      where <pandas.core.indexing._iLocIndexer object at 0x7f8ddd179680> = 1    0\n2    1\n1    2\ndtype: int64.iloc

pandas/tests/indexing/test_iloc.py:56: AssertionError
=========================== short test summary info ============================
FAILED pandas/tests/indexing/test_iloc.py::TestiLoc2::test_is_scalar_access
============================== 1 failed in 0.21s ===============================
