coverage run -m pytest tests/test_ws_router.py::test_router_ws_depends_with_override
============================= test session starts ==============================
platform linux -- Python 3.8.3, pytest-5.4.3, py-1.8.1, pluggy-0.13.1
rootdir: /home/user/BugsInPy/temp/projects/fastapi
plugins: cov-2.9.0
collected 1 item

tests/test_ws_router.py F                                                [100%]

=================================== FAILURES ===================================
_____________________ test_router_ws_depends_with_override _____________________

    def test_router_ws_depends_with_override():
        client = TestClient(app)
        app.dependency_overrides[ws_dependency] = lambda: "Override"
        with client.websocket_connect("/router-ws-depends/") as websocket:
>           assert websocket.receive_text() == "Override"
E           AssertionError: assert 'Socket Dependency' == 'Override'
E             - Override
E             + Socket Dependency

tests/test_ws_router.py:92: AssertionError
=============================== warnings summary ===============================
/opt/conda/envs/6d77396cd44c7df1384dad69b48c4335/lib/python3.8/site-packages/aiofiles/os.py:10
/opt/conda/envs/6d77396cd44c7df1384dad69b48c4335/lib/python3.8/site-packages/aiofiles/os.py:10
/opt/conda/envs/6d77396cd44c7df1384dad69b48c4335/lib/python3.8/site-packages/aiofiles/os.py:10
/opt/conda/envs/6d77396cd44c7df1384dad69b48c4335/lib/python3.8/site-packages/aiofiles/os.py:10
/opt/conda/envs/6d77396cd44c7df1384dad69b48c4335/lib/python3.8/site-packages/aiofiles/os.py:10
/opt/conda/envs/6d77396cd44c7df1384dad69b48c4335/lib/python3.8/site-packages/aiofiles/os.py:10
  /opt/conda/envs/6d77396cd44c7df1384dad69b48c4335/lib/python3.8/site-packages/aiofiles/os.py:10: DeprecationWarning: "@coroutine" decorator is deprecated since Python 3.8, use "async def" instead
    def run(*args, loop=None, executor=None, **kwargs):

-- Docs: https://docs.pytest.org/en/latest/warnings.html
=========================== short test summary info ============================
FAILED tests/test_ws_router.py::test_router_ws_depends_with_override - Assert...
======================== 1 failed, 6 warnings in 0.52s =========================
